<?xml version="1.0" encoding="utf-8"?><testsuites name="pytest tests"><testsuite name="pytest" errors="0" failures="0" skipped="0" tests="17" time="5.720" timestamp="2026-05-26T17:31:51.738802+00:00" hostname="agent-env-c96e2a2b-96df-4a82-9955-e17344a1759a"><testcase classname="backend.tests.test_assistant_iter223.TestAssistantStats" name="test_stats_shape" time="0.135" /><testcase classname="backend.tests.test_assistant_iter223.TestAssistantTools" name="test_list_all_tools" time="0.045" /><testcase classname="backend.tests.test_assistant_iter223.TestAssistantTools" name="test_filter_by_firewall_agent" time="0.050" /><testcase classname="backend.tests.test_assistant_iter223.TestAssistantTools" name="test_filter_by_finance_agent" time="0.048" /><testcase classname="backend.tests.test_assistant_iter223.TestAssistantTools" name="test_filter_by_workshop_agent" time="0.047" /><testcase classname="backend.tests.test_assistant_iter223.TestDirectToolCall" name="test_finance_ar_summary" time="2.120" /><testcase classname="backend.tests.test_assistant_iter223.TestDirectToolCall" name="test_firewall_health_score" time="0.062" /><testcase classname="backend.tests.test_assistant_iter223.TestDirectToolCall" name="test_firewall_top_alerts" time="0.053" /><testcase classname="backend.tests.test_assistant_iter223.TestDirectToolCall" name="test_unknown_tool_returns_error" time="0.055" /><testcase classname="backend.tests.test_assistant_iter223.TestAssistantChat" name="test_chat_health_score_intent" time="0.058" /><testcase classname="backend.tests.test_assistant_iter223.TestAssistantChat" name="test_chat_top_alerts_intent" time="0.082" /><testcase classname="backend.tests.test_assistant_iter223.TestAssistantChat" name="test_chat_ar_intent" time="2.043" /><testcase classname="backend.tests.test_assistant_iter223.TestAssistantChat" name="test_chat_missing_message_returns_400" time="0.050" /><testcase classname="backend.tests.test_assistant_iter223.TestSessionPersistence" name="test_create_session_and_retrieve" time="0.103" /><testcase classname="backend.tests.test_assistant_iter223.TestAlertBus" name="test_alerts_populated_after_firewall_dashboard" time="0.599" /><testcase classname="backend.tests.test_assistant_iter223.TestAlertBus" name="test_alerts_filter_severity" time="0.048" /><testcase classname="backend.tests.test_assistant_iter223.TestFirewallRegression" name="test_firewall_dashboard" time="0.051" /></testsuite></testsuites>