<?xml version="1.0" encoding="utf-8"?><testsuites name="pytest tests"><testsuite name="pytest" errors="0" failures="0" skipped="0" tests="4" time="4.736" timestamp="2026-07-20T19:39:45.558652+00:00" hostname="agent-env-811c6461-aa79-4e10-8068-5f0ff22fa4b2"><testcase classname="backend.tests.test_iter263_quick_print_preview" name="test_profile_and_settings_are_accessible_after_login" time="1.886" /><testcase classname="backend.tests.test_iter263_quick_print_preview" name="test_dashboard_summaries_endpoint_returns_data_for_existing_vehicles" time="2.571" /><testcase classname="backend.tests.test_iter263_quick_print_preview" name="test_invoice_document_generation_contains_workshop_and_context" time="0.105" /><testcase classname="backend.tests.test_iter263_quick_print_preview" name="test_diagnosis_document_generation_contains_workshop_and_vehicle_context" time="0.082" /></testsuite></testsuites>