<?xml version="1.0" encoding="utf-8"?><testsuites name="pytest tests"><testsuite name="pytest" errors="0" failures="1" skipped="0" tests="3" time="1.845" timestamp="2026-07-23T22:13:18.233812+00:00" hostname="agent-env-6b93bbe2-fbde-46d0-8626-01d7b328c720"><testcase classname="backend.tests.test_iter294_template_tbody_print_contract" name="test_templates_registry_singleton_primary" time="1.647" /><testcase classname="backend.tests.test_iter294_template_tbody_print_contract" name="test_use_keeps_items_rows_placeholder_inside_tbody" time="0.052"><failure message="AssertionError: ITEMS_ROWS placeholder missing from /use content&#10;assert -1 != -1">backend/tests/test_iter294_template_tbody_print_contract.py:97: in test_use_keeps_items_rows_placeholder_inside_tbody
    assert candidate_pos != -1, "ITEMS_ROWS placeholder missing from /use content"
E   AssertionError: ITEMS_ROWS placeholder missing from /use content
E   assert -1 != -1</failure></testcase><testcase classname="backend.tests.test_iter294_template_tbody_print_contract" name="test_use_contains_customer_workshop_approvals_and_seal" time="0.052" /></testsuite></testsuites>