<?xml version="1.0" encoding="utf-8"?><testsuites name="pytest tests"><testsuite name="pytest" errors="0" failures="1" skipped="0" tests="3" time="3.420" timestamp="2026-07-23T21:40:09.910961+00:00" hostname="agent-env-6b93bbe2-fbde-46d0-8626-01d7b328c720"><testcase classname="backend.tests.test_iter293_primary_invoice_template_contract" name="test_templates_registry_has_single_active_default_primary_template" time="3.187" /><testcase classname="backend.tests.test_iter293_primary_invoice_template_contract" name="test_use_primary_template_returns_invoice_html_contract" time="0.065"><failure message="AssertionError: {{ITEMS_ROWS}} must be inside &lt;tbody&gt; for tabular rendering&#10;assert 2374 &lt; 2253">backend/tests/test_iter293_primary_invoice_template_contract.py:111: in test_use_primary_template_returns_invoice_html_contract
    assert tbody_open &lt; items_pos &lt; tbody_close, "{{ITEMS_ROWS}} must be inside &lt;tbody&gt; for tabular rendering"
E   AssertionError: {{ITEMS_ROWS}} must be inside &lt;tbody&gt; for tabular rendering
E   assert 2374 &lt; 2253</failure></testcase><testcase classname="backend.tests.test_iter293_primary_invoice_template_contract" name="test_rendered_html_no_raw_placeholders_and_has_electronic_seals" time="0.066" /></testsuite></testsuites>