<?xml version="1.0" encoding="utf-8"?><testsuites name="pytest tests"><testsuite name="pytest" errors="0" failures="0" skipped="0" tests="6" time="18.321" timestamp="2026-09-04T13:23:37.265202+00:00" hostname="agent-env-d801c463-f283-4b7d-942e-5f2e63c25c3e"><testcase classname="backend.tests.test_iter374_preview_login_readonly_endpoints" name="test_representative_read_endpoints_no_500[/api/users-None-list]" time="4.518" /><testcase classname="backend.tests.test_iter374_preview_login_readonly_endpoints" name="test_representative_read_endpoints_no_500[/api/vehicles-None-list]" time="1.921" /><testcase classname="backend.tests.test_iter374_preview_login_readonly_endpoints" name="test_representative_read_endpoints_no_500[/api/customers-None-list]" time="5.486" /><testcase classname="backend.tests.test_iter374_preview_login_readonly_endpoints" name="test_representative_read_endpoints_no_500[/api/accounts-None-list]" time="1.224" /><testcase classname="backend.tests.test_iter374_preview_login_readonly_endpoints" name="test_representative_read_endpoints_no_500[/api/finance/journal-entries-params4-expected_type4]" time="1.975" /><testcase classname="backend.tests.test_iter374_preview_login_readonly_endpoints" name="test_representative_read_endpoints_no_500[/api/finance/reports/income-statement-params5-dict]" time="3.104" /></testsuite></testsuites>