<?xml version="1.0" encoding="utf-8"?><testsuites name="pytest tests"><testsuite name="pytest" errors="0" failures="1" skipped="0" tests="5" time="8.095" timestamp="2026-07-23T16:42:31.449347+00:00" hostname="agent-env-6b93bbe2-fbde-46d0-8626-01d7b328c720"><testcase classname="backend.tests.test_iter282_templates_quickprint_p0" name="test_resolve_returns_template_content_with_reason" time="6.241" /><testcase classname="backend.tests.test_iter282_templates_quickprint_p0" name="test_use_endpoint_returns_explicit_reason_and_content" time="0.101" /><testcase classname="backend.tests.test_iter282_templates_quickprint_p0" name="test_explicit_invalid_template_stays_409_no_fallback" time="0.104" /><testcase classname="backend.tests.test_iter282_templates_quickprint_p0" name="test_set_default_keeps_single_default_per_scope" time="0.155" /><testcase classname="backend.tests.test_iter282_templates_quickprint_p0" name="test_auth_login_cors_preview_origin_evidence_noted" time="1.335"><failure message="AssertionError: assert '' == 'true'&#10;  &#10;  - true">backend/tests/test_iter282_templates_quickprint_p0.py:191: in test_auth_login_cors_preview_origin_evidence_noted
    assert allow_credentials.lower() == "true"
E   AssertionError: assert '' == 'true'
E     
E     - true</failure></testcase></testsuite></testsuites>