<?xml version="1.0" encoding="utf-8"?><testsuites name="pytest tests"><testsuite name="pytest" errors="0" failures="1" skipped="0" tests="5" time="4.574" timestamp="2026-07-23T23:36:21.188411+00:00" hostname="agent-env-6b93bbe2-fbde-46d0-8626-01d7b328c720"><testcase classname="backend.tests.test_iter291_quickprint_mobile_final" name="test_login_returns_tokens_and_cookie_security_flags" time="1.449" /><testcase classname="backend.tests.test_iter291_quickprint_mobile_final" name="test_cors_allows_credentials_with_explicit_origin" time="0.067"><failure message="AssertionError: assert '*' == 'https://work...gentagent.com'&#10;  &#10;  - https://accounting-ssot-fix.preview.emergentagent.com&#10;  + *">backend/tests/test_iter291_quickprint_mobile_final.py:144: in test_cors_allows_credentials_with_explicit_origin
    assert response.headers.get("access-control-allow-origin") == origin
E   AssertionError: assert '*' == 'https://work...gentagent.com'
E     
E     - https://accounting-ssot-fix.preview.emergentagent.com
E     + *</failure></testcase><testcase classname="backend.tests.test_iter291_quickprint_mobile_final" name="test_bruteforce_lockout_after_five_failed_attempts" time="2.808" /><testcase classname="backend.tests.test_iter291_quickprint_mobile_final" name="test_manager_pin_hash_is_bcrypt_2b_prefix" time="0.158" /><testcase classname="backend.tests.test_iter291_quickprint_mobile_final" name="test_startup_wires_manager_seed_update_path_in_server_code" time="0.002" /></testsuite></testsuites>