<?xml version="1.0" encoding="utf-8"?><testsuites name="pytest tests"><testsuite name="pytest" errors="0" failures="2" skipped="1" tests="17" time="30.697" timestamp="2026-09-04T13:22:20.775004+00:00" hostname="agent-env-d801c463-f283-4b7d-942e-5f2e63c25c3e"><testcase classname="backend.tests.test_login_frontend_static" name="test_login_defaults_to_password_not_stale_pin" time="0.000" /><testcase classname="backend.tests.test_login_frontend_static" name="test_pin_toggle_keeps_password_and_pin_modes_exclusive" time="0.000" /><testcase classname="backend.tests.test_iter345_preview_auth_login_flow" name="test_login_name_only_returns_401" time="6.649" /><testcase classname="backend.tests.test_iter345_preview_auth_login_flow" name="test_login_old_pin_returns_401" time="0.469" /><testcase classname="backend.tests.test_iter345_preview_auth_login_flow" name="test_manager_password_login_success_with_admin_role_and_pin_not_configured" time="0.830" /><testcase classname="backend.tests.test_iter345_preview_auth_login_flow" name="test_accountant_password_login_success_with_accountant_role" time="0.685" /><testcase classname="backend.tests.test_iter345_preview_auth_login_flow" name="test_success_login_sets_httponly_cookies" time="1.157" /><testcase classname="backend.tests.test_iter345_preview_auth_login_flow" name="test_auth_me_returns_logged_in_user" time="0.788" /><testcase classname="backend.tests.test_iter345_preview_auth_login_flow" name="test_lockout_after_five_failed_attempts" time="3.198" /><testcase classname="backend.tests.test_iter345_preview_auth_login_flow" name="test_login_cors_headers_for_preview_origin" time="0.718"><failure message="assert None == 'true'&#10; +  where None = get('access-control-allow-credentials')&#10; +    where get = {'Date': 'Fri, 04 Sep 2026 13:22:35 GMT', 'Content-Type': 'application/json', 'Transfer-Encoding': 'chunked', 'Connection': 'keep-alive', 'CF-Ray': 'a35d4dc74848f60a-ORD', 'CF-Cache-Status': 'DYNAMIC', 'Access-Control-Allow-Origin': '*', 'Cache-Control': 'no-store, no-cache, must-revalidate', 'Server': 'cloudflare', 'x-xss-protection': '1; mode=block', 'Via': '1.1 google', 'Access-Control-Allow-Headers': '*', 'Access-Control-Allow-Methods': 'GET, POST, PUT, DELETE, OPTIONS, HEAD, PATCH', 'Access-Control-Max-Age': '300', 'content-security-policy': &quot;frame-ancestors 'none'&quot;, 'permissions-policy': 'camera=(), microphone=(), geolocation=(), payment=(), usb=()', 'referrer-policy': 'strict-origin-when-cross-origin', 'x-content-type-options': 'nosniff', 'x-frame-options': 'DENY', 'Set-Cookie': 'access_token=eyJhbGciOiJIUzI1NiIsInR5cCI6IkpXVCJ9.eyJzdWIiOiJcdTA2NDVcdTA2MmZcdTA2NGFcdTA2MzEiLCJyb2xlIjoiYWRtaW4iLCJpYXQiOjE3ODg1MjgxNTUsImV4cCI6MTc4ODUzMTc1NSwidHlwZSI6ImFjY2VzcyJ9.LY4D5gHJLqVUKW0UV_48uSm82mszin7MdRwjLm4pchk; HttpOnly; Max-Age=3600; Path=/; Secure; SameSite=None; Partitioned, refresh_token=eyJhbGciOiJIUzI1NiIsInR5cCI6IkpXVCJ9.eyJzdWIiOiJcdTA2NDVcdTA2MmZcdTA2NGFcdTA2MzEiLCJqdGkiOiJydF8yMWE0YzBmYWRiOTE0M2RkOWMxZWNhMDhhNjMwZWM3ZSIsImZhbSI6ImZhbV84NDhhY2YwNDQzM2Y0ZjExIiwiZGlkIjpudWxsLCJpYXQiOjE3ODg1MjgxNTUsImV4cCI6MTc4OTEzMjk1NSwidHlwZSI6InJlZnJlc2gifQ.erqaq8NllL_0SJL9g-A-GcLLAntXKXbYOzY6SOYjTMI; HttpOnly; Max-Age=604800; Path=/; Secure; SameSite=None; Partitioned, __cf_bm=yzFlEh67peyoUqr.T_X9hWYskCTGJ7DAK1PwFBMwefw-1788528154.7618527-1.0.1.1-N.U3KnH_J_PcIJJcTS_9DmhxJCg.ORZRY.kvsGPlEbr06t72eYjS3eIXx2eDYOpAFveBIoP3HW_gCIqvUTENKPiwkEROStXkhdat_yr7kRwplt14FJfYzWLbuGXVCkOy; HttpOnly; SameSite=None; Secure; Path=/; Domain=preview.emergentagent.com; Expires=Fri, 04 Sep 2026 13:52:35 GMT', 'X-Robots-Tag': 'noindex, nofollow', 'Content-Encoding': 'gzip'}.get&#10; +      where {'Date': 'Fri, 04 Sep 2026 13:22:35 GMT', 'Content-Type': 'application/json', 'Transfer-Encoding': 'chunked', 'Connection': 'keep-alive', 'CF-Ray': 'a35d4dc74848f60a-ORD', 'CF-Cache-Status': 'DYNAMIC', 'Access-Control-Allow-Origin': '*', 'Cache-Control': 'no-store, no-cache, must-revalidate', 'Server': 'cloudflare', 'x-xss-protection': '1; mode=block', 'Via': '1.1 google', 'Access-Control-Allow-Headers': '*', 'Access-Control-Allow-Methods': 'GET, POST, PUT, DELETE, OPTIONS, HEAD, PATCH', 'Access-Control-Max-Age': '300', 'content-security-policy': &quot;frame-ancestors 'none'&quot;, 'permissions-policy': 'camera=(), microphone=(), geolocation=(), payment=(), usb=()', 'referrer-policy': 'strict-origin-when-cross-origin', 'x-content-type-options': 'nosniff', 'x-frame-options': 'DENY', 'Set-Cookie': 'access_token=eyJhbGciOiJIUzI1NiIsInR5cCI6IkpXVCJ9.eyJzdWIiOiJcdTA2NDVcdTA2MmZcdTA2NGFcdTA2MzEiLCJyb2xlIjoiYWRtaW4iLCJpYXQiOjE3ODg1MjgxNTUsImV4cCI6MTc4ODUzMTc1NSwidHlwZSI6ImFjY2VzcyJ9.LY4D5gHJLqVUKW0UV_48uSm82mszin7MdRwjLm4pchk; HttpOnly; Max-Age=3600; Path=/; Secure; SameSite=None; Partitioned, refresh_token=eyJhbGciOiJIUzI1NiIsInR5cCI6IkpXVCJ9.eyJzdWIiOiJcdTA2NDVcdTA2MmZcdTA2NGFcdTA2MzEiLCJqdGkiOiJydF8yMWE0YzBmYWRiOTE0M2RkOWMxZWNhMDhhNjMwZWM3ZSIsImZhbSI6ImZhbV84NDhhY2YwNDQzM2Y0ZjExIiwiZGlkIjpudWxsLCJpYXQiOjE3ODg1MjgxNTUsImV4cCI6MTc4OTEzMjk1NSwidHlwZSI6InJlZnJlc2gifQ.erqaq8NllL_0SJL9g-A-GcLLAntXKXbYOzY6SOYjTMI; HttpOnly; Max-Age=604800; Path=/; Secure; SameSite=None; Partitioned, __cf_bm=yzFlEh67peyoUqr.T_X9hWYskCTGJ7DAK1PwFBMwefw-1788528154.7618527-1.0.1.1-N.U3KnH_J_PcIJJcTS_9DmhxJCg.ORZRY.kvsGPlEbr06t72eYjS3eIXx2eDYOpAFveBIoP3HW_gCIqvUTENKPiwkEROStXkhdat_yr7kRwplt14FJfYzWLbuGXVCkOy; HttpOnly; SameSite=None; Secure; Path=/; Domain=preview.emergentagent.com; Expires=Fri, 04 Sep 2026 13:52:35 GMT', 'X-Robots-Tag': 'noindex, nofollow', 'Content-Encoding': 'gzip'} = &lt;Response [200]&gt;.headers">backend/tests/test_iter345_preview_auth_login_flow.py:132: in test_login_cors_headers_for_preview_origin
    assert res.headers.get("access-control-allow-credentials") == "true"
E   assert None == 'true'
E    +  where None = get('access-control-allow-credentials')
E    +    where get = {'Date': 'Fri, 04 Sep 2026 13:22:35 GMT', 'Content-Type': 'application/json', 'Transfer-Encoding': 'chunked', 'Connection': 'keep-alive', 'CF-Ray': 'a35d4dc74848f60a-ORD', 'CF-Cache-Status': 'DYNAMIC', 'Access-Control-Allow-Origin': '*', 'Cache-Control': 'no-store, no-cache, must-revalidate', 'Server': 'cloudflare', 'x-xss-protection': '1; mode=block', 'Via': '1.1 google', 'Access-Control-Allow-Headers': '*', 'Access-Control-Allow-Methods': 'GET, POST, PUT, DELETE, OPTIONS, HEAD, PATCH', 'Access-Control-Max-Age': '300', 'content-security-policy': "frame-ancestors 'none'", 'permissions-policy': 'camera=(), microphone=(), geolocation=(), payment=(), usb=()', 'referrer-policy': 'strict-origin-when-cross-origin', 'x-content-type-options': 'nosniff', 'x-frame-options': 'DENY', 'Set-Cookie': 'access_token=eyJhbGciOiJIUzI1NiIsInR5cCI6IkpXVCJ9.eyJzdWIiOiJcdTA2NDVcdTA2MmZcdTA2NGFcdTA2MzEiLCJyb2xlIjoiYWRtaW4iLCJpYXQiOjE3ODg1MjgxNTUsImV4cCI6MTc4ODUzMTc1NSwidHlwZSI6ImFjY2VzcyJ9.LY4D5gHJLqVUKW0UV_48uSm82mszin7MdRwjLm4pchk; HttpOnly; Max-Age=3600; Path=/; Secure; SameSite=None; Partitioned, refresh_token=eyJhbGciOiJIUzI1NiIsInR5cCI6IkpXVCJ9.eyJzdWIiOiJcdTA2NDVcdTA2MmZcdTA2NGFcdTA2MzEiLCJqdGkiOiJydF8yMWE0YzBmYWRiOTE0M2RkOWMxZWNhMDhhNjMwZWM3ZSIsImZhbSI6ImZhbV84NDhhY2YwNDQzM2Y0ZjExIiwiZGlkIjpudWxsLCJpYXQiOjE3ODg1MjgxNTUsImV4cCI6MTc4OTEzMjk1NSwidHlwZSI6InJlZnJlc2gifQ.erqaq8NllL_0SJL9g-A-GcLLAntXKXbYOzY6SOYjTMI; HttpOnly; Max-Age=604800; Path=/; Secure; SameSite=None; Partitioned, __cf_bm=yzFlEh67peyoUqr.T_X9hWYskCTGJ7DAK1PwFBMwefw-1788528154.7618527-1.0.1.1-N.U3KnH_J_PcIJJcTS_9DmhxJCg.ORZRY.kvsGPlEbr06t72eYjS3eIXx2eDYOpAFveBIoP3HW_gCIqvUTENKPiwkEROStXkhdat_yr7kRwplt14FJfYzWLbuGXVCkOy; HttpOnly; SameSite=None; Secure; Path=/; Domain=preview.emergentagent.com; Expires=Fri, 04 Sep 2026 13:52:35 GMT', 'X-Robots-Tag': 'noindex, nofollow', 'Content-Encoding': 'gzip'}.get
E    +      where {'Date': 'Fri, 04 Sep 2026 13:22:35 GMT', 'Content-Type': 'application/json', 'Transfer-Encoding': 'chunked', 'Connection': 'keep-alive', 'CF-Ray': 'a35d4dc74848f60a-ORD', 'CF-Cache-Status': 'DYNAMIC', 'Access-Control-Allow-Origin': '*', 'Cache-Control': 'no-store, no-cache, must-revalidate', 'Server': 'cloudflare', 'x-xss-protection': '1; mode=block', 'Via': '1.1 google', 'Access-Control-Allow-Headers': '*', 'Access-Control-Allow-Methods': 'GET, POST, PUT, DELETE, OPTIONS, HEAD, PATCH', 'Access-Control-Max-Age': '300', 'content-security-policy': "frame-ancestors 'none'", 'permissions-policy': 'camera=(), microphone=(), geolocation=(), payment=(), usb=()', 'referrer-policy': 'strict-origin-when-cross-origin', 'x-content-type-options': 'nosniff', 'x-frame-options': 'DENY', 'Set-Cookie': 'access_token=eyJhbGciOiJIUzI1NiIsInR5cCI6IkpXVCJ9.eyJzdWIiOiJcdTA2NDVcdTA2MmZcdTA2NGFcdTA2MzEiLCJyb2xlIjoiYWRtaW4iLCJpYXQiOjE3ODg1MjgxNTUsImV4cCI6MTc4ODUzMTc1NSwidHlwZSI6ImFjY2VzcyJ9.LY4D5gHJLqVUKW0UV_48uSm82mszin7MdRwjLm4pchk; HttpOnly; Max-Age=3600; Path=/; Secure; SameSite=None; Partitioned, refresh_token=eyJhbGciOiJIUzI1NiIsInR5cCI6IkpXVCJ9.eyJzdWIiOiJcdTA2NDVcdTA2MmZcdTA2NGFcdTA2MzEiLCJqdGkiOiJydF8yMWE0YzBmYWRiOTE0M2RkOWMxZWNhMDhhNjMwZWM3ZSIsImZhbSI6ImZhbV84NDhhY2YwNDQzM2Y0ZjExIiwiZGlkIjpudWxsLCJpYXQiOjE3ODg1MjgxNTUsImV4cCI6MTc4OTEzMjk1NSwidHlwZSI6InJlZnJlc2gifQ.erqaq8NllL_0SJL9g-A-GcLLAntXKXbYOzY6SOYjTMI; HttpOnly; Max-Age=604800; Path=/; Secure; SameSite=None; Partitioned, __cf_bm=yzFlEh67peyoUqr.T_X9hWYskCTGJ7DAK1PwFBMwefw-1788528154.7618527-1.0.1.1-N.U3KnH_J_PcIJJcTS_9DmhxJCg.ORZRY.kvsGPlEbr06t72eYjS3eIXx2eDYOpAFveBIoP3HW_gCIqvUTENKPiwkEROStXkhdat_yr7kRwplt14FJfYzWLbuGXVCkOy; HttpOnly; SameSite=None; Secure; Path=/; Domain=preview.emergentagent.com; Expires=Fri, 04 Sep 2026 13:52:35 GMT', 'X-Robots-Tag': 'noindex, nofollow', 'Content-Encoding': 'gzip'} = &lt;Response [200]&gt;.headers</failure></testcase><testcase classname="backend.tests.test_iter345_preview_auth_login_flow" name="test_preview_users_password_hashes_are_bcrypt_2b" time="0.000"><skipped type="pytest.skip" message="MONGO_URL/DB_NAME missing">/app/backend/tests/test_iter345_preview_auth_login_flow.py:141: MONGO_URL/DB_NAME missing</skipped></testcase><testcase classname="backend.tests.test_iter374_preview_login_readonly_endpoints" name="test_representative_read_endpoints_no_500[/api/users-None-list]" time="1.030" /><testcase classname="backend.tests.test_iter374_preview_login_readonly_endpoints" name="test_representative_read_endpoints_no_500[/api/vehicles-None-list]" time="1.361" /><testcase classname="backend.tests.test_iter374_preview_login_readonly_endpoints" name="test_representative_read_endpoints_no_500[/api/customers-None-list]" time="7.196" /><testcase classname="backend.tests.test_iter374_preview_login_readonly_endpoints" name="test_representative_read_endpoints_no_500[/api/accounts-None-list]" time="1.119" /><testcase classname="backend.tests.test_iter374_preview_login_readonly_endpoints" name="test_representative_read_endpoints_no_500[/api/finance/journal-entries-params4-list]" time="1.988"><failure message="AssertionError: assert False&#10; +  where False = isinstance({'data': [{'created_at': '2026-09-03T15:00:03.412476+00:00', 'date': '2026-09-03', 'description': '[CANONICAL_BUSINESS] اعتماد الإجمالي النهائي للمركبة ب ا ك 8441 — تكييف المواسم [BUSINESS_EVENT_ID:vehicle_finalization::2faabe4e-cf69-46c4-a616-d00a98b7f711] [ACCOUNTING_IDENTITY:vehfinal:2faabe4e-cf69-46c4-a616-d00a98b7f711] [VEHICLE:2faabe4e-cf69-46c4-a616-d00a98b7f711] [CUSTOMER:84c5739b-e470-4291-9560-c18bb3a9bfb3] [FINAL_CUSTOMER_TOTAL:450.0]', 'id': '6899de89-d26f-4e19-96dc-53c83f7ea3d4', ...}, {'created_at': '2026-09-03T14:58:56.319672+00:00', 'date': '2026-09-03', 'description': 'تحصيل دفعة مؤكدة - تكييف المواسم [VISIT:e4bd705f-801d-43ea-b950-2239ecfd60c0] [PAYMENT:a9f4d423-e1d6-419e-a6be-facf57c66899]', 'id': 'd6860fad-c84c-4abc-82a6-407f52f020fa', ...}, {'created_at': '2026-09-02T08:19:25.050963+00:00', 'date': '2026-09-02', 'description': 'شراء — معجون 2كرتون +مفتاح سيفون+5لتر زيت×1 — زيت 5لتر +معجون الماني 2 كرتون +مفتاح سيفون [SOURCE:SMART_POS] ACCOUNT_CODE:034 ACCOUNTING_TARGET:المصروفات التشغيلية', 'id': 'bcaa53f8-6f75-4d1c-959e-78dc5b493c91', ...}, {'created_at': '2026-09-02T07:12:44.626489+00:00', 'date': '2026-09-02', 'description': '[CANONICAL_BUSINESS] اعتماد الإجمالي النهائي للمركبة د ص ع 3342 — حزام القحطاني [BUSINESS_EVENT_ID:vehicle_finalization::13e023c6-4378-409d-a04c-543f4918e184] [ACCOUNTING_IDENTITY:vehfinal:13e023c6-4378-409d-a04c-543f4918e184] [VEHICLE:13e023c6-4378-409d-a04c-543f4918e184] [CUSTOMER:da5b3f8f-f55f-41ce-86a6-05e83dd2a61a] [FINAL_CUSTOMER_TOTAL:360.0]', 'id': '4e21881b-8b3d-4f37-86cf-7fa2aafde8a4', ...}, {'created_at': '2026-09-02T07:07:04.135442+00:00', 'date': '2026-09-02', 'description': 'تحصيل دفعة مؤكدة - ابو عمر الأمارات [VISIT:2e247bfe-b693-4af1-bee9-5e091bd53d8c] [PAYMENT:b827fe98-71f9-441c-98e5-a0c2041a77b6]', 'id': 'e74da717-8fe4-4126-8dbf-a16760a05b8e', ...}, {'created_at': '2026-09-02T07:46:13.848803+00:00', 'date': '2026-09-02', 'description': 'تحصيل دفعة مؤكدة - ابو صالح الشايع [VISIT:466d1fe5-09c2-49fc-b8ac-4036b1398407] [PAYMENT:143fd379-9a52-4e08-a80e-d54a28e9bcbb]', 'id': 'bc1de144-5b6f-4155-b4e9-4bb050418f34', ...}, ...], 'success': True, 'total': 100}, &lt;class 'list'&gt;)">backend/tests/test_iter374_preview_login_readonly_endpoints.py:98: in test_representative_read_endpoints_no_500
    assert isinstance(payload, expected_type)
E   AssertionError: assert False
E    +  where False = isinstance({'data': [{'created_at': '2026-09-03T15:00:03.412476+00:00', 'date': '2026-09-03', 'description': '[CANONICAL_BUSINESS] اعتماد الإجمالي النهائي للمركبة ب ا ك 8441 — تكييف المواسم [BUSINESS_EVENT_ID:vehicle_finalization::2faabe4e-cf69-46c4-a616-d00a98b7f711] [ACCOUNTING_IDENTITY:vehfinal:2faabe4e-cf69-46c4-a616-d00a98b7f711] [VEHICLE:2faabe4e-cf69-46c4-a616-d00a98b7f711] [CUSTOMER:84c5739b-e470-4291-9560-c18bb3a9bfb3] [FINAL_CUSTOMER_TOTAL:450.0]', 'id': '6899de89-d26f-4e19-96dc-53c83f7ea3d4', ...}, {'created_at': '2026-09-03T14:58:56.319672+00:00', 'date': '2026-09-03', 'description': 'تحصيل دفعة مؤكدة - تكييف المواسم [VISIT:e4bd705f-801d-43ea-b950-2239ecfd60c0] [PAYMENT:a9f4d423-e1d6-419e-a6be-facf57c66899]', 'id': 'd6860fad-c84c-4abc-82a6-407f52f020fa', ...}, {'created_at': '2026-09-02T08:19:25.050963+00:00', 'date': '2026-09-02', 'description': 'شراء — معجون 2كرتون +مفتاح سيفون+5لتر زيت×1 — زيت 5لتر +معجون الماني 2 كرتون +مفتاح سيفون [SOURCE:SMART_POS] ACCOUNT_CODE:034 ACCOUNTING_TARGET:المصروفات التشغيلية', 'id': 'bcaa53f8-6f75-4d1c-959e-78dc5b493c91', ...}, {'created_at': '2026-09-02T07:12:44.626489+00:00', 'date': '2026-09-02', 'description': '[CANONICAL_BUSINESS] اعتماد الإجمالي النهائي للمركبة د ص ع 3342 — حزام القحطاني [BUSINESS_EVENT_ID:vehicle_finalization::13e023c6-4378-409d-a04c-543f4918e184] [ACCOUNTING_IDENTITY:vehfinal:13e023c6-4378-409d-a04c-543f4918e184] [VEHICLE:13e023c6-4378-409d-a04c-543f4918e184] [CUSTOMER:da5b3f8f-f55f-41ce-86a6-05e83dd2a61a] [FINAL_CUSTOMER_TOTAL:360.0]', 'id': '4e21881b-8b3d-4f37-86cf-7fa2aafde8a4', ...}, {'created_at': '2026-09-02T07:07:04.135442+00:00', 'date': '2026-09-02', 'description': 'تحصيل دفعة مؤكدة - ابو عمر الأمارات [VISIT:2e247bfe-b693-4af1-bee9-5e091bd53d8c] [PAYMENT:b827fe98-71f9-441c-98e5-a0c2041a77b6]', 'id': 'e74da717-8fe4-4126-8dbf-a16760a05b8e', ...}, {'created_at': '2026-09-02T07:46:13.848803+00:00', 'date': '2026-09-02', 'description': 'تحصيل دفعة مؤكدة - ابو صالح الشايع [VISIT:466d1fe5-09c2-49fc-b8ac-4036b1398407] [PAYMENT:143fd379-9a52-4e08-a80e-d54a28e9bcbb]', 'id': 'bc1de144-5b6f-4155-b4e9-4bb050418f34', ...}, ...], 'success': True, 'total': 100}, &lt;class 'list'&gt;)</failure></testcase><testcase classname="backend.tests.test_iter374_preview_login_readonly_endpoints" name="test_representative_read_endpoints_no_500[/api/finance/reports/income-statement-params5-dict]" time="3.349" /></testsuite></testsuites>