<?xml version="1.0" encoding="utf-8"?><testsuites name="pytest tests"><testsuite name="pytest" errors="0" failures="0" skipped="0" tests="10" time="104.132" timestamp="2026-06-05T14:10:57.116426+00:00" hostname="agent-env-ea0cc3db-31c2-4503-b708-b2c280ffe405"><testcase classname="backend.tests.test_bot_fixes_iter232" name="test_query_atani_mohamad_aljohani_triggers_customers_search" time="9.015" /><testcase classname="backend.tests.test_bot_fixes_iter232" name="test_operations_details_mohamad_triggers_ops_and_customers" time="7.884" /><testcase classname="backend.tests.test_bot_fixes_iter232" name="test_alerts_pattern_triggers_firewall_not_ops" time="7.424" /><testcase classname="backend.tests.test_bot_fixes_iter232" name="test_ops_by_name_triggers_operations_search" time="8.711" /><testcase classname="backend.tests.test_bot_fixes_iter232" name="test_recent_ops_triggers_operations_recent" time="10.662" /><testcase classname="backend.tests.test_bot_fixes_iter232" name="test_integrity_pattern_triggers_firewall_integrity" time="8.401" /><testcase classname="backend.tests.test_bot_fixes_iter232" name="test_smart_fallback_proper_name_only" time="10.725" /><testcase classname="backend.tests.test_bot_fixes_iter232" name="test_execute_delete_operation_via_four_eyes" time="0.721" /><testcase classname="backend.tests.test_bot_fixes_iter232" name="test_execute_create_customer_committed" time="1.109" /><testcase classname="backend.tests.test_bot_fixes_iter232" name="test_chat_endpoint_non_empty_responses" time="39.408" /></testsuite></testsuites>