<?xml version="1.0" encoding="utf-8"?><testsuites name="pytest tests"><testsuite name="pytest" errors="0" failures="0" skipped="0" tests="8" time="4.113" timestamp="2026-08-02T11:17:35.886841+00:00" hostname="agent-env-1670a499-11bb-4654-8ed3-3a534866f3b0"><testcase classname="backend.tests.test_iter319_unified_workshop_print_contract" name="test_auth_login_sets_secure_httponly_cookie" time="1.910" /><testcase classname="backend.tests.test_iter319_unified_workshop_print_contract" name="test_document_templates_registry_contains_unified_v2_defaults" time="0.059" /><testcase classname="backend.tests.test_iter319_unified_workshop_print_contract" name="test_document_templates_resolve_returns_expected_unified_default[invoice]" time="0.058" /><testcase classname="backend.tests.test_iter319_unified_workshop_print_contract" name="test_document_templates_resolve_returns_expected_unified_default[diagnosis]" time="0.058" /><testcase classname="backend.tests.test_iter319_unified_workshop_print_contract" name="test_document_templates_resolve_returns_expected_unified_default[quote]" time="0.055" /><testcase classname="backend.tests.test_iter319_unified_workshop_print_contract" name="test_document_templates_resolve_returns_expected_unified_default[receipt]" time="0.057" /><testcase classname="backend.tests.test_iter319_unified_workshop_print_contract" name="test_target_vehicle_and_visit_exist_with_expected_customer_identity" time="1.202" /><testcase classname="backend.tests.test_iter319_unified_workshop_print_contract" name="test_target_visit_customer_print_projection_excludes_supplier_item" time="0.621" /></testsuite></testsuites>