<?xml version="1.0" encoding="utf-8"?><testsuites name="pytest tests"><testsuite name="pytest" errors="0" failures="0" skipped="0" tests="8" time="11.714" timestamp="2026-07-18T14:33:08.209952+00:00" hostname="agent-env-a2113c22-0dfc-4a0f-aaef-4d5b3a5676f1"><testcase classname="backend.tests.test_auth_p1_iter256" name="test_manager_quick_pin_login_works_without_device" time="1.428" /><testcase classname="backend.tests.test_auth_p1_iter256" name="test_refresh_rotation_and_reuse_detection" time="1.320" /><testcase classname="backend.tests.test_auth_p1_iter256" name="test_password_lifecycle_and_name_only_enforcement" time="2.954" /><testcase classname="backend.tests.test_auth_p1_iter256" name="test_non_admin_cannot_set_others_password" time="0.893" /><testcase classname="backend.tests.test_auth_p1_iter256" name="test_pin_login_requires_trusted_device" time="1.965" /><testcase classname="backend.tests.test_auth_p1_iter256" name="test_sessions_list_and_revoke" time="0.652" /><testcase classname="backend.tests.test_auth_p1_iter256" name="test_audit_requires_approver" time="1.752" /><testcase classname="backend.tests.test_auth_p1_iter256" name="test_google_session_public_and_validates" time="0.545" /></testsuite></testsuites>