<?xml version="1.0" encoding="utf-8"?><testsuites name="pytest tests"><testsuite name="pytest" errors="0" failures="0" skipped="0" tests="8" time="20.015" timestamp="2026-08-01T23:02:24.641701+00:00" hostname="agent-env-1670a499-11bb-4654-8ed3-3a534866f3b0"><testcase classname="backend.tests.test_iter311_visit_source_ar_contracts" name="test_ar_customers_snapshot_totals_and_vehicle_count" time="2.985" /><testcase classname="backend.tests.test_iter311_visit_source_ar_contracts" name="test_ar_customers_vehicle_61fe0b56_supplier_excluded" time="1.299" /><testcase classname="backend.tests.test_iter311_visit_source_ar_contracts" name="test_ar_customers_specific_vehicle_examples_match_policy" time="1.283" /><testcase classname="backend.tests.test_iter311_visit_source_ar_contracts" name="test_ar_customers_excludes_archived_from_current_totals" time="1.274" /><testcase classname="backend.tests.test_iter311_visit_source_ar_contracts" name="test_customers_endpoint_aligns_with_ar_totals" time="3.522" /><testcase classname="backend.tests.test_iter311_visit_source_ar_contracts" name="test_ar_ledger_matches_expected_ending_and_rows" time="1.288" /><testcase classname="backend.tests.test_iter311_visit_source_ar_contracts" name="test_income_statement_sales_summary_matches_unconfirmed_notes_policy" time="3.768" /><testcase classname="backend.tests.test_iter311_visit_source_ar_contracts" name="test_reconciliation_audit_read_only_and_zero_journal_entries" time="4.526" /></testsuite></testsuites>