<?xml version="1.0" encoding="utf-8"?><testsuites name="pytest tests"><testsuite name="pytest" errors="0" failures="0" skipped="0" tests="2" time="8.066" timestamp="2026-08-02T09:50:20.095415+00:00" hostname="agent-env-1670a499-11bb-4654-8ed3-3a534866f3b0"><testcase classname="backend.tests.test_iter318_ar_phone_and_payment_methods" name="test_ar_customers_has_customer_identity_and_phone_fields" time="6.509" /><testcase classname="backend.tests.test_iter318_ar_phone_and_payment_methods" name="test_ar_customers_contains_abdulkarim_with_expected_phone" time="1.484" /></testsuite></testsuites>