<?xml version="1.0" encoding="utf-8"?><testsuites name="pytest tests"><testsuite name="pytest" errors="0" failures="0" skipped="0" tests="7" time="0.897" timestamp="2026-07-15T22:02:37.647634+00:00" hostname="agent-env-a2113c22-0dfc-4a0f-aaef-4d5b3a5676f1"><testcase classname="backend.tests.test_governance_decisions_iter259" name="test_test_environment_fails_closed_without_test_credentials" time="0.001" /><testcase classname="backend.tests.test_governance_decisions_iter259" name="test_test_environment_rejects_production_project" time="0.000" /><testcase classname="backend.tests.test_governance_decisions_iter259" name="test_test_environment_selects_distinct_project" time="0.000" /><testcase classname="backend.tests.test_governance_decisions_iter259" name="test_automated_approver_is_rejected" time="0.140" /><testcase classname="backend.tests.test_governance_decisions_iter259" name="test_every_write_action_waits_for_human_approval" time="0.205" /><testcase classname="backend.tests.test_governance_decisions_iter259" name="test_external_approval_response_creates_only_pending_draft" time="0.516" /><testcase classname="backend.tests.test_governance_decisions_iter259" name="test_external_approved_marker_requires_real_human_approval" time="0.001" /></testsuite></testsuites>