<?xml version="1.0" encoding="utf-8"?><testsuites name="pytest tests"><testsuite name="pytest" errors="0" failures="0" skipped="0" tests="6" time="9.838" timestamp="2026-08-11T14:53:34.568309+00:00" hostname="agent-env-1670a499-11bb-4654-8ed3-3a534866f3b0"><testcase classname="backend.tests.test_iter344_security_p0_auth_hardening" name="test_name_only_login_is_blocked_for_all_roles" time="2.407" /><testcase classname="backend.tests.test_iter344_security_p0_auth_hardening" name="test_default_or_shared_pin_login_is_blocked" time="0.860" /><testcase classname="backend.tests.test_iter344_security_p0_auth_hardening" name="test_empty_and_wrong_credentials_fail_closed" time="1.531" /><testcase classname="backend.tests.test_iter344_security_p0_auth_hardening" name="test_valid_user_gets_own_non_admin_role_and_cannot_post_admin_finance_action" time="1.075" /><testcase classname="backend.tests.test_iter344_security_p0_auth_hardening" name="test_five_failed_attempts_trigger_lockout_or_rate_limit_and_do_not_leak_secrets" time="3.892" /><testcase classname="backend.tests.test_iter344_security_p0_auth_hardening" name="test_code_no_longer_seeds_quick_manager_or_allows_name_only_or_pin_bypass" time="0.001" /></testsuite></testsuites>