<?xml version="1.0" encoding="utf-8"?><testsuites name="pytest tests"><testsuite name="pytest" errors="0" failures="0" skipped="0" tests="8" time="11.875" timestamp="2026-07-20T19:55:12.464672+00:00" hostname="agent-env-811c6461-aa79-4e10-8068-5f0ff22fa4b2"><testcase classname="backend.tests.test_auth_p1_iter256" name="test_manager_quick_pin_login_works_without_device" time="1.267" /><testcase classname="backend.tests.test_auth_p1_iter256" name="test_refresh_rotation_and_reuse_detection" time="1.310" /><testcase classname="backend.tests.test_auth_p1_iter256" name="test_password_lifecycle_and_name_only_enforcement" time="2.697" /><testcase classname="backend.tests.test_auth_p1_iter256" name="test_non_admin_cannot_set_others_password" time="0.955" /><testcase classname="backend.tests.test_auth_p1_iter256" name="test_pin_login_requires_trusted_device" time="2.599" /><testcase classname="backend.tests.test_auth_p1_iter256" name="test_sessions_list_and_revoke" time="0.697" /><testcase classname="backend.tests.test_auth_p1_iter256" name="test_audit_requires_approver" time="1.894" /><testcase classname="backend.tests.test_auth_p1_iter256" name="test_google_session_public_and_validates" time="0.220" /></testsuite></testsuites>