<?xml version="1.0" encoding="utf-8"?><testsuites name="pytest tests"><testsuite name="pytest" errors="0" failures="0" skipped="0" tests="4" time="55.481" timestamp="2026-08-03T14:04:00.360252+00:00" hostname="agent-env-1670a499-11bb-4654-8ed3-3a534866f3b0"><testcase classname="backend.tests.test_iter325_unified_finance_engine_payments" name="test_vehicle_financial_summary_uses_unified_engine" time="3.217" /><testcase classname="backend.tests.test_iter325_unified_finance_engine_payments" name="test_ar_customers_returns_non_empty_current_snapshot" time="25.419" /><testcase classname="backend.tests.test_iter325_unified_finance_engine_payments" name="test_ar_ledger_returns_non_empty_rows" time="22.105" /><testcase classname="backend.tests.test_iter325_unified_finance_engine_payments" name="test_confirm_payment_dry_run_does_not_mutate_data" time="4.656" /></testsuite></testsuites>