<?xml version="1.0" encoding="utf-8"?><testsuites name="pytest tests"><testsuite name="pytest" errors="0" failures="0" skipped="0" tests="3" time="4.446" timestamp="2026-07-20T22:10:32.123286+00:00" hostname="agent-env-811c6461-aa79-4e10-8068-5f0ff22fa4b2"><testcase classname="backend.tests.test_iter272_vehicle_print_regression" name="test_documents_generate_for_vehicle_print_flow[invoice-\u0641\u0627\u062a\u0648\u0631\u0629]" time="3.976" /><testcase classname="backend.tests.test_iter272_vehicle_print_regression" name="test_documents_generate_for_vehicle_print_flow[diagnosis-\u062a\u0642\u0631\u064a\u0631 \u062a\u0634\u062e\u064a\u0635]" time="0.087" /><testcase classname="backend.tests.test_iter272_vehicle_print_regression" name="test_documents_generate_for_vehicle_print_flow[quote-\u0639\u0631\u0636 \u0633\u0639\u0631]" time="0.122" /></testsuite></testsuites>