<?xml version="1.0" encoding="utf-8"?><testsuites name="pytest tests"><testsuite name="pytest" errors="0" failures="0" skipped="0" tests="20" time="0.693" timestamp="2026-09-04T14:17:44.906479+00:00" hostname="agent-env-d801c463-f283-4b7d-942e-5f2e63c25c3e"><testcase classname="backend.tests.test_authz_ssot" name="test_users_privilege_escalation_blocked" time="0.001" /><testcase classname="backend.tests.test_authz_ssot" name="test_destructive_admin_only" time="0.000" /><testcase classname="backend.tests.test_authz_ssot" name="test_ledger_mutations_grounded_in_journal_permissions" time="0.000" /><testcase classname="backend.tests.test_authz_ssot" name="test_operations_mutations" time="0.000" /><testcase classname="backend.tests.test_authz_ssot" name="test_invoices_and_settings" time="0.000" /><testcase classname="backend.tests.test_authz_ssot" name="test_financial_control_requires_approver_roles" time="0.000" /><testcase classname="backend.tests.test_authz_ssot" name="test_low_risk_reads_remain_explicitly_classified" time="0.000" /><testcase classname="backend.tests.test_authz_ssot" name="test_user_guard_helpers_for_privilege_and_mass_assignment" time="0.000" /><testcase classname="backend.tests.test_authorization_phase1b" name="test_authz_internal_exception_denies" time="0.001" /><testcase classname="backend.tests.test_authorization_phase1b" name="test_missing_sensitive_policy_denies" time="0.000" /><testcase classname="backend.tests.test_authorization_phase1b" name="test_payroll_normal_user_denied" time="0.000" /><testcase classname="backend.tests.test_authorization_phase1b" name="test_runtime_cannot_bypass_target_permission" time="0.000" /><testcase classname="backend.tests.test_authorization_phase1b" name="test_finance_bot_prompt_cannot_grant_rights" time="0.000" /><testcase classname="backend.tests.test_authorization_phase1b" name="test_profile_self_edit_allowed_and_privilege_injection_rejected" time="0.000" /><testcase classname="backend.tests.test_authorization_phase1b" name="test_user_layout_cross_user_edit_denied" time="0.000" /><testcase classname="backend.tests.test_authorization_phase1b" name="test_sensitive_get_denied_to_insufficient_role" time="0.000" /><testcase classname="backend.tests.test_authorization_phase1b" name="test_public_endpoints_remain_public_intentional" time="0.000" /><testcase classname="backend.tests.test_authorization_phase1b" name="test_admin_legitimate_flows_remain_functional" time="0.000" /><testcase classname="backend.tests.test_login_frontend_static" name="test_login_defaults_to_password_not_stale_pin" time="0.000" /><testcase classname="backend.tests.test_login_frontend_static" name="test_pin_toggle_keeps_password_and_pin_modes_exclusive" time="0.000" /></testsuite></testsuites>