<?xml version="1.0" encoding="utf-8"?><testsuites name="pytest tests"><testsuite name="pytest" errors="0" failures="0" skipped="0" tests="3" time="12.396" timestamp="2026-07-23T17:46:29.326876+00:00" hostname="agent-env-6b93bbe2-fbde-46d0-8626-01d7b328c720"><testcase classname="backend.tests.test_iter285_customer_name_guard_backend" name="test_uploaded_template_is_explicitly_usable" time="10.253" /><testcase classname="backend.tests.test_iter285_customer_name_guard_backend" name="test_events_persist_template_incomplete_with_customer_name" time="0.064" /><testcase classname="backend.tests.test_iter285_customer_name_guard_backend" name="test_create_vehicle_without_customer_name_for_quickprint_ui" time="1.773" /></testsuite></testsuites>