<?xml version="1.0" encoding="utf-8"?><testsuites name="pytest tests"><testsuite name="pytest" errors="0" failures="0" skipped="0" tests="10" time="64.729" timestamp="2026-07-07T17:27:57.191489+00:00" hostname="agent-env-9fde6f45-1be3-4c82-9461-e07f6fe7574c"><testcase classname="backend.tests.test_temp_deferred_iter254" name="test_1_login" time="1.291" /><testcase classname="backend.tests.test_temp_deferred_iter254" name="test_2_deferred_sale_creates_temp_entry" time="8.753" /><testcase classname="backend.tests.test_temp_deferred_iter254" name="test_3_partial_settlement" time="5.691" /><testcase classname="backend.tests.test_temp_deferred_iter254" name="test_4_full_settlement" time="5.998" /><testcase classname="backend.tests.test_temp_deferred_iter254" name="test_5_cash_sale_regression" time="6.696" /><testcase classname="backend.tests.test_temp_deferred_iter254" name="test_6_ssot_ar_summary" time="4.692" /><testcase classname="backend.tests.test_temp_deferred_iter254" name="test_7_chat_routing_to_ar_summary" time="15.779" /><testcase classname="backend.tests.test_temp_deferred_iter254" name="test_8_chat_greeting_regression" time="11.275" /><testcase classname="backend.tests.test_temp_deferred_iter254" name="test_9_prompt_versions" time="0.727" /><testcase classname="backend.tests.test_temp_deferred_iter254" name="test_z_cleanup" time="3.729" /></testsuite></testsuites>