<?xml version="1.0" encoding="utf-8"?><testsuites name="pytest tests"><testsuite name="pytest" errors="0" failures="0" skipped="1" tests="12" time="38.462" timestamp="2026-05-26T16:12:44.443454+00:00" hostname="agent-env-c96e2a2b-96df-4a82-9955-e17344a1759a"><testcase classname="backend.tests.test_firewall_iter222.TestDashboard" name="test_dashboard_full_payload" time="6.236" /><testcase classname="backend.tests.test_firewall_iter222.TestHealthScore" name="test_health_score_endpoint" time="3.146" /><testcase classname="backend.tests.test_firewall_iter222.TestAlerts" name="test_alerts_unfiltered" time="17.077" /><testcase classname="backend.tests.test_firewall_iter222.TestAlerts" name="test_alerts_filter_by_severity_critical" time="1.279" /><testcase classname="backend.tests.test_firewall_iter222.TestAlerts" name="test_alerts_filter_by_category_duplicate" time="1.309" /><testcase classname="backend.tests.test_firewall_iter222.TestAlertActions" name="test_dismiss_alert_writes_expiry" time="1.341" /><testcase classname="backend.tests.test_firewall_iter222.TestAlertActions" name="test_resolve_alert" time="0.064" /><testcase classname="backend.tests.test_firewall_iter222.TestAutoFix" name="test_auto_fix_dry_run_unbalanced" time="2.592"><skipped type="pytest.skip" message="no auto-fixable alert present">/app/backend/tests/test_firewall_iter222.py:128: no auto-fixable alert present</skipped></testcase><testcase classname="backend.tests.test_firewall_iter222.TestAutoFix" name="test_auto_fix_unknown_alert_404" time="1.316" /><testcase classname="backend.tests.test_firewall_iter222.TestAIInsights" name="test_ai_insights_rules_only" time="1.268" /><testcase classname="backend.tests.test_firewall_iter222.TestAIInsights" name="test_ai_insights_use_ai_true" time="1.324" /><testcase classname="backend.tests.test_firewall_iter222.TestLive" name="test_live_activity_endpoint" time="1.267" /></testsuite></testsuites>