<?xml version="1.0" encoding="utf-8"?><testsuites name="pytest tests"><testsuite name="pytest" errors="0" failures="0" skipped="0" tests="5" time="3.105" timestamp="2026-08-11T17:19:00.313535+00:00" hostname="agent-env-e378c46e-e173-4986-8001-e8ce49b99740"><testcase classname="backend.tests.test_iter342_income_statement_scope_model" name="test_income_statement_august_2026_totals" time="3.035" /><testcase classname="backend.tests.test_iter342_income_statement_scope_model" name="test_income_statement_revenue_source_audit_values" time="0.000" /><testcase classname="backend.tests.test_iter342_income_statement_scope_model" name="test_income_statement_statement_safety_scope_model" time="0.000" /><testcase classname="backend.tests.test_iter342_income_statement_scope_model" name="test_income_statement_classification_counts" time="0.000" /><testcase classname="backend.tests.test_iter342_income_statement_scope_model" name="test_income_statement_endpoint_no_live_filter_reference" time="0.001" /></testsuite></testsuites>