<?xml version="1.0" encoding="utf-8"?><testsuites name="pytest tests"><testsuite name="pytest" errors="0" failures="0" skipped="0" tests="3" time="11.124" timestamp="2026-05-24T23:10:48.607738+00:00" hostname="agent-env-c96e2a2b-96df-4a82-9955-e17344a1759a"><testcase classname="backend.tests.test_operation_payment_snapshot_iter218" name="test_pos_expense_cash_immediate_remains_paid" time="3.924" /><testcase classname="backend.tests.test_operation_payment_snapshot_iter218" name="test_cash_expense_remains_paid" time="3.581" /><testcase classname="backend.tests.test_operation_payment_snapshot_iter218" name="test_credit_purchase_remains_unpaid" time="3.550" /></testsuite></testsuites>