<?xml version="1.0" encoding="utf-8"?><testsuites name="pytest tests"><testsuite name="pytest" errors="0" failures="1" skipped="1" tests="9" time="10.162" timestamp="2026-08-11T15:48:08.068628+00:00" hostname="agent-env-e378c46e-e173-4986-8001-e8ce49b99740"><testcase classname="backend.tests.test_iter345_preview_auth_login_flow" name="test_login_name_only_returns_401" time="1.319" /><testcase classname="backend.tests.test_iter345_preview_auth_login_flow" name="test_login_old_pin_returns_401" time="0.449" /><testcase classname="backend.tests.test_iter345_preview_auth_login_flow" name="test_manager_password_login_success_with_admin_role_and_pin_not_configured" time="1.270" /><testcase classname="backend.tests.test_iter345_preview_auth_login_flow" name="test_accountant_password_login_success_with_accountant_role" time="1.208" /><testcase classname="backend.tests.test_iter345_preview_auth_login_flow" name="test_success_login_sets_httponly_cookies" time="1.269" /><testcase classname="backend.tests.test_iter345_preview_auth_login_flow" name="test_auth_me_returns_logged_in_user" time="0.750" /><testcase classname="backend.tests.test_iter345_preview_auth_login_flow" name="test_lockout_after_five_failed_attempts" time="3.123" /><testcase classname="backend.tests.test_iter345_preview_auth_login_flow" name="test_login_cors_headers_for_preview_origin" time="0.659"><failure message="assert None == 'true'&#10; +  where None = get('access-control-allow-credentials')&#10; +    where get = {'Date': 'Tue, 11 Aug 2026 15:48:18 GMT', 'Content-Type': 'application/json', 'Transfer-Encoding': 'chunked', 'Connection': 'keep-alive', 'CF-Ray': 'a298623a0c31eae2-ORD', 'CF-Cache-Status': 'DYNAMIC', 'Access-Control-Allow-Origin': '*', 'Cache-Control': 'no-store, no-cache, must-revalidate', 'Server': 'cloudflare', 'x-xss-protection': '1; mode=block', 'Via': '1.1 google', 'Access-Control-Allow-Headers': '*', 'Access-Control-Allow-Methods': 'GET, POST, PUT, DELETE, OPTIONS, HEAD, PATCH', 'Access-Control-Max-Age': '300', 'content-security-policy': &quot;frame-ancestors 'none'&quot;, 'permissions-policy': 'camera=(), microphone=(), geolocation=(), payment=(), usb=()', 'referrer-policy': 'strict-origin-when-cross-origin', 'x-content-type-options': 'nosniff', 'x-frame-options': 'DENY', 'Set-Cookie': 'access_token=eyJhbGciOiJIUzI1NiIsInR5cCI6IkpXVCJ9.eyJzdWIiOiJcdTA2NDVcdTA2MmZcdTA2NGFcdTA2MzEiLCJyb2xlIjoiYWRtaW4iLCJpYXQiOjE3ODY0NjMyOTgsImV4cCI6MTc4NjQ2Njg5OCwidHlwZSI6ImFjY2VzcyJ9.suS8r9axPUNXzoEZCrblxeMIc0i0g59lT14mVeFC77U; HttpOnly; Max-Age=3600; Path=/; Secure; SameSite=None; Partitioned, refresh_token=eyJhbGciOiJIUzI1NiIsInR5cCI6IkpXVCJ9.eyJzdWIiOiJcdTA2NDVcdTA2MmZcdTA2NGFcdTA2MzEiLCJqdGkiOiJydF8yMTg0OGJlYTY0YmM0Mzk1OTc4YTE4NGJjY2MyYTk3YSIsImZhbSI6ImZhbV84YWRhMjQ0MzhlNWU0OGE2IiwiZGlkIjpudWxsLCJpYXQiOjE3ODY0NjMyOTgsImV4cCI6MTc4NzA2ODA5OCwidHlwZSI6InJlZnJlc2gifQ.8o6OyvKL3QywLuM9RJ2o-hGKpCbYEPhauZbf_LQTsHQ; HttpOnly; Max-Age=604800; Path=/; Secure; SameSite=None; Partitioned, __cf_bm=JY54RapiGUH9wOsJLONw0KrpEwtIZYfs5Jis2nIigwE-1786463297.6038334-1.0.1.1-VdGOaO35Geygv61gZltDVVumWjVe5k8Vds04Iw9.NLrd.TWqll.moCE4De2Hkv7FA1mNkqTvPu9gmjvrD6xEqpPCBg7.iJnsfLXXpHM7.tJeh3QVx8hG6IQuIwLiU0mx; HttpOnly; SameSite=None; Secure; Path=/; Domain=preview.emergentagent.com; Expires=Tue, 11 Aug 2026 16:18:18 GMT', 'X-Robots-Tag': 'noindex, nofollow', 'Content-Encoding': 'gzip'}.get&#10; +      where {'Date': 'Tue, 11 Aug 2026 15:48:18 GMT', 'Content-Type': 'application/json', 'Transfer-Encoding': 'chunked', 'Connection': 'keep-alive', 'CF-Ray': 'a298623a0c31eae2-ORD', 'CF-Cache-Status': 'DYNAMIC', 'Access-Control-Allow-Origin': '*', 'Cache-Control': 'no-store, no-cache, must-revalidate', 'Server': 'cloudflare', 'x-xss-protection': '1; mode=block', 'Via': '1.1 google', 'Access-Control-Allow-Headers': '*', 'Access-Control-Allow-Methods': 'GET, POST, PUT, DELETE, OPTIONS, HEAD, PATCH', 'Access-Control-Max-Age': '300', 'content-security-policy': &quot;frame-ancestors 'none'&quot;, 'permissions-policy': 'camera=(), microphone=(), geolocation=(), payment=(), usb=()', 'referrer-policy': 'strict-origin-when-cross-origin', 'x-content-type-options': 'nosniff', 'x-frame-options': 'DENY', 'Set-Cookie': 'access_token=eyJhbGciOiJIUzI1NiIsInR5cCI6IkpXVCJ9.eyJzdWIiOiJcdTA2NDVcdTA2MmZcdTA2NGFcdTA2MzEiLCJyb2xlIjoiYWRtaW4iLCJpYXQiOjE3ODY0NjMyOTgsImV4cCI6MTc4NjQ2Njg5OCwidHlwZSI6ImFjY2VzcyJ9.suS8r9axPUNXzoEZCrblxeMIc0i0g59lT14mVeFC77U; HttpOnly; Max-Age=3600; Path=/; Secure; SameSite=None; Partitioned, refresh_token=eyJhbGciOiJIUzI1NiIsInR5cCI6IkpXVCJ9.eyJzdWIiOiJcdTA2NDVcdTA2MmZcdTA2NGFcdTA2MzEiLCJqdGkiOiJydF8yMTg0OGJlYTY0YmM0Mzk1OTc4YTE4NGJjY2MyYTk3YSIsImZhbSI6ImZhbV84YWRhMjQ0MzhlNWU0OGE2IiwiZGlkIjpudWxsLCJpYXQiOjE3ODY0NjMyOTgsImV4cCI6MTc4NzA2ODA5OCwidHlwZSI6InJlZnJlc2gifQ.8o6OyvKL3QywLuM9RJ2o-hGKpCbYEPhauZbf_LQTsHQ; HttpOnly; Max-Age=604800; Path=/; Secure; SameSite=None; Partitioned, __cf_bm=JY54RapiGUH9wOsJLONw0KrpEwtIZYfs5Jis2nIigwE-1786463297.6038334-1.0.1.1-VdGOaO35Geygv61gZltDVVumWjVe5k8Vds04Iw9.NLrd.TWqll.moCE4De2Hkv7FA1mNkqTvPu9gmjvrD6xEqpPCBg7.iJnsfLXXpHM7.tJeh3QVx8hG6IQuIwLiU0mx; HttpOnly; SameSite=None; Secure; Path=/; Domain=preview.emergentagent.com; Expires=Tue, 11 Aug 2026 16:18:18 GMT', 'X-Robots-Tag': 'noindex, nofollow', 'Content-Encoding': 'gzip'} = &lt;Response [200]&gt;.headers">backend/tests/test_iter345_preview_auth_login_flow.py:132: in test_login_cors_headers_for_preview_origin
    assert res.headers.get("access-control-allow-credentials") == "true"
E   assert None == 'true'
E    +  where None = get('access-control-allow-credentials')
E    +    where get = {'Date': 'Tue, 11 Aug 2026 15:48:18 GMT', 'Content-Type': 'application/json', 'Transfer-Encoding': 'chunked', 'Connection': 'keep-alive', 'CF-Ray': 'a298623a0c31eae2-ORD', 'CF-Cache-Status': 'DYNAMIC', 'Access-Control-Allow-Origin': '*', 'Cache-Control': 'no-store, no-cache, must-revalidate', 'Server': 'cloudflare', 'x-xss-protection': '1; mode=block', 'Via': '1.1 google', 'Access-Control-Allow-Headers': '*', 'Access-Control-Allow-Methods': 'GET, POST, PUT, DELETE, OPTIONS, HEAD, PATCH', 'Access-Control-Max-Age': '300', 'content-security-policy': "frame-ancestors 'none'", 'permissions-policy': 'camera=(), microphone=(), geolocation=(), payment=(), usb=()', 'referrer-policy': 'strict-origin-when-cross-origin', 'x-content-type-options': 'nosniff', 'x-frame-options': 'DENY', 'Set-Cookie': 'access_token=eyJhbGciOiJIUzI1NiIsInR5cCI6IkpXVCJ9.eyJzdWIiOiJcdTA2NDVcdTA2MmZcdTA2NGFcdTA2MzEiLCJyb2xlIjoiYWRtaW4iLCJpYXQiOjE3ODY0NjMyOTgsImV4cCI6MTc4NjQ2Njg5OCwidHlwZSI6ImFjY2VzcyJ9.suS8r9axPUNXzoEZCrblxeMIc0i0g59lT14mVeFC77U; HttpOnly; Max-Age=3600; Path=/; Secure; SameSite=None; Partitioned, refresh_token=eyJhbGciOiJIUzI1NiIsInR5cCI6IkpXVCJ9.eyJzdWIiOiJcdTA2NDVcdTA2MmZcdTA2NGFcdTA2MzEiLCJqdGkiOiJydF8yMTg0OGJlYTY0YmM0Mzk1OTc4YTE4NGJjY2MyYTk3YSIsImZhbSI6ImZhbV84YWRhMjQ0MzhlNWU0OGE2IiwiZGlkIjpudWxsLCJpYXQiOjE3ODY0NjMyOTgsImV4cCI6MTc4NzA2ODA5OCwidHlwZSI6InJlZnJlc2gifQ.8o6OyvKL3QywLuM9RJ2o-hGKpCbYEPhauZbf_LQTsHQ; HttpOnly; Max-Age=604800; Path=/; Secure; SameSite=None; Partitioned, __cf_bm=JY54RapiGUH9wOsJLONw0KrpEwtIZYfs5Jis2nIigwE-1786463297.6038334-1.0.1.1-VdGOaO35Geygv61gZltDVVumWjVe5k8Vds04Iw9.NLrd.TWqll.moCE4De2Hkv7FA1mNkqTvPu9gmjvrD6xEqpPCBg7.iJnsfLXXpHM7.tJeh3QVx8hG6IQuIwLiU0mx; HttpOnly; SameSite=None; Secure; Path=/; Domain=preview.emergentagent.com; Expires=Tue, 11 Aug 2026 16:18:18 GMT', 'X-Robots-Tag': 'noindex, nofollow', 'Content-Encoding': 'gzip'}.get
E    +      where {'Date': 'Tue, 11 Aug 2026 15:48:18 GMT', 'Content-Type': 'application/json', 'Transfer-Encoding': 'chunked', 'Connection': 'keep-alive', 'CF-Ray': 'a298623a0c31eae2-ORD', 'CF-Cache-Status': 'DYNAMIC', 'Access-Control-Allow-Origin': '*', 'Cache-Control': 'no-store, no-cache, must-revalidate', 'Server': 'cloudflare', 'x-xss-protection': '1; mode=block', 'Via': '1.1 google', 'Access-Control-Allow-Headers': '*', 'Access-Control-Allow-Methods': 'GET, POST, PUT, DELETE, OPTIONS, HEAD, PATCH', 'Access-Control-Max-Age': '300', 'content-security-policy': "frame-ancestors 'none'", 'permissions-policy': 'camera=(), microphone=(), geolocation=(), payment=(), usb=()', 'referrer-policy': 'strict-origin-when-cross-origin', 'x-content-type-options': 'nosniff', 'x-frame-options': 'DENY', 'Set-Cookie': 'access_token=eyJhbGciOiJIUzI1NiIsInR5cCI6IkpXVCJ9.eyJzdWIiOiJcdTA2NDVcdTA2MmZcdTA2NGFcdTA2MzEiLCJyb2xlIjoiYWRtaW4iLCJpYXQiOjE3ODY0NjMyOTgsImV4cCI6MTc4NjQ2Njg5OCwidHlwZSI6ImFjY2VzcyJ9.suS8r9axPUNXzoEZCrblxeMIc0i0g59lT14mVeFC77U; HttpOnly; Max-Age=3600; Path=/; Secure; SameSite=None; Partitioned, refresh_token=eyJhbGciOiJIUzI1NiIsInR5cCI6IkpXVCJ9.eyJzdWIiOiJcdTA2NDVcdTA2MmZcdTA2NGFcdTA2MzEiLCJqdGkiOiJydF8yMTg0OGJlYTY0YmM0Mzk1OTc4YTE4NGJjY2MyYTk3YSIsImZhbSI6ImZhbV84YWRhMjQ0MzhlNWU0OGE2IiwiZGlkIjpudWxsLCJpYXQiOjE3ODY0NjMyOTgsImV4cCI6MTc4NzA2ODA5OCwidHlwZSI6InJlZnJlc2gifQ.8o6OyvKL3QywLuM9RJ2o-hGKpCbYEPhauZbf_LQTsHQ; HttpOnly; Max-Age=604800; Path=/; Secure; SameSite=None; Partitioned, __cf_bm=JY54RapiGUH9wOsJLONw0KrpEwtIZYfs5Jis2nIigwE-1786463297.6038334-1.0.1.1-VdGOaO35Geygv61gZltDVVumWjVe5k8Vds04Iw9.NLrd.TWqll.moCE4De2Hkv7FA1mNkqTvPu9gmjvrD6xEqpPCBg7.iJnsfLXXpHM7.tJeh3QVx8hG6IQuIwLiU0mx; HttpOnly; SameSite=None; Secure; Path=/; Domain=preview.emergentagent.com; Expires=Tue, 11 Aug 2026 16:18:18 GMT', 'X-Robots-Tag': 'noindex, nofollow', 'Content-Encoding': 'gzip'} = &lt;Response [200]&gt;.headers</failure></testcase><testcase classname="backend.tests.test_iter345_preview_auth_login_flow" name="test_preview_users_password_hashes_are_bcrypt_2b" time="0.000"><skipped type="pytest.skip" message="MONGO_URL/DB_NAME missing">/app/backend/tests/test_iter345_preview_auth_login_flow.py:141: MONGO_URL/DB_NAME missing</skipped></testcase></testsuite></testsuites>