<?xml version="1.0" encoding="utf-8"?><testsuites name="pytest tests"><testsuite name="pytest" errors="0" failures="0" skipped="0" tests="58" time="3.313" timestamp="2026-08-08T13:06:15.286580+00:00" hostname="agent-env-1670a499-11bb-4654-8ed3-3a534866f3b0"><testcase classname="backend.tests.test_decimal_prd_v1_1.TestDecimalPrecision" name="test_float_artifact_eliminated" time="0.000" /><testcase classname="backend.tests.test_decimal_prd_v1_1.TestDecimalPrecision" name="test_ten_dimes_equal_one" time="0.000" /><testcase classname="backend.tests.test_decimal_prd_v1_1.TestDecimalPrecision" name="test_rounding_half_up" time="0.000" /><testcase classname="backend.tests.test_decimal_prd_v1_1.TestDecimalPrecision" name="test_quantized_to_cent" time="0.000" /><testcase classname="backend.tests.test_decimal_prd_v1_1.TestDecimalParsing" name="test_valid_inputs[1,006.25-expected0]" time="0.000" /><testcase classname="backend.tests.test_decimal_prd_v1_1.TestDecimalParsing" name="test_valid_inputs[500-expected1]" time="0.000" /><testcase classname="backend.tests.test_decimal_prd_v1_1.TestDecimalParsing" name="test_valid_inputs[500-expected2]" time="0.000" /><testcase classname="backend.tests.test_decimal_prd_v1_1.TestDecimalParsing" name="test_valid_inputs[500.0-expected3]" time="0.000" /><testcase classname="backend.tests.test_decimal_prd_v1_1.TestDecimalParsing" name="test_valid_inputs[raw4-expected4]" time="0.000" /><testcase classname="backend.tests.test_decimal_prd_v1_1.TestDecimalParsing" name="test_valid_inputs[  2500.5 -expected5]" time="0.000" /><testcase classname="backend.tests.test_decimal_prd_v1_1.TestDecimalValidation" name="test_corrupt_values_rejected[abc]" time="0.000" /><testcase classname="backend.tests.test_decimal_prd_v1_1.TestDecimalValidation" name="test_corrupt_values_rejected[None]" time="0.000" /><testcase classname="backend.tests.test_decimal_prd_v1_1.TestDecimalValidation" name="test_corrupt_values_rejected[True]" time="0.000" /><testcase classname="backend.tests.test_decimal_prd_v1_1.TestDecimalValidation" name="test_corrupt_values_rejected[False]" time="0.000" /><testcase classname="backend.tests.test_decimal_prd_v1_1.TestDecimalValidation" name="test_corrupt_values_rejected[]" time="0.000" /><testcase classname="backend.tests.test_decimal_prd_v1_1.TestDecimalValidation" name="test_corrupt_values_rejected[  ]" time="0.000" /><testcase classname="backend.tests.test_decimal_prd_v1_1.TestDecimalValidation" name="test_corrupt_values_rejected[nan]" time="0.000" /><testcase classname="backend.tests.test_decimal_prd_v1_1.TestDecimalValidation" name="test_corrupt_values_rejected[inf]" time="0.000" /><testcase classname="backend.tests.test_decimal_prd_v1_1.TestDecimalValidation" name="test_corrupt_values_rejected[-inf]" time="0.000" /><testcase classname="backend.tests.test_decimal_prd_v1_1.TestDecimalValidation" name="test_corrupt_values_rejected[NaN]" time="0.000" /><testcase classname="backend.tests.test_decimal_prd_v1_1.TestDecimalValidation" name="test_corrupt_values_rejected[Infinity]" time="0.000" /><testcase classname="backend.tests.test_decimal_prd_v1_1.TestDecimalValidation" name="test_corrupt_values_rejected[-Infinity]" time="0.000" /><testcase classname="backend.tests.test_decimal_prd_v1_1.TestDecimalValidation" name="test_corrupt_values_rejected[undefined]" time="0.000" /><testcase classname="backend.tests.test_decimal_prd_v1_1.TestDecimalValidation" name="test_corrupt_values_rejected[null]" time="0.000" /><testcase classname="backend.tests.test_decimal_prd_v1_1.TestDecimalValidation" name="test_error_message_contains_value" time="0.000" /><testcase classname="backend.tests.test_decimal_prd_v1_1.TestDecimalValidation" name="test_missing_side_is_structural_zero" time="0.000" /><testcase classname="backend.tests.test_decimal_prd_v1_1.TestDecimalValidation" name="test_post_rejects_corrupt_line" time="0.000" /><testcase classname="backend.tests.test_decimal_prd_v1_1.TestStrictBalance" name="test_one_halala_imbalance_rejected" time="0.000" /><testcase classname="backend.tests.test_decimal_prd_v1_1.TestStrictBalance" name="test_exact_balance_accepted" time="0.000" /><testcase classname="backend.tests.test_decimal_prd_v1_1.TestStrictBalance" name="test_old_tolerance_no_longer_accepted" time="0.000" /><testcase classname="backend.tests.test_decimal_prd_v1_1.TestHashRegression" name="test_real_fingerprints_stable" time="0.000" /><testcase classname="backend.tests.test_decimal_prd_v1_1.TestHashRegression" name="test_hash_input_representation_stable_across_types" time="0.000" /><testcase classname="backend.tests.test_decimal_prd_v1_1.TestMixedInvoice" name="test_parts_services_discount_invoice" time="0.000" /><testcase classname="backend.tests.test_decimal_prd_v1_1.TestVatRoundingSettlement" name="test_distribution_produces_settlement_diff" time="0.000" /><testcase classname="backend.tests.test_decimal_prd_v1_1.TestVatRoundingSettlement" name="test_single_settlement_line_to_configured_account" time="1.454" /><testcase classname="backend.tests.test_decimal_prd_v1_1.TestVatRoundingSettlement" name="test_no_settlement_when_exact" time="0.000" /><testcase classname="backend.tests.test_decimal_prd_v1_1.TestVatRoundingSettlement" name="test_settlement_cap_rejects_calc_errors" time="0.000" /><testcase classname="backend.tests.test_decimal_prd_v1_1.TestVatRoundingSettlement" name="test_balanced_entry_with_settlement_line" time="0.857" /><testcase classname="backend.tests.test_decimal_prd_v1_1.TestDiscountBeforeVat" name="test_prd_example_1000_minus_12_5_percent" time="0.000" /><testcase classname="backend.tests.test_decimal_prd_v1_1.TestReverseEntry" name="test_reverse_swaps_all_lines_and_new_hash" time="0.000" /><testcase classname="backend.tests.test_decimal_prd_v1_1.TestReverseEntry" name="test_reversal_not_negative" time="0.000" /><testcase classname="backend.tests.test_decimal_prd_v1_1.TestPartialPayment" name="test_balance_decimal_exact" time="0.000" /><testcase classname="backend.tests.test_decimal_prd_v1_1.TestPartialPayment" name="test_uneven_partials" time="0.000" /><testcase classname="backend.tests.test_decimal_prd_v1_1.TestSecurity" name="test_duplicate_posting_idempotent" time="0.001" /><testcase classname="backend.tests.test_decimal_prd_v1_1.TestSecurity" name="test_negative_amount_rejected" time="0.000" /><testcase classname="backend.tests.test_decimal_prd_v1_1.TestSecurity" name="test_zero_posting_rejected" time="0.000" /><testcase classname="backend.tests.test_decimal_prd_v1_1.TestSecurity" name="test_memo_zero_line_allowed" time="0.000" /><testcase classname="backend.tests.test_decimal_prd_v1_1.TestSecurity" name="test_memo_only_entry_rejected" time="0.000" /><testcase classname="backend.tests.test_decimal_prd_v1_1.TestSecurity" name="test_large_amount_within_range" time="0.000" /><testcase classname="backend.tests.test_decimal_prd_v1_1.TestSecurity" name="test_amount_beyond_range_rejected" time="0.000" /><testcase classname="backend.tests.test_decimal_prd_v1_1.TestSecurity" name="test_legacy_float_read_compatibility" time="0.000" /><testcase classname="backend.tests.test_decimal_prd_v1_1.TestConfiguration" name="test_missing_vat_rounding_account_is_explicit_error" time="0.000" /><testcase classname="backend.tests.test_decimal_prd_v1_1.TestConfiguration" name="test_configured_account_resolves_to_179" time="0.836" /><testcase classname="backend.tests.test_decimal_prd_v1_1.TestStress" name="test_10k_journal_lines_balanced" time="0.074" /><testcase classname="backend.tests.test_decimal_prd_v1_1.TestStress" name="test_10k_random_decimals_no_precision_loss" time="0.006" /><testcase classname="backend.tests.test_decimal_prd_v1_1.TestStress" name="test_validation_speed_kpi_under_50ms" time="0.003" /><testcase classname="backend.tests.test_decimal_prd_v1_1.TestStress" name="test_hash_stability_repeated" time="0.006" /><testcase classname="backend.tests.test_decimal_prd_v1_1.TestStress" name="test_concurrent_duplicate_claims" time="0.002" /></testsuite></testsuites>