<?xml version="1.0" encoding="utf-8"?><testsuites name="pytest tests"><testsuite name="pytest" errors="0" failures="1" skipped="0" tests="23" time="117.439" timestamp="2026-08-03T19:23:16.538927+00:00" hostname="agent-env-1670a499-11bb-4654-8ed3-3a534866f3b0"><testcase classname="backend.tests.test_iter326_readonly_audit" name="test_auth_login_sets_httponly_cookie" time="0.849" /><testcase classname="backend.tests.test_iter326_readonly_audit" name="test_auth_cors_credentials_origin_echo_on_login" time="0.673"><failure message="AssertionError: assert '*' == 'https://ar-l...gentagent.com'&#10;  &#10;  - https://finance-overhaul-7.preview.emergentagent.com&#10;  + *">backend/tests/test_iter326_readonly_audit.py:135: in test_auth_cors_credentials_origin_echo_on_login
    assert allow_origin == base_url
E   AssertionError: assert '*' == 'https://ar-l...gentagent.com'
E     
E     - https://finance-overhaul-7.preview.emergentagent.com
E     + *</failure></testcase><testcase classname="backend.tests.test_iter326_readonly_audit" name="test_manager_pin_hash_stored_as_bcrypt_2b_prefix" time="0.005" /><testcase classname="backend.tests.test_iter326_readonly_audit" name="test_bruteforce_lockout_after_five_failed_attempts" time="2.054" /><testcase classname="backend.tests.test_iter326_readonly_audit" name="test_seed_admin_pin_wiring_exists_in_startup_code" time="0.001" /><testcase classname="backend.tests.test_iter326_readonly_audit" name="test_core_counts_and_non_placeholder_data[vehicles-/api/vehicles-None-50]" time="1.372" /><testcase classname="backend.tests.test_iter326_readonly_audit" name="test_core_counts_and_non_placeholder_data[customers-/api/customers-None-50]" time="43.370" /><testcase classname="backend.tests.test_iter326_readonly_audit" name="test_core_counts_and_non_placeholder_data[technicians-/api/technicians-None-1]" time="0.555" /><testcase classname="backend.tests.test_iter326_readonly_audit" name="test_core_counts_and_non_placeholder_data[suppliers-/api/suppliers-None-1]" time="2.378" /><testcase classname="backend.tests.test_iter326_readonly_audit" name="test_core_counts_and_non_placeholder_data[parts-/api/parts-None-1]" time="0.385" /><testcase classname="backend.tests.test_iter326_readonly_audit" name="test_core_counts_and_non_placeholder_data[services-/api/services-None-1]" time="0.648" /><testcase classname="backend.tests.test_iter326_readonly_audit" name="test_core_counts_and_non_placeholder_data[operations-/api/operations-query6-1]" time="2.003" /><testcase classname="backend.tests.test_iter326_readonly_audit" name="test_core_counts_and_non_placeholder_data[journal_entries-/api/finance/journal-entries-query7-1]" time="1.610" /><testcase classname="backend.tests.test_iter326_readonly_audit" name="test_core_counts_and_non_placeholder_data[templates-/api/document-templates-None-1]" time="0.782" /><testcase classname="backend.tests.test_iter326_readonly_audit" name="test_core_counts_and_non_placeholder_data[users-/api/users-None-2]" time="0.381" /><testcase classname="backend.tests.test_iter326_readonly_audit" name="test_core_counts_and_non_placeholder_data[invoices-/api/invoices-query10-1]" time="1.000" /><testcase classname="backend.tests.test_iter326_readonly_audit" name="test_inventory_dashboard_returns_real_aggregates" time="2.370" /><testcase classname="backend.tests.test_iter326_readonly_audit" name="test_unified_financial_summary_formula_and_engine" time="1.327" /><testcase classname="backend.tests.test_iter326_readonly_audit" name="test_ar_customers_and_ledger_status_200" time="44.695" /><testcase classname="backend.tests.test_iter326_readonly_audit" name="test_dry_run_confirm_payment_returns_preview_without_mutation" time="5.215" /><testcase classname="backend.tests.test_iter326_readonly_audit" name="test_removed_apis_return_404" time="0.268" /><testcase classname="backend.tests.test_iter326_readonly_audit" name="test_limited_user_forbidden_on_delete_operations_and_biz_account" time="1.563" /><testcase classname="backend.tests.test_iter326_readonly_audit" name="test_limited_user_dry_run_payment_permission_probe" time="3.679" /></testsuite></testsuites>