<?xml version="1.0" encoding="utf-8"?><testsuites name="pytest tests"><testsuite name="pytest" errors="0" failures="0" skipped="0" tests="14" time="9.465" timestamp="2026-08-08T12:15:59.358153+00:00" hostname="agent-env-1670a499-11bb-4654-8ed3-3a534866f3b0"><testcase classname="backend.tests.test_iter331_p0_unification_regression" name="test_health_endpoint" time="0.170" /><testcase classname="backend.tests.test_iter331_p0_unification_regression" name="test_login_sets_http_only_cookies" time="0.683" /><testcase classname="backend.tests.test_iter331_p0_unification_regression" name="test_cors_credentials_are_explicit" time="0.020" /><testcase classname="backend.tests.test_iter331_p0_unification_regression" name="test_bruteforce_lockout_after_five_failures" time="1.824" /><testcase classname="backend.tests.test_iter331_p0_unification_regression" name="test_approval_410_not_pending_and_not_approvable" time="0.727" /><testcase classname="backend.tests.test_iter331_p0_unification_regression" name="test_vehicle_financial_summary_uses_unified_engine" time="1.914" /><testcase classname="backend.tests.test_iter331_p0_unification_regression" name="test_ar_customers_as_of_contract" time="3.674" /><testcase classname="backend.tests.test_iter331_p0_unification_regression" name="test_safe_insert_journal_entry_has_no_direct_fallback_insert" time="0.001" /><testcase classname="backend.tests.test_iter331_p0_unification_regression" name="test_create_draft_persists_required_provenance_fields" time="0.000" /><testcase classname="backend.tests.test_iter331_p0_unification_regression" name="test_financial_ai_or_test_artifact_requires_conversion_before_approval" time="0.000" /><testcase classname="backend.tests.test_iter331_p0_unification_regression" name="test_visit_sync_uses_explicit_mismatch_error_and_no_direct_delete" time="0.000" /><testcase classname="backend.tests.test_iter331_p0_unification_regression" name="test_supplier_balance_payment_blocks_missing_suppliers_and_checks_engine_result" time="0.000" /><testcase classname="backend.tests.test_iter331_p0_unification_regression" name="test_upsert_entity_blocks_primary_tables_when_primary_db_unavailable" time="0.000" /><testcase classname="backend.tests.test_iter331_p0_unification_regression" name="test_auth_hashes_are_bcrypt_2b_and_startup_seeding_wired" time="0.355" /></testsuite></testsuites>