<?xml version="1.0" encoding="utf-8"?><testsuites name="pytest tests"><testsuite name="pytest" errors="0" failures="0" skipped="0" tests="3" time="2.543" timestamp="2026-07-18T15:14:49.922711+00:00" hostname="agent-env-a2113c22-0dfc-4a0f-aaef-4d5b3a5676f1"><testcase classname="backend.tests.test_auth_preview_username_pin_iter258" name="test_quick_pin_manager_and_ahmed_new_device_roles" time="1.091" /><testcase classname="backend.tests.test_auth_preview_username_pin_iter258" name="test_auth_credentials_has_ahmed_pin_hash_without_plain_pin_field" time="0.005" /><testcase classname="backend.tests.test_auth_preview_username_pin_iter258" name="test_wrong_username_device_id_not_reused_and_new_device_issued_for_ahmed" time="1.235" /></testsuite></testsuites>