<?xml version="1.0" encoding="utf-8"?><testsuites name="pytest tests"><testsuite name="pytest" errors="0" failures="0" skipped="0" tests="20" time="7.426" timestamp="2026-08-08T15:07:42.194721+00:00" hostname="agent-env-1670a499-11bb-4654-8ed3-3a534866f3b0"><testcase classname="backend.tests.test_iter331_p0_unification_regression" name="test_health_endpoint" time="0.247" /><testcase classname="backend.tests.test_iter331_p0_unification_regression" name="test_login_sets_http_only_cookies" time="0.655" /><testcase classname="backend.tests.test_iter331_p0_unification_regression" name="test_cors_credentials_are_explicit" time="0.017" /><testcase classname="backend.tests.test_iter331_p0_unification_regression" name="test_bruteforce_lockout_after_five_failures" time="1.839" /><testcase classname="backend.tests.test_iter331_p0_unification_regression" name="test_approval_410_not_pending_and_not_approvable" time="0.700" /><testcase classname="backend.tests.test_iter331_p0_unification_regression" name="test_vehicle_financial_summary_uses_unified_engine" time="1.860" /><testcase classname="backend.tests.test_iter331_p0_unification_regression" name="test_ar_customers_as_of_contract" time="1.629" /><testcase classname="backend.tests.test_iter331_p0_unification_regression" name="test_safe_insert_journal_entry_has_no_direct_fallback_insert" time="0.001" /><testcase classname="backend.tests.test_iter331_p0_unification_regression" name="test_backend_import_graph_has_no_confirmed_cycles" time="0.000" /><testcase classname="backend.tests.test_iter331_p0_unification_regression" name="test_no_direct_journal_entries_write_outside_accounting_engine" time="0.041" /><testcase classname="backend.tests.test_iter331_p0_unification_regression" name="test_legacy_financial_fallbacks_are_disabled_or_explicit" time="0.001" /><testcase classname="backend.tests.test_iter331_p0_unification_regression" name="test_print_document_does_not_use_insert_adjacent_html" time="0.000" /><testcase classname="backend.tests.test_iter331_p0_unification_regression" name="test_iter331_has_no_hardcoded_manager_secret" time="0.000" /><testcase classname="backend.tests.test_iter331_p0_unification_regression" name="test_assistant_runtime_collections_are_environment_isolated" time="0.002" /><testcase classname="backend.tests.test_iter331_p0_unification_regression" name="test_create_draft_persists_required_provenance_fields" time="0.000" /><testcase classname="backend.tests.test_iter331_p0_unification_regression" name="test_financial_ai_or_test_artifact_requires_conversion_before_approval" time="0.000" /><testcase classname="backend.tests.test_iter331_p0_unification_regression" name="test_visit_sync_uses_explicit_mismatch_error_and_no_direct_delete" time="0.000" /><testcase classname="backend.tests.test_iter331_p0_unification_regression" name="test_supplier_balance_payment_blocks_missing_suppliers_and_checks_engine_result" time="0.000" /><testcase classname="backend.tests.test_iter331_p0_unification_regression" name="test_upsert_entity_blocks_primary_tables_when_primary_db_unavailable" time="0.000" /><testcase classname="backend.tests.test_iter331_p0_unification_regression" name="test_auth_hashes_are_bcrypt_2b_and_startup_seeding_wired" time="0.356" /></testsuite></testsuites>