<?xml version="1.0" encoding="utf-8"?><testsuites name="pytest tests"><testsuite name="pytest" errors="0" failures="1" skipped="0" tests="5" time="35.305" timestamp="2026-07-02T22:26:47.190458+00:00" hostname="agent-env-6fb22532-9684-4c10-a8f4-3be21d7ec5a4"><testcase classname="backend.tests.test_katrina_iter247" name="test_purchase_present_tense_pending" time="4.202" /><testcase classname="backend.tests.test_katrina_iter247" name="test_purchase_past_tense_pending" time="2.016" /><testcase classname="backend.tests.test_katrina_iter247" name="test_pending_approvals_intent" time="20.011"><failure message="AssertionError: expected pending_approvals tool result, got: {'session_id': 'iter247-4749ad9a', 'agent': 'Assistant', 'assistant_name': 'كاترينا', 'assistant_version': 'L16', 'intent': 'question', 'tool_results': [{'success': True, 'tool': 'runtime.pending_approvals', 'agent': 'WorkshopAgent', 'result': {'count': 10, 'cards': [{'type': 'ApprovalCard', 'id': 'ea880855d95b', 'title': 'موافقة — pending', 'status': 'pending', 'data': {'approval_id': 'ea880855d95b', 'draft_id': 'ba1a0fe6811c', 'status': 'pending', 'requester': 'مدير', 'approver': None, 'created_at': 1783031213.4813159}, 'actions': [{'id': 'approve', 'label': 'اعتماد', 'intent': 'runtime', 'endpoint': '/api/runtime/approvals/ea880855d95b/approve', 'method': 'POST', 'disabled_when': ['approved', 'rejected']}, {'id': 'reject', 'label': 'رفض', 'intent': 'runtime', 'endpoint': '/api/runtime/approvals/ea880855d95b/reject', 'method': 'POST', 'disabled_when': ['approved', 'rejected']}, {'id': 'view_audit', 'label': 'تدقيق', 'intent': 'runtime', 'endpoint': '/api/runtime/audit', 'method': 'GET'}]}, {'type': 'ApprovalCard', 'id': '4f27717339a1', 'title': 'موافقة — pending', 'status': 'pending', 'data': {'approval_id': '4f27717339a1', 'draft_id': '4e299c874a2a', 'status': 'pending', 'requester': 'مدير', 'approver': None, 'created_at': 1783031211.4593008}, 'actions': [{'id': 'approve', 'label': 'اعتماد', 'intent': 'runtime', 'endpoint': '/api/runtime/approvals/4f27717339a1/approve', 'method': 'POST', 'disabled_when': ['approved', 'rejected']}, {'id': 'reject', 'label': 'رفض', 'intent': 'runtime', 'endpoint': '/api/runtime/approvals/4f27717339a1/reject', 'method': 'POST', 'disabled_when': ['approved', 'rejected']}, {'id': 'view_audit', 'label': 'تدقيق', 'intent': 'runtime', 'endpoint': '/api/runtime/audit', 'method': 'GET'}]}, {'type': 'ApprovalCard', 'id': 'f0676fe1293b', 'title': 'موافقة — pending', 'status': 'pending', 'data': {'approval_id': 'f0676fe1293b', 'draft_id': '643d84598852', 'status': 'pending', 'requester': 'مدير', 'approver': None, 'created_at': 1783030792.1281927}, 'actions': [{'id': 'approve', 'label': 'اعتماد', 'intent': 'runtime', 'endpoint': '/api/runtime/approvals/f0676fe1293b/approve', 'method': 'POST', 'disabled_when': ['approved', 'rejected']}, {'id': 'reject', 'label': 'رفض', 'intent': 'runtime', 'endpoint': '/api/runtime/approvals/f0676fe1293b/reject', 'method': 'POST', 'disabled_when': ['approved', 'rejected']}, {'id': 'view_audit', 'label': 'تدقيق', 'intent': 'runtime', 'endpoint': '/api/runtime/audit', 'method': 'GET'}]}, {'type': 'ApprovalCard', 'id': '9a7b76480cc1', 'title': 'موافقة — pending', 'status': 'pending', 'data': {'approval_id': '9a7b76480cc1', 'draft_id': '735a1bcf4339', 'status': 'pending', 'requester': 'مدير', 'approver': None, 'created_at': 1783030473.0401785}, 'actions': [{'id': 'approve', 'label': 'اعتماد', 'intent': 'runtime', 'endpoint': '/api/runtime/approvals/9a7b76480cc1/approve', 'method': 'POST', 'disabled_when': ['approved', 'rejected']}, {'id': 'reject', 'label': 'رفض', 'intent': 'runtime', 'endpoint': '/api/runtime/approvals/9a7b76480cc1/reject', 'method': 'POST', 'disabled_when': ['approved', 'rejected']}, {'id': 'view_audit', 'label': 'تدقيق', 'intent': 'runtime', 'endpoint': '/api/runtime/audit', 'method': 'GET'}]}, {'type': 'ApprovalCard', 'id': 'c1fb89bed17b', 'title': 'موافقة — pending', 'status': 'pending', 'data': {'approval_id': 'c1fb89bed17b', 'draft_id': '59b18c531b9b', 'status': 'pending', 'requester': 'مدير', 'approver': None, 'created_at': 1783030395.3573735}, 'actions': [{'id': 'approve', 'label': 'اعتماد', 'intent': 'runtime', 'endpoint': '/api/runtime/approvals/c1fb89bed17b/approve', 'method': 'POST', 'disabled_when': ['approved', 'rejected']}, {'id': 'reject', 'label': 'رفض', 'intent': 'runtime', 'endpoint': '/api/runtime/approvals/c1fb89bed17b/reject', 'method': 'POST', 'disabled_when': ['approved', 'rejected']}, {'id': 'view_audit', 'label': 'تدقيق', 'intent': 'runtime', 'endpoint': '/api/runtime/audit', 'method': 'GET'}]}, {'type': 'ApprovalCard', 'id': 'e1f72dde8211', 'title': 'موافقة — pending', 'status': 'pending', 'data': {'approval_id': 'e1f72dde8211', 'draft_id': 'ad3c29d847b6', 'status': 'pending', 'requester': 'مدير', 'approver': None, 'created_at': 1783028724.7591732}, 'actions': [{'id': 'approve', 'label': 'اعتماد', 'intent': 'runtime', 'endpoint': '/api/runtime/approvals/e1f72dde8211/approve', 'method': 'POST', 'disabled_when': ['approved', 'rejected']}, {'id': 'reject', 'label': 'رفض', 'intent': 'runtime', 'endpoint': '/api/runtime/approvals/e1f72dde8211/reject', 'method': 'POST', 'disabled_when': ['approved', 'rejected']}, {'id': 'view_audit', 'label': 'تدقيق', 'intent': 'runtime', 'endpoint': '/api/runtime/audit', 'method': 'GET'}]}, {'type': 'ApprovalCard', 'id': '73f0c9c17f65', 'title': 'موافقة — pending', 'status': 'pending', 'data': {'approval_id': '73f0c9c17f65', 'draft_id': '6f8fc085c481', 'status': 'pending', 'requester': 'مدير', 'approver': None, 'created_at': 1783028223.2815385}, 'actions': [{'id': 'approve', 'label': 'اعتماد', 'intent': 'runtime', 'endpoint': '/api/runtime/approvals/73f0c9c17f65/approve', 'method': 'POST', 'disabled_when': ['approved', 'rejected']}, {'id': 'reject', 'label': 'رفض', 'intent': 'runtime', 'endpoint': '/api/runtime/approvals/73f0c9c17f65/reject', 'method': 'POST', 'disabled_when': ['approved', 'rejected']}, {'id': 'view_audit', 'label': 'تدقيق', 'intent': 'runtime', 'endpoint': '/api/runtime/audit', 'method': 'GET'}]}, {'type': 'ApprovalCard', 'id': '7c540005c835', 'title': 'موافقة — pending', 'status': 'pending', 'data': {'approval_id': '7c540005c835', 'draft_id': '060869eedecf', 'status': 'pending', 'requester': 'مدير', 'approver': None, 'created_at': 1783027020.4042583}, 'actions': [{'id': 'approve', 'label': 'اعتماد', 'intent': 'runtime', 'endpoint': '/api/runtime/approvals/7c540005c835/approve', 'method': 'POST', 'disabled_when': ['approved', 'rejected']}, {'id': 'reject', 'label': 'رفض', 'intent': 'runtime', 'endpoint': '/api/runtime/approvals/7c540005c835/reject', 'method': 'POST', 'disabled_when': ['approved', 'rejected']}, {'id': 'view_audit', 'label': 'تدقيق', 'intent': 'runtime', 'endpoint': '/api/runtime/audit', 'method': 'GET'}]}, {'type': 'ApprovalCard', 'id': '2707d4b34dd7', 'title': 'موافقة — pending', 'status': 'pending', 'data': {'approval_id': '2707d4b34dd7', 'draft_id': 'd4c645c7109b', 'status': 'pending', 'requester': 'مدير', 'approver': None, 'created_at': 1783026997.154145}, 'actions': [{'id': 'approve', 'label': 'اعتماد', 'intent': 'runtime', 'endpoint': '/api/runtime/approvals/2707d4b34dd7/approve', 'method': 'POST', 'disabled_when': ['approved', 'rejected']}, {'id': 'reject', 'label': 'رفض', 'intent': 'runtime', 'endpoint': '/api/runtime/approvals/2707d4b34dd7/reject', 'method': 'POST', 'disabled_when': ['approved', 'rejected']}, {'id': 'view_audit', 'label': 'تدقيق', 'intent': 'runtime', 'endpoint': '/api/runtime/audit', 'method': 'GET'}]}, {'type': 'ApprovalCard', 'id': '4d8aba8581fa', 'title': 'موافقة — pending', 'status': 'pending', 'data': {'approval_id': '4d8aba8581fa', 'draft_id': '04f99d95edb8', 'status': 'pending', 'requester': 'مدير', 'approver': None, 'created_at': 1783026952.115368}, 'actions': [{'id': 'approve', 'label': 'اعتماد', 'intent': 'runtime', 'endpoint': '/api/runtime/approvals/4d8aba8581fa/approve', 'method': 'POST', 'disabled_when': ['approved', 'rejected']}, {'id': 'reject', 'label': 'رفض', 'intent': 'runtime', 'endpoint': '/api/runtime/approvals/4d8aba8581fa/reject', 'method': 'POST', 'disabled_when': ['approved', 'rejected']}, {'id': 'view_audit', 'label': 'تدقيق', 'intent': 'runtime', 'endpoint': '/api/runtime/audit', 'method': 'GET'}]}], 'approvals': [{'id': 'ea880855d95b', 'draft_id': 'ba1a0fe6811c', 'requester': 'مدير', 'status': 'pending', 'created_at': 1783031213.4813159, 'action': 'purchase', 'payload': {'supplier': 'النخبة', 'payment_method': 'cash', 'vat': {'mode': 'none', 'rate': 0.15, 'inclusive': False}, 'items': [{'name': 'بواجي', 'price': 80.0, 'qty': 1.0, 'line_total': 80.0, 'matched_id': None}], 'assumptions': ['⚠️ افترضت: بدون ضريبة'], 'missing': [], 'supplier_id': None, 'supplier_is_new': False, '_target_label': 'النخبة', '_echo': {'type': 'شراء', 'entity': 'النخبة', 'amount': 80.0, 'net': 80.0, 'vat': 0.0, 'vat_mode': 'none', 'payment_method': 'cash', 'items_count': 1, 'items': [{'name': 'بواجي', 'price': 80.0, 'qty': 1.0, 'line_total': 80.0, 'matched_id': None}], 'accounts': 'مدين: مخزون قطع غيار (007) بالصافي · دائن: النقد (003)', 'assumptions': ['⚠️ افترضت: بدون ضريبة']}, '_assumptions': ['⚠️ افترضت: بدون ضريبة']}, 'proposer': 'مدير', 'session_id': 'iter247-ffce7438', 'draft_status': 'pending_approval'}, {'id': '4f27717339a1', 'draft_id': '4e299c874a2a', 'requester': 'مدير', 'status': 'pending', 'created_at': 1783031211.4593008, 'action': 'purchase', 'payload': {'supplier': 'التقوى', 'payment_method': 'cash', 'vat': {'mode': 'none', 'rate': 0.15, 'inclusive': False}, 'items': [{'name': 'فلتر زيت', 'price': 40.0, 'qty': 1.0, 'line_total': 40.0, 'matched_id': None}], 'assumptions': ['⚠️ افترضت: بدون ضريبة'], 'missing': [], 'supplier_id': None, 'supplier_is_new': False, '_target_label': 'التقوى', '_echo': {'type': 'شراء', 'entity': 'التقوى', 'amount': 40.0, 'net': 40.0, 'vat': 0.0, 'vat_mode': 'none', 'payment_method': 'cash', 'items_count': 1, 'items': [{'name': 'فلتر زيت', 'price': 40.0, 'qty': 1.0, 'line_total': 40.0, 'matched_id': None}], 'accounts': 'مدين: مخزون قطع غيار (007) بالصافي · دائن: النقد (003)', 'assumptions': ['⚠️ افترضت: بدون ضريبة']}, '_assumptions': ['⚠️ افترضت: بدون ضريبة']}, 'proposer': 'مدير', 'session_id': 'iter247-5ef4979c', 'draft_status': 'pending_approval'}, {'id': 'f0676fe1293b', 'draft_id': '643d84598852', 'requester': 'مدير', 'status': 'pending', 'created_at': 1783030792.1281927, 'action': 'purchase', 'payload': {'supplier': 'النخبة', 'payment_method': 'cash', 'vat': {'mode': 'none', 'rate': 0.15, 'inclusive': False}, 'items': [{'name': 'بواجي', 'price': 80.0, 'qty': 1.0, 'line_total': 80.0, 'matched_id': None}], 'assumptions': ['⚠️ افترضت: بدون ضريبة'], 'missing': [], 'supplier_id': None, 'supplier_is_new': False, '_target_label': 'النخبة', '_echo': {'type': 'شراء', 'entity': 'النخبة', 'amount': 80.0, 'net': 80.0, 'vat': 0.0, 'vat_mode': 'none', 'payment_method': 'cash', 'items_count': 1, 'items': [{'name': 'بواجي', 'price': 80.0, 'qty': 1.0, 'line_total': 80.0, 'matched_id': None}], 'accounts': 'مدين: مخزون قطع غيار (007) بالصافي · دائن: النقد (003)', 'assumptions': ['⚠️ افترضت: بدون ضريبة']}, '_assumptions': ['⚠️ افترضت: بدون ضريبة']}, 'proposer': 'مدير', 'session_id': 'test-cancel-1783030789', 'draft_status': 'pending_approval'}, {'id': '9a7b76480cc1', 'draft_id': '735a1bcf4339', 'requester': 'مدير', 'status': 'pending', 'created_at': 1783030473.0401785, 'action': 'delete_operation', 'payload': {'reason': 'إلغاء آخر عملية شراء'}, 'proposer': 'مدير', 'session_id': 'test-fix-2', 'draft_status': 'pending_approval'}, {'id': 'c1fb89bed17b', 'draft_id': '59b18c531b9b', 'requester': 'مدير', 'status': 'pending', 'created_at': 1783030395.3573735, 'action': 'purchase', 'payload': {'supplier': 'التقوى', 'payment_method': 'cash', 'vat': {'mode': 'none', 'rate': 0.15, 'inclusive': False}, 'items': [{'name': 'فلتر زيت', 'price': 40.0, 'qty': 1.0, 'line_total': 40.0, 'matched_id': None}], 'assumptions': ['⚠️ افترضت: بدون ضريبة'], 'missing': [], 'supplier_id': None, 'supplier_is_new': False, '_target_label': 'التقوى', '_echo': {'type': 'شراء', 'entity': 'التقوى', 'amount': 40.0, 'net': 40.0, 'vat': 0.0, 'vat_mode': 'none', 'payment_method': 'cash', 'items_count': 1, 'items': [{'name': 'فلتر زيت', 'price': 40.0, 'qty': 1.0, 'line_total': 40.0, 'matched_id': None}], 'accounts': 'مدين: مخزون قطع غيار (007) بالصافي · دائن: النقد (003)', 'assumptions': ['⚠️ افترضت: بدون ضريبة']}, '_assumptions': ['⚠️ افترضت: بدون ضريبة']}, 'proposer': 'مدير', 'session_id': 'test-fix-2', 'draft_status': 'pending_approval'}, {'id': 'e1f72dde8211', 'draft_id': 'ad3c29d847b6', 'requester': 'مدير', 'status': 'pending', 'created_at': 1783028724.7591732, 'action': 'visit', 'payload': {'vehicle_type': 'صالون', 'plate': 'ا ا ا 111', 'service': 'توضيب', 'price': 4326, 'customer_phone': '0545443355', 'payment_method': 'credit'}, 'proposer': 'مدير', 'session_id': 'session-4ce1007d50', 'draft_status': 'pending_approval'}, {'id': '73f0c9c17f65', 'draft_id': '6f8fc085c481', 'requester': 'مدير', 'status': 'pending', 'created_at': 1783028223.2815385, 'action': 'visit', 'payload': {'vehicle_type': 'صالون', 'plate': 'ا ا ا 111', 'service': 'توضيب', 'price': 4326, 'customer_phone': '0545443355', 'payment_method': 'credit'}, 'proposer': 'مدير', 'session_id': 'session-4ce1007d50', 'draft_status': 'pending_approval'}, {'id': '7c540005c835', 'draft_id': '060869eedecf', 'requester': 'مدير', 'status': 'pending', 'created_at': 1783027020.4042583, 'action': 'purchase', 'payload': {'supplier': 'مورد اختبار', 'payment_method': 'cash', 'vat': {'mode': 'excluded', 'rate': 0.15, 'inclusive': False}, 'items': [{'name': 'فلاتر', 'price': 30.0, 'qty': 4.0, 'line_total': 120.0, 'matched_id': None}], 'assumptions': ['⚠️ افترضت: بدون ضريبة'], 'missing': [], 'supplier_id': None, 'supplier_is_new': True, '_target_label': 'مورد اختبار', '_echo': {'type': 'شراء', 'entity': 'مورد اختبار', 'amount': 138.0, 'net': 120.0, 'vat': 18.0, 'vat_mode': 'excluded', 'payment_method': 'cash', 'items_count': 1, 'items': [{'name': 'فلاتر', 'price': 30.0, 'qty': 4.0, 'line_total': 120.0, 'matched_id': None}], 'accounts': 'مدين: مخزون قطع غيار (007) بالصافي + ضريبة المدخلات 18.00 · دائن: النقد (003)', 'assumptions': ['⚠️ افترضت: بدون ضريبة']}, '_assumptions': ['⚠️ افترضت: بدون ضريبة']}, 'proposer': 'مدير', 'session_id': 'phase2-spawn', 'draft_status': 'pending_approval'}, {'id': '2707d4b34dd7', 'draft_id': 'd4c645c7109b', 'requester': 'مدير', 'status': 'pending', 'created_at': 1783026997.154145, 'action': 'purchase', 'payload': {'supplier': 'راكان', 'payment_method': 'transfer', 'vat': {'mode': 'none', 'rate': 0.15, 'inclusive': False}, 'items': [{'name': 'قلب مستوبيشي L200', 'price': 1300.0, 'qty': 1.0, 'line_total': 1300.0, 'matched_id': None}], 'assumptions': ['⚠️ افترضت: بدون ضريبة'], 'missing': [], 'supplier_id': None, 'supplier_is_new': True, '_target_label': 'راكان', '_echo': {'type': 'شراء', 'entity': 'راكان', 'amount': 1300.0, 'net': 1300.0, 'vat': 0.0, 'vat_mode': 'none', 'payment_method': 'transfer', 'items_count': 1, 'items': [{'name': 'قلب مستوبيشي L200', 'price': 1300.0, 'qty': 1.0, 'line_total': 1300.0, 'matched_id': None}], 'accounts': 'مدين: مخزون قطع غيار (007) بالصافي · دائن: البنك (004)', 'assumptions': ['⚠️ افترضت: بدون ضريبة']}, '_assumptions': ['⚠️ افترضت: بدون ضريبة']}, 'proposer': 'مدير', 'session_id': 'phase2-flow', 'draft_status': 'pending_approval'}, {'id': '4d8aba8581fa', 'draft_id': '04f99d95edb8', 'requester': 'مدير', 'status': 'pending', 'created_at': 1783026952.115368, 'action': 'purchase', 'payload': {'supplier': 'راكان', 'payment_method': 'cash', 'vat': {'mode': 'none', 'rate': 0.15, 'inclusive': False}, 'items': [{'name': 'قلب مستوبيشي L200', 'price': 1300.0, 'qty': 1.0, 'line_total': 1300.0, 'matched_id': None}], 'assumptions': ['⚠️ افترضت: بدون ضريبة'], 'missing': [], 'supplier_id': None, 'supplier_is_new': True, '_target_label': 'راكان', '_echo': {'type': 'شراء', 'entity': 'راكان', 'amount': 1300.0, 'net': 1300.0, 'vat': 0.0, 'vat_mode': 'none', 'payment_method': 'cash', 'items_count': 1, 'items': [{'name': 'قلب مستوبيشي L200', 'price': 1300.0, 'qty': 1.0, 'line_total': 1300.0, 'matched_id': None}], 'accounts': 'مدين: مخزون قطع غيار (007) بالصافي · دائن: النقد (003)', 'assumptions': ['⚠️ افترضت: بدون ضريبة', '#x1F195 مورد جديد: راكان (سيُنشأ بالإضافة)']}, '_assumptions': ['⚠️ افترضت: بدون ضريبة', '#x1F195 مورد جديد: راكان (سيُنشأ بالإضافة)']}, 'proposer': 'مدير', 'session_id': 'phase2-test-1', 'draft_status': 'pending_approval'}]}, 'write': False}], 'response': '# ⏳ الاعتمادات المعلّقة\n\nعندك **10 اعتمادات** في الانتظار، إليك ملخّصها:\n\n---\n\n## #x1F4CB قائمة الاعتمادات\n\n| # | النوع | التفاصيل | المبلغ | طريقة الدفع |\n|---|-------|----------|--------|-------------|\n| 1 | #x1F6D2 شراء | بواجي × 1 — **النخبة** | 80 ر.س | نقد |\n| 2 | #x1F6D2 شراء | فلتر زيت × 1 — **التقوى** | 40 ر.س | نقد |\n| 3 | #x1F6D2 شراء | بواجي × 1 — **النخبة** | 80 ر.س | نقد |\n| 4 | #x1F5D1️ حذف عملية | إلغاء آخر عملية شراء | — | — |\n| 5 | #x1F6D2 شراء | فلتر زيت × 1 — **التقوى** | 40 ر.س | نقد |\n| 6 | #x1F527 زيارة | توضيب — لوحة **ا ا ا 111** | 4,326 ر.س | آجل |\n| 7 | #x1F527 زيارة | توضيب — لوحة **ا ا ا 111** | 4,326 ر.س | آجل |\n| 8 | #x1F6D2 شراء | فلاتر × 4 — **مورد اختبار** (جديد) | 138 ر.س | نقد |\n| 9 | #x1F6D2 شراء | قلب مستوبيشي L200 — **راكان** (جديد) | 1,300 ر.س | تحويل |\n| 10 | #x1F6D2 شراء | قلب مستوبيشي L200 — **راكان** (جديد) | 1,300 ر.س | نقد |\n\n---\n\n## ⚠️ ملاحظات مهمة\n- **الاعتمادات 1 و3** متطابقة (بواجي من النخبة 80 ر.س) — تحقّق إن كان مكرراً\n- **الاعتمادات 2 و5** متطابقة (فلتر زيت من التقوى 40 ر.س) — نفس الملاحظة\n- **الاعتمادات 6 و7** متطابقتان (زيارة توضيب لنفس اللوحة) — تحقّق من التكرار\n- **الاعتمادات 9 و10** متطابقتان (قلب مستوبيشي من راكان) — الفرق فقط في طريقة الدفع\n\n---\n\nوش تبي تسوي؟ تقدر تقول:\n- **«اعتمد كل شيء»** — لاعتماد الجميع\n- **«ارفض رقم 3»** — لرفض اعتماد محدد\n- **«اعتمد رقم 6»** — لاعتماد واحد بعينه', 'cards': [{'type': 'ApprovalCard', 'id': 'ea880855d95b', 'title': 'موافقة — pending', 'status': 'pending', 'data': {'approval_id': 'ea880855d95b', 'draft_id': 'ba1a0fe6811c', 'status': 'pending', 'requester': 'مدير', 'approver': None, 'created_at': 1783031213.4813159}, 'actions': [{'id': 'approve', 'label': 'اعتماد', 'intent': 'runtime', 'endpoint': '/api/runtime/approvals/ea880855d95b/approve', 'method': 'POST', 'disabled_when': ['approved', 'rejected']}, {'id': 'reject', 'label': 'رفض', 'intent': 'runtime', 'endpoint': '/api/runtime/approvals/ea880855d95b/reject', 'method': 'POST', 'disabled_when': ['approved', 'rejected']}, {'id': 'view_audit', 'label': 'تدقيق', 'intent': 'runtime', 'endpoint': '/api/runtime/audit', 'method': 'GET'}]}, {'type': 'ApprovalCard', 'id': '4f27717339a1', 'title': 'موافقة — pending', 'status': 'pending', 'data': {'approval_id': '4f27717339a1', 'draft_id': '4e299c874a2a', 'status': 'pending', 'requester': 'مدير', 'approver': None, 'created_at': 1783031211.4593008}, 'actions': [{'id': 'approve', 'label': 'اعتماد', 'intent': 'runtime', 'endpoint': '/api/runtime/approvals/4f27717339a1/approve', 'method': 'POST', 'disabled_when': ['approved', 'rejected']}, {'id': 'reject', 'label': 'رفض', 'intent': 'runtime', 'endpoint': '/api/runtime/approvals/4f27717339a1/reject', 'method': 'POST', 'disabled_when': ['approved', 'rejected']}, {'id': 'view_audit', 'label': 'تدقيق', 'intent': 'runtime', 'endpoint': '/api/runtime/audit', 'method': 'GET'}]}, {'type': 'ApprovalCard', 'id': 'f0676fe1293b', 'title': 'موافقة — pending', 'status': 'pending', 'data': {'approval_id': 'f0676fe1293b', 'draft_id': '643d84598852', 'status': 'pending', 'requester': 'مدير', 'approver': None, 'created_at': 1783030792.1281927}, 'actions': [{'id': 'approve', 'label': 'اعتماد', 'intent': 'runtime', 'endpoint': '/api/runtime/approvals/f0676fe1293b/approve', 'method': 'POST', 'disabled_when': ['approved', 'rejected']}, {'id': 'reject', 'label': 'رفض', 'intent': 'runtime', 'endpoint': '/api/runtime/approvals/f0676fe1293b/reject', 'method': 'POST', 'disabled_when': ['approved', 'rejected']}, {'id': 'view_audit', 'label': 'تدقيق', 'intent': 'runtime', 'endpoint': '/api/runtime/audit', 'method': 'GET'}]}, {'type': 'ApprovalCard', 'id': '9a7b76480cc1', 'title': 'موافقة — pending', 'status': 'pending', 'data': {'approval_id': '9a7b76480cc1', 'draft_id': '735a1bcf4339', 'status': 'pending', 'requester': 'مدير', 'approver': None, 'created_at': 1783030473.0401785}, 'actions': [{'id': 'approve', 'label': 'اعتماد', 'intent': 'runtime', 'endpoint': '/api/runtime/approvals/9a7b76480cc1/approve', 'method': 'POST', 'disabled_when': ['approved', 'rejected']}, {'id': 'reject', 'label': 'رفض', 'intent': 'runtime', 'endpoint': '/api/runtime/approvals/9a7b76480cc1/reject', 'method': 'POST', 'disabled_when': ['approved', 'rejected']}, {'id': 'view_audit', 'label': 'تدقيق', 'intent': 'runtime', 'endpoint': '/api/runtime/audit', 'method': 'GET'}]}, {'type': 'ApprovalCard', 'id': 'c1fb89bed17b', 'title': 'موافقة — pending', 'status': 'pending', 'data': {'approval_id': 'c1fb89bed17b', 'draft_id': '59b18c531b9b', 'status': 'pending', 'requester': 'مدير', 'approver': None, 'created_at': 1783030395.3573735}, 'actions': [{'id': 'approve', 'label': 'اعتماد', 'intent': 'runtime', 'endpoint': '/api/runtime/approvals/c1fb89bed17b/approve', 'method': 'POST', 'disabled_when': ['approved', 'rejected']}, {'id': 'reject', 'label': 'رفض', 'intent': 'runtime', 'endpoint': '/api/runtime/approvals/c1fb89bed17b/reject', 'method': 'POST', 'disabled_when': ['approved', 'rejected']}, {'id': 'view_audit', 'label': 'تدقيق', 'intent': 'runtime', 'endpoint': '/api/runtime/audit', 'method': 'GET'}]}, {'type': 'ApprovalCard', 'id': 'e1f72dde8211', 'title': 'موافقة — pending', 'status': 'pending', 'data': {'approval_id': 'e1f72dde8211', 'draft_id': 'ad3c29d847b6', 'status': 'pending', 'requester': 'مدير', 'approver': None, 'created_at': 1783028724.7591732}, 'actions': [{'id': 'approve', 'label': 'اعتماد', 'intent': 'runtime', 'endpoint': '/api/runtime/approvals/e1f72dde8211/approve', 'method': 'POST', 'disabled_when': ['approved', 'rejected']}, {'id': 'reject', 'label': 'رفض', 'intent': 'runtime', 'endpoint': '/api/runtime/approvals/e1f72dde8211/reject', 'method': 'POST', 'disabled_when': ['approved', 'rejected']}, {'id': 'view_audit', 'label': 'تدقيق', 'intent': 'runtime', 'endpoint': '/api/runtime/audit', 'method': 'GET'}]}, {'type': 'ApprovalCard', 'id': '73f0c9c17f65', 'title': 'موافقة — pending', 'status': 'pending', 'data': {'approval_id': '73f0c9c17f65', 'draft_id': '6f8fc085c481', 'status': 'pending', 'requester': 'مدير', 'approver': None, 'created_at': 1783028223.2815385}, 'actions': [{'id': 'approve', 'label': 'اعتماد', 'intent': 'runtime', 'endpoint': '/api/runtime/approvals/73f0c9c17f65/approve', 'method': 'POST', 'disabled_when': ['approved', 'rejected']}, {'id': 'reject', 'label': 'رفض', 'intent': 'runtime', 'endpoint': '/api/runtime/approvals/73f0c9c17f65/reject', 'method': 'POST', 'disabled_when': ['approved', 'rejected']}, {'id': 'view_audit', 'label': 'تدقيق', 'intent': 'runtime', 'endpoint': '/api/runtime/audit', 'method': 'GET'}]}, {'type': 'ApprovalCard', 'id': '7c540005c835', 'title': 'موافقة — pending', 'status': 'pending', 'data': {'approval_id': '7c540005c835', 'draft_id': '060869eedecf', 'status': 'pending', 'requester': 'مدير', 'approver': None, 'created_at': 1783027020.4042583}, 'actions': [{'id': 'approve', 'label': 'اعتماد', 'intent': 'runtime', 'endpoint': '/api/runtime/approvals/7c540005c835/approve', 'method': 'POST', 'disabled_when': ['approved', 'rejected']}, {'id': 'reject', 'label': 'رفض', 'intent': 'runtime', 'endpoint': '/api/runtime/approvals/7c540005c835/reject', 'method': 'POST', 'disabled_when': ['approved', 'rejected']}, {'id': 'view_audit', 'label': 'تدقيق', 'intent': 'runtime', 'endpoint': '/api/runtime/audit', 'method': 'GET'}]}, {'type': 'ApprovalCard', 'id': '2707d4b34dd7', 'title': 'موافقة — pending', 'status': 'pending', 'data': {'approval_id': '2707d4b34dd7', 'draft_id': 'd4c645c7109b', 'status': 'pending', 'requester': 'مدير', 'approver': None, 'created_at': 1783026997.154145}, 'actions': [{'id': 'approve', 'label': 'اعتماد', 'intent': 'runtime', 'endpoint': '/api/runtime/approvals/2707d4b34dd7/approve', 'method': 'POST', 'disabled_when': ['approved', 'rejected']}, {'id': 'reject', 'label': 'رفض', 'intent': 'runtime', 'endpoint': '/api/runtime/approvals/2707d4b34dd7/reject', 'method': 'POST', 'disabled_when': ['approved', 'rejected']}, {'id': 'view_audit', 'label': 'تدقيق', 'intent': 'runtime', 'endpoint': '/api/runtime/audit', 'method': 'GET'}]}, {'type': 'ApprovalCard', 'id': '4d8aba8581fa', 'title': 'موافقة — pending', 'status': 'pending', 'data': {'approval_id': '4d8aba8581fa', 'draft_id': '04f99d95edb8', 'status': 'pending', 'requester': 'مدير', 'approver': None, 'created_at': 1783026952.115368}, 'actions': [{'id': 'approve', 'label': 'اعتماد', 'intent': 'runtime', 'endpoint': '/api/runtime/approvals/4d8aba8581fa/approve', 'method': 'POST', 'disabled_when': ['approved', 'rejected']}, {'id': 'reject', 'label': 'رفض', 'intent': 'runtime', 'endpoint': '/api/runtime/approvals/4d8aba8581fa/reject', 'method': 'POST', 'disabled_when': ['approved', 'rejected']}, {'id': 'view_audit', 'label': 'تدقيق', 'intent': 'runtime', 'endpoint': '/api/runtime/audit', 'method': 'GET'}]}], 'context_snapshot': {'workshop_id': 'finmodule-sync', 'health': {'score': 100, 'status': 'ممتاز'}, 'top_alerts': [{'title': 'ذمم مدينة مفتوحة', 'severity': 'medium', 'impact': 13550.0, 'category': 'receivables'}], 'cash_flow': {'period_days': 30, 'inflow': 0.0, 'outflow': 0.0, 'net': 0.0, 'is_negative': False}, 'alerts_count': 1}, 'recent_actions': [{'type': 'tool_call', 'payload': {'tool': 'runtime.pending_approvals', 'success': True}, 'ts': 1783031213.6364648}, {'type': 'question', 'payload': {'message': 'اعتمادات كاترينا', 'tools': ['runtime.pending_approvals']}, 'ts': 1783031232.706217}], 'ai_used': True, 'model_used': 'emergent/claude-sonnet-4-6', 'read_only': True, 'mode': 'normal', 'power': None, 'developer_mode': False}&#10;assert False">backend/tests/test_katrina_iter247.py:83: in test_pending_approvals_intent
    assert ok, f"expected pending_approvals tool result, got: {data}"
E   AssertionError: expected pending_approvals tool result, got: {'session_id': 'iter247-4749ad9a', 'agent': 'Assistant', 'assistant_name': 'كاترينا', 'assistant_version': 'L16', 'intent': 'question', 'tool_results': [{'success': True, 'tool': 'runtime.pending_approvals', 'agent': 'WorkshopAgent', 'result': {'count': 10, 'cards': [{'type': 'ApprovalCard', 'id': 'ea880855d95b', 'title': 'موافقة — pending', 'status': 'pending', 'data': {'approval_id': 'ea880855d95b', 'draft_id': 'ba1a0fe6811c', 'status': 'pending', 'requester': 'مدير', 'approver': None, 'created_at': 1783031213.4813159}, 'actions': [{'id': 'approve', 'label': 'اعتماد', 'intent': 'runtime', 'endpoint': '/api/runtime/approvals/ea880855d95b/approve', 'method': 'POST', 'disabled_when': ['approved', 'rejected']}, {'id': 'reject', 'label': 'رفض', 'intent': 'runtime', 'endpoint': '/api/runtime/approvals/ea880855d95b/reject', 'method': 'POST', 'disabled_when': ['approved', 'rejected']}, {'id': 'view_audit', 'label': 'تدقيق', 'intent': 'runtime', 'endpoint': '/api/runtime/audit', 'method': 'GET'}]}, {'type': 'ApprovalCard', 'id': '4f27717339a1', 'title': 'موافقة — pending', 'status': 'pending', 'data': {'approval_id': '4f27717339a1', 'draft_id': '4e299c874a2a', 'status': 'pending', 'requester': 'مدير', 'approver': None, 'created_at': 1783031211.4593008}, 'actions': [{'id': 'approve', 'label': 'اعتماد', 'intent': 'runtime', 'endpoint': '/api/runtime/approvals/4f27717339a1/approve', 'method': 'POST', 'disabled_when': ['approved', 'rejected']}, {'id': 'reject', 'label': 'رفض', 'intent': 'runtime', 'endpoint': '/api/runtime/approvals/4f27717339a1/reject', 'method': 'POST', 'disabled_when': ['approved', 'rejected']}, {'id': 'view_audit', 'label': 'تدقيق', 'intent': 'runtime', 'endpoint': '/api/runtime/audit', 'method': 'GET'}]}, {'type': 'ApprovalCard', 'id': 'f0676fe1293b', 'title': 'موافقة — pending', 'status': 'pending', 'data': {'approval_id': 'f0676fe1293b', 'draft_id': '643d84598852', 'status': 'pending', 'requester': 'مدير', 'approver': None, 'created_at': 1783030792.1281927}, 'actions': [{'id': 'approve', 'label': 'اعتماد', 'intent': 'runtime', 'endpoint': '/api/runtime/approvals/f0676fe1293b/approve', 'method': 'POST', 'disabled_when': ['approved', 'rejected']}, {'id': 'reject', 'label': 'رفض', 'intent': 'runtime', 'endpoint': '/api/runtime/approvals/f0676fe1293b/reject', 'method': 'POST', 'disabled_when': ['approved', 'rejected']}, {'id': 'view_audit', 'label': 'تدقيق', 'intent': 'runtime', 'endpoint': '/api/runtime/audit', 'method': 'GET'}]}, {'type': 'ApprovalCard', 'id': '9a7b76480cc1', 'title': 'موافقة — pending', 'status': 'pending', 'data': {'approval_id': '9a7b76480cc1', 'draft_id': '735a1bcf4339', 'status': 'pending', 'requester': 'مدير', 'approver': None, 'created_at': 1783030473.0401785}, 'actions': [{'id': 'approve', 'label': 'اعتماد', 'intent': 'runtime', 'endpoint': '/api/runtime/approvals/9a7b76480cc1/approve', 'method': 'POST', 'disabled_when': ['approved', 'rejected']}, {'id': 'reject', 'label': 'رفض', 'intent': 'runtime', 'endpoint': '/api/runtime/approvals/9a7b76480cc1/reject', 'method': 'POST', 'disabled_when': ['approved', 'rejected']}, {'id': 'view_audit', 'label': 'تدقيق', 'intent': 'runtime', 'endpoint': '/api/runtime/audit', 'method': 'GET'}]}, {'type': 'ApprovalCard', 'id': 'c1fb89bed17b', 'title': 'موافقة — pending', 'status': 'pending', 'data': {'approval_id': 'c1fb89bed17b', 'draft_id': '59b18c531b9b', 'status': 'pending', 'requester': 'مدير', 'approver': None, 'created_at': 1783030395.3573735}, 'actions': [{'id': 'approve', 'label': 'اعتماد', 'intent': 'runtime', 'endpoint': '/api/runtime/approvals/c1fb89bed17b/approve', 'method': 'POST', 'disabled_when': ['approved', 'rejected']}, {'id': 'reject', 'label': 'رفض', 'intent': 'runtime', 'endpoint': '/api/runtime/approvals/c1fb89bed17b/reject', 'method': 'POST', 'disabled_when': ['approved', 'rejected']}, {'id': 'view_audit', 'label': 'تدقيق', 'intent': 'runtime', 'endpoint': '/api/runtime/audit', 'method': 'GET'}]}, {'type': 'ApprovalCard', 'id': 'e1f72dde8211', 'title': 'موافقة — pending', 'status': 'pending', 'data': {'approval_id': 'e1f72dde8211', 'draft_id': 'ad3c29d847b6', 'status': 'pending', 'requester': 'مدير', 'approver': None, 'created_at': 1783028724.7591732}, 'actions': [{'id': 'approve', 'label': 'اعتماد', 'intent': 'runtime', 'endpoint': '/api/runtime/approvals/e1f72dde8211/approve', 'method': 'POST', 'disabled_when': ['approved', 'rejected']}, {'id': 'reject', 'label': 'رفض', 'intent': 'runtime', 'endpoint': '/api/runtime/approvals/e1f72dde8211/reject', 'method': 'POST', 'disabled_when': ['approved', 'rejected']}, {'id': 'view_audit', 'label': 'تدقيق', 'intent': 'runtime', 'endpoint': '/api/runtime/audit', 'method': 'GET'}]}, {'type': 'ApprovalCard', 'id': '73f0c9c17f65', 'title': 'موافقة — pending', 'status': 'pending', 'data': {'approval_id': '73f0c9c17f65', 'draft_id': '6f8fc085c481', 'status': 'pending', 'requester': 'مدير', 'approver': None, 'created_at': 1783028223.2815385}, 'actions': [{'id': 'approve', 'label': 'اعتماد', 'intent': 'runtime', 'endpoint': '/api/runtime/approvals/73f0c9c17f65/approve', 'method': 'POST', 'disabled_when': ['approved', 'rejected']}, {'id': 'reject', 'label': 'رفض', 'intent': 'runtime', 'endpoint': '/api/runtime/approvals/73f0c9c17f65/reject', 'method': 'POST', 'disabled_when': ['approved', 'rejected']}, {'id': 'view_audit', 'label': 'تدقيق', 'intent': 'runtime', 'endpoint': '/api/runtime/audit', 'method': 'GET'}]}, {'type': 'ApprovalCard', 'id': '7c540005c835', 'title': 'موافقة — pending', 'status': 'pending', 'data': {'approval_id': '7c540005c835', 'draft_id': '060869eedecf', 'status': 'pending', 'requester': 'مدير', 'approver': None, 'created_at': 1783027020.4042583}, 'actions': [{'id': 'approve', 'label': 'اعتماد', 'intent': 'runtime', 'endpoint': '/api/runtime/approvals/7c540005c835/approve', 'method': 'POST', 'disabled_when': ['approved', 'rejected']}, {'id': 'reject', 'label': 'رفض', 'intent': 'runtime', 'endpoint': '/api/runtime/approvals/7c540005c835/reject', 'method': 'POST', 'disabled_when': ['approved', 'rejected']}, {'id': 'view_audit', 'label': 'تدقيق', 'intent': 'runtime', 'endpoint': '/api/runtime/audit', 'method': 'GET'}]}, {'type': 'ApprovalCard', 'id': '2707d4b34dd7', 'title': 'موافقة — pending', 'status': 'pending', 'data': {'approval_id': '2707d4b34dd7', 'draft_id': 'd4c645c7109b', 'status': 'pending', 'requester': 'مدير', 'approver': None, 'created_at': 1783026997.154145}, 'actions': [{'id': 'approve', 'label': 'اعتماد', 'intent': 'runtime', 'endpoint': '/api/runtime/approvals/2707d4b34dd7/approve', 'method': 'POST', 'disabled_when': ['approved', 'rejected']}, {'id': 'reject', 'label': 'رفض', 'intent': 'runtime', 'endpoint': '/api/runtime/approvals/2707d4b34dd7/reject', 'method': 'POST', 'disabled_when': ['approved', 'rejected']}, {'id': 'view_audit', 'label': 'تدقيق', 'intent': 'runtime', 'endpoint': '/api/runtime/audit', 'method': 'GET'}]}, {'type': 'ApprovalCard', 'id': '4d8aba8581fa', 'title': 'موافقة — pending', 'status': 'pending', 'data': {'approval_id': '4d8aba8581fa', 'draft_id': '04f99d95edb8', 'status': 'pending', 'requester': 'مدير', 'approver': None, 'created_at': 1783026952.115368}, 'actions': [{'id': 'approve', 'label': 'اعتماد', 'intent': 'runtime', 'endpoint': '/api/runtime/approvals/4d8aba8581fa/approve', 'method': 'POST', 'disabled_when': ['approved', 'rejected']}, {'id': 'reject', 'label': 'رفض', 'intent': 'runtime', 'endpoint': '/api/runtime/approvals/4d8aba8581fa/reject', 'method': 'POST', 'disabled_when': ['approved', 'rejected']}, {'id': 'view_audit', 'label': 'تدقيق', 'intent': 'runtime', 'endpoint': '/api/runtime/audit', 'method': 'GET'}]}], 'approvals': [{'id': 'ea880855d95b', 'draft_id': 'ba1a0fe6811c', 'requester': 'مدير', 'status': 'pending', 'created_at': 1783031213.4813159, 'action': 'purchase', 'payload': {'supplier': 'النخبة', 'payment_method': 'cash', 'vat': {'mode': 'none', 'rate': 0.15, 'inclusive': False}, 'items': [{'name': 'بواجي', 'price': 80.0, 'qty': 1.0, 'line_total': 80.0, 'matched_id': None}], 'assumptions': ['⚠️ افترضت: بدون ضريبة'], 'missing': [], 'supplier_id': None, 'supplier_is_new': False, '_target_label': 'النخبة', '_echo': {'type': 'شراء', 'entity': 'النخبة', 'amount': 80.0, 'net': 80.0, 'vat': 0.0, 'vat_mode': 'none', 'payment_method': 'cash', 'items_count': 1, 'items': [{'name': 'بواجي', 'price': 80.0, 'qty': 1.0, 'line_total': 80.0, 'matched_id': None}], 'accounts': 'مدين: مخزون قطع غيار (007) بالصافي · دائن: النقد (003)', 'assumptions': ['⚠️ افترضت: بدون ضريبة']}, '_assumptions': ['⚠️ افترضت: بدون ضريبة']}, 'proposer': 'مدير', 'session_id': 'iter247-ffce7438', 'draft_status': 'pending_approval'}, {'id': '4f27717339a1', 'draft_id': '4e299c874a2a', 'requester': 'مدير', 'status': 'pending', 'created_at': 1783031211.4593008, 'action': 'purchase', 'payload': {'supplier': 'التقوى', 'payment_method': 'cash', 'vat': {'mode': 'none', 'rate': 0.15, 'inclusive': False}, 'items': [{'name': 'فلتر زيت', 'price': 40.0, 'qty': 1.0, 'line_total': 40.0, 'matched_id': None}], 'assumptions': ['⚠️ افترضت: بدون ضريبة'], 'missing': [], 'supplier_id': None, 'supplier_is_new': False, '_target_label': 'التقوى', '_echo': {'type': 'شراء', 'entity': 'التقوى', 'amount': 40.0, 'net': 40.0, 'vat': 0.0, 'vat_mode': 'none', 'payment_method': 'cash', 'items_count': 1, 'items': [{'name': 'فلتر زيت', 'price': 40.0, 'qty': 1.0, 'line_total': 40.0, 'matched_id': None}], 'accounts': 'مدين: مخزون قطع غيار (007) بالصافي · دائن: النقد (003)', 'assumptions': ['⚠️ افترضت: بدون ضريبة']}, '_assumptions': ['⚠️ افترضت: بدون ضريبة']}, 'proposer': 'مدير', 'session_id': 'iter247-5ef4979c', 'draft_status': 'pending_approval'}, {'id': 'f0676fe1293b', 'draft_id': '643d84598852', 'requester': 'مدير', 'status': 'pending', 'created_at': 1783030792.1281927, 'action': 'purchase', 'payload': {'supplier': 'النخبة', 'payment_method': 'cash', 'vat': {'mode': 'none', 'rate': 0.15, 'inclusive': False}, 'items': [{'name': 'بواجي', 'price': 80.0, 'qty': 1.0, 'line_total': 80.0, 'matched_id': None}], 'assumptions': ['⚠️ افترضت: بدون ضريبة'], 'missing': [], 'supplier_id': None, 'supplier_is_new': False, '_target_label': 'النخبة', '_echo': {'type': 'شراء', 'entity': 'النخبة', 'amount': 80.0, 'net': 80.0, 'vat': 0.0, 'vat_mode': 'none', 'payment_method': 'cash', 'items_count': 1, 'items': [{'name': 'بواجي', 'price': 80.0, 'qty': 1.0, 'line_total': 80.0, 'matched_id': None}], 'accounts': 'مدين: مخزون قطع غيار (007) بالصافي · دائن: النقد (003)', 'assumptions': ['⚠️ افترضت: بدون ضريبة']}, '_assumptions': ['⚠️ افترضت: بدون ضريبة']}, 'proposer': 'مدير', 'session_id': 'test-cancel-1783030789', 'draft_status': 'pending_approval'}, {'id': '9a7b76480cc1', 'draft_id': '735a1bcf4339', 'requester': 'مدير', 'status': 'pending', 'created_at': 1783030473.0401785, 'action': 'delete_operation', 'payload': {'reason': 'إلغاء آخر عملية شراء'}, 'proposer': 'مدير', 'session_id': 'test-fix-2', 'draft_status': 'pending_approval'}, {'id': 'c1fb89bed17b', 'draft_id': '59b18c531b9b', 'requester': 'مدير', 'status': 'pending', 'created_at': 1783030395.3573735, 'action': 'purchase', 'payload': {'supplier': 'التقوى', 'payment_method': 'cash', 'vat': {'mode': 'none', 'rate': 0.15, 'inclusive': False}, 'items': [{'name': 'فلتر زيت', 'price': 40.0, 'qty': 1.0, 'line_total': 40.0, 'matched_id': None}], 'assumptions': ['⚠️ افترضت: بدون ضريبة'], 'missing': [], 'supplier_id': None, 'supplier_is_new': False, '_target_label': 'التقوى', '_echo': {'type': 'شراء', 'entity': 'التقوى', 'amount': 40.0, 'net': 40.0, 'vat': 0.0, 'vat_mode': 'none', 'payment_method': 'cash', 'items_count': 1, 'items': [{'name': 'فلتر زيت', 'price': 40.0, 'qty': 1.0, 'line_total': 40.0, 'matched_id': None}], 'accounts': 'مدين: مخزون قطع غيار (007) بالصافي · دائن: النقد (003)', 'assumptions': ['⚠️ افترضت: بدون ضريبة']}, '_assumptions': ['⚠️ افترضت: بدون ضريبة']}, 'proposer': 'مدير', 'session_id': 'test-fix-2', 'draft_status': 'pending_approval'}, {'id': 'e1f72dde8211', 'draft_id': 'ad3c29d847b6', 'requester': 'مدير', 'status': 'pending', 'created_at': 1783028724.7591732, 'action': 'visit', 'payload': {'vehicle_type': 'صالون', 'plate': 'ا ا ا 111', 'service': 'توضيب', 'price': 4326, 'customer_phone': '0545443355', 'payment_method': 'credit'}, 'proposer': 'مدير', 'session_id': 'session-4ce1007d50', 'draft_status': 'pending_approval'}, {'id': '73f0c9c17f65', 'draft_id': '6f8fc085c481', 'requester': 'مدير', 'status': 'pending', 'created_at': 1783028223.2815385, 'action': 'visit', 'payload': {'vehicle_type': 'صالون', 'plate': 'ا ا ا 111', 'service': 'توضيب', 'price': 4326, 'customer_phone': '0545443355', 'payment_method': 'credit'}, 'proposer': 'مدير', 'session_id': 'session-4ce1007d50', 'draft_status': 'pending_approval'}, {'id': '7c540005c835', 'draft_id': '060869eedecf', 'requester': 'مدير', 'status': 'pending', 'created_at': 1783027020.4042583, 'action': 'purchase', 'payload': {'supplier': 'مورد اختبار', 'payment_method': 'cash', 'vat': {'mode': 'excluded', 'rate': 0.15, 'inclusive': False}, 'items': [{'name': 'فلاتر', 'price': 30.0, 'qty': 4.0, 'line_total': 120.0, 'matched_id': None}], 'assumptions': ['⚠️ افترضت: بدون ضريبة'], 'missing': [], 'supplier_id': None, 'supplier_is_new': True, '_target_label': 'مورد اختبار', '_echo': {'type': 'شراء', 'entity': 'مورد اختبار', 'amount': 138.0, 'net': 120.0, 'vat': 18.0, 'vat_mode': 'excluded', 'payment_method': 'cash', 'items_count': 1, 'items': [{'name': 'فلاتر', 'price': 30.0, 'qty': 4.0, 'line_total': 120.0, 'matched_id': None}], 'accounts': 'مدين: مخزون قطع غيار (007) بالصافي + ضريبة المدخلات 18.00 · دائن: النقد (003)', 'assumptions': ['⚠️ افترضت: بدون ضريبة']}, '_assumptions': ['⚠️ افترضت: بدون ضريبة']}, 'proposer': 'مدير', 'session_id': 'phase2-spawn', 'draft_status': 'pending_approval'}, {'id': '2707d4b34dd7', 'draft_id': 'd4c645c7109b', 'requester': 'مدير', 'status': 'pending', 'created_at': 1783026997.154145, 'action': 'purchase', 'payload': {'supplier': 'راكان', 'payment_method': 'transfer', 'vat': {'mode': 'none', 'rate': 0.15, 'inclusive': False}, 'items': [{'name': 'قلب مستوبيشي L200', 'price': 1300.0, 'qty': 1.0, 'line_total': 1300.0, 'matched_id': None}], 'assumptions': ['⚠️ افترضت: بدون ضريبة'], 'missing': [], 'supplier_id': None, 'supplier_is_new': True, '_target_label': 'راكان', '_echo': {'type': 'شراء', 'entity': 'راكان', 'amount': 1300.0, 'net': 1300.0, 'vat': 0.0, 'vat_mode': 'none', 'payment_method': 'transfer', 'items_count': 1, 'items': [{'name': 'قلب مستوبيشي L200', 'price': 1300.0, 'qty': 1.0, 'line_total': 1300.0, 'matched_id': None}], 'accounts': 'مدين: مخزون قطع غيار (007) بالصافي · دائن: البنك (004)', 'assumptions': ['⚠️ افترضت: بدون ضريبة']}, '_assumptions': ['⚠️ افترضت: بدون ضريبة']}, 'proposer': 'مدير', 'session_id': 'phase2-flow', 'draft_status': 'pending_approval'}, {'id': '4d8aba8581fa', 'draft_id': '04f99d95edb8', 'requester': 'مدير', 'status': 'pending', 'created_at': 1783026952.115368, 'action': 'purchase', 'payload': {'supplier': 'راكان', 'payment_method': 'cash', 'vat': {'mode': 'none', 'rate': 0.15, 'inclusive': False}, 'items': [{'name': 'قلب مستوبيشي L200', 'price': 1300.0, 'qty': 1.0, 'line_total': 1300.0, 'matched_id': None}], 'assumptions': ['⚠️ افترضت: بدون ضريبة'], 'missing': [], 'supplier_id': None, 'supplier_is_new': True, '_target_label': 'راكان', '_echo': {'type': 'شراء', 'entity': 'راكان', 'amount': 1300.0, 'net': 1300.0, 'vat': 0.0, 'vat_mode': 'none', 'payment_method': 'cash', 'items_count': 1, 'items': [{'name': 'قلب مستوبيشي L200', 'price': 1300.0, 'qty': 1.0, 'line_total': 1300.0, 'matched_id': None}], 'accounts': 'مدين: مخزون قطع غيار (007) بالصافي · دائن: النقد (003)', 'assumptions': ['⚠️ افترضت: بدون ضريبة', '#x1F195 مورد جديد: راكان (سيُنشأ بالإضافة)']}, '_assumptions': ['⚠️ افترضت: بدون ضريبة', '#x1F195 مورد جديد: راكان (سيُنشأ بالإضافة)']}, 'proposer': 'مدير', 'session_id': 'phase2-test-1', 'draft_status': 'pending_approval'}]}, 'write': False}], 'response': '# ⏳ الاعتمادات المعلّقة\n\nعندك **10 اعتمادات** في الانتظار، إليك ملخّصها:\n\n---\n\n## #x1F4CB قائمة الاعتمادات\n\n| # | النوع | التفاصيل | المبلغ | طريقة الدفع |\n|---|-------|----------|--------|-------------|\n| 1 | #x1F6D2 شراء | بواجي × 1 — **النخبة** | 80 ر.س | نقد |\n| 2 | #x1F6D2 شراء | فلتر زيت × 1 — **التقوى** | 40 ر.س | نقد |\n| 3 | #x1F6D2 شراء | بواجي × 1 — **النخبة** | 80 ر.س | نقد |\n| 4 | #x1F5D1️ حذف عملية | إلغاء آخر عملية شراء | — | — |\n| 5 | #x1F6D2 شراء | فلتر زيت × 1 — **التقوى** | 40 ر.س | نقد |\n| 6 | #x1F527 زيارة | توضيب — لوحة **ا ا ا 111** | 4,326 ر.س | آجل |\n| 7 | #x1F527 زيارة | توضيب — لوحة **ا ا ا 111** | 4,326 ر.س | آجل |\n| 8 | #x1F6D2 شراء | فلاتر × 4 — **مورد اختبار** (جديد) | 138 ر.س | نقد |\n| 9 | #x1F6D2 شراء | قلب مستوبيشي L200 — **راكان** (جديد) | 1,300 ر.س | تحويل |\n| 10 | #x1F6D2 شراء | قلب مستوبيشي L200 — **راكان** (جديد) | 1,300 ر.س | نقد |\n\n---\n\n## ⚠️ ملاحظات مهمة\n- **الاعتمادات 1 و3** متطابقة (بواجي من النخبة 80 ر.س) — تحقّق إن كان مكرراً\n- **الاعتمادات 2 و5** متطابقة (فلتر زيت من التقوى 40 ر.س) — نفس الملاحظة\n- **الاعتمادات 6 و7** متطابقتان (زيارة توضيب لنفس اللوحة) — تحقّق من التكرار\n- **الاعتمادات 9 و10** متطابقتان (قلب مستوبيشي من راكان) — الفرق فقط في طريقة الدفع\n\n---\n\nوش تبي تسوي؟ تقدر تقول:\n- **«اعتمد كل شيء»** — لاعتماد الجميع\n- **«ارفض رقم 3»** — لرفض اعتماد محدد\n- **«اعتمد رقم 6»** — لاعتماد واحد بعينه', 'cards': [{'type': 'ApprovalCard', 'id': 'ea880855d95b', 'title': 'موافقة — pending', 'status': 'pending', 'data': {'approval_id': 'ea880855d95b', 'draft_id': 'ba1a0fe6811c', 'status': 'pending', 'requester': 'مدير', 'approver': None, 'created_at': 1783031213.4813159}, 'actions': [{'id': 'approve', 'label': 'اعتماد', 'intent': 'runtime', 'endpoint': '/api/runtime/approvals/ea880855d95b/approve', 'method': 'POST', 'disabled_when': ['approved', 'rejected']}, {'id': 'reject', 'label': 'رفض', 'intent': 'runtime', 'endpoint': '/api/runtime/approvals/ea880855d95b/reject', 'method': 'POST', 'disabled_when': ['approved', 'rejected']}, {'id': 'view_audit', 'label': 'تدقيق', 'intent': 'runtime', 'endpoint': '/api/runtime/audit', 'method': 'GET'}]}, {'type': 'ApprovalCard', 'id': '4f27717339a1', 'title': 'موافقة — pending', 'status': 'pending', 'data': {'approval_id': '4f27717339a1', 'draft_id': '4e299c874a2a', 'status': 'pending', 'requester': 'مدير', 'approver': None, 'created_at': 1783031211.4593008}, 'actions': [{'id': 'approve', 'label': 'اعتماد', 'intent': 'runtime', 'endpoint': '/api/runtime/approvals/4f27717339a1/approve', 'method': 'POST', 'disabled_when': ['approved', 'rejected']}, {'id': 'reject', 'label': 'رفض', 'intent': 'runtime', 'endpoint': '/api/runtime/approvals/4f27717339a1/reject', 'method': 'POST', 'disabled_when': ['approved', 'rejected']}, {'id': 'view_audit', 'label': 'تدقيق', 'intent': 'runtime', 'endpoint': '/api/runtime/audit', 'method': 'GET'}]}, {'type': 'ApprovalCard', 'id': 'f0676fe1293b', 'title': 'موافقة — pending', 'status': 'pending', 'data': {'approval_id': 'f0676fe1293b', 'draft_id': '643d84598852', 'status': 'pending', 'requester': 'مدير', 'approver': None, 'created_at': 1783030792.1281927}, 'actions': [{'id': 'approve', 'label': 'اعتماد', 'intent': 'runtime', 'endpoint': '/api/runtime/approvals/f0676fe1293b/approve', 'method': 'POST', 'disabled_when': ['approved', 'rejected']}, {'id': 'reject', 'label': 'رفض', 'intent': 'runtime', 'endpoint': '/api/runtime/approvals/f0676fe1293b/reject', 'method': 'POST', 'disabled_when': ['approved', 'rejected']}, {'id': 'view_audit', 'label': 'تدقيق', 'intent': 'runtime', 'endpoint': '/api/runtime/audit', 'method': 'GET'}]}, {'type': 'ApprovalCard', 'id': '9a7b76480cc1', 'title': 'موافقة — pending', 'status': 'pending', 'data': {'approval_id': '9a7b76480cc1', 'draft_id': '735a1bcf4339', 'status': 'pending', 'requester': 'مدير', 'approver': None, 'created_at': 1783030473.0401785}, 'actions': [{'id': 'approve', 'label': 'اعتماد', 'intent': 'runtime', 'endpoint': '/api/runtime/approvals/9a7b76480cc1/approve', 'method': 'POST', 'disabled_when': ['approved', 'rejected']}, {'id': 'reject', 'label': 'رفض', 'intent': 'runtime', 'endpoint': '/api/runtime/approvals/9a7b76480cc1/reject', 'method': 'POST', 'disabled_when': ['approved', 'rejected']}, {'id': 'view_audit', 'label': 'تدقيق', 'intent': 'runtime', 'endpoint': '/api/runtime/audit', 'method': 'GET'}]}, {'type': 'ApprovalCard', 'id': 'c1fb89bed17b', 'title': 'موافقة — pending', 'status': 'pending', 'data': {'approval_id': 'c1fb89bed17b', 'draft_id': '59b18c531b9b', 'status': 'pending', 'requester': 'مدير', 'approver': None, 'created_at': 1783030395.3573735}, 'actions': [{'id': 'approve', 'label': 'اعتماد', 'intent': 'runtime', 'endpoint': '/api/runtime/approvals/c1fb89bed17b/approve', 'method': 'POST', 'disabled_when': ['approved', 'rejected']}, {'id': 'reject', 'label': 'رفض', 'intent': 'runtime', 'endpoint': '/api/runtime/approvals/c1fb89bed17b/reject', 'method': 'POST', 'disabled_when': ['approved', 'rejected']}, {'id': 'view_audit', 'label': 'تدقيق', 'intent': 'runtime', 'endpoint': '/api/runtime/audit', 'method': 'GET'}]}, {'type': 'ApprovalCard', 'id': 'e1f72dde8211', 'title': 'موافقة — pending', 'status': 'pending', 'data': {'approval_id': 'e1f72dde8211', 'draft_id': 'ad3c29d847b6', 'status': 'pending', 'requester': 'مدير', 'approver': None, 'created_at': 1783028724.7591732}, 'actions': [{'id': 'approve', 'label': 'اعتماد', 'intent': 'runtime', 'endpoint': '/api/runtime/approvals/e1f72dde8211/approve', 'method': 'POST', 'disabled_when': ['approved', 'rejected']}, {'id': 'reject', 'label': 'رفض', 'intent': 'runtime', 'endpoint': '/api/runtime/approvals/e1f72dde8211/reject', 'method': 'POST', 'disabled_when': ['approved', 'rejected']}, {'id': 'view_audit', 'label': 'تدقيق', 'intent': 'runtime', 'endpoint': '/api/runtime/audit', 'method': 'GET'}]}, {'type': 'ApprovalCard', 'id': '73f0c9c17f65', 'title': 'موافقة — pending', 'status': 'pending', 'data': {'approval_id': '73f0c9c17f65', 'draft_id': '6f8fc085c481', 'status': 'pending', 'requester': 'مدير', 'approver': None, 'created_at': 1783028223.2815385}, 'actions': [{'id': 'approve', 'label': 'اعتماد', 'intent': 'runtime', 'endpoint': '/api/runtime/approvals/73f0c9c17f65/approve', 'method': 'POST', 'disabled_when': ['approved', 'rejected']}, {'id': 'reject', 'label': 'رفض', 'intent': 'runtime', 'endpoint': '/api/runtime/approvals/73f0c9c17f65/reject', 'method': 'POST', 'disabled_when': ['approved', 'rejected']}, {'id': 'view_audit', 'label': 'تدقيق', 'intent': 'runtime', 'endpoint': '/api/runtime/audit', 'method': 'GET'}]}, {'type': 'ApprovalCard', 'id': '7c540005c835', 'title': 'موافقة — pending', 'status': 'pending', 'data': {'approval_id': '7c540005c835', 'draft_id': '060869eedecf', 'status': 'pending', 'requester': 'مدير', 'approver': None, 'created_at': 1783027020.4042583}, 'actions': [{'id': 'approve', 'label': 'اعتماد', 'intent': 'runtime', 'endpoint': '/api/runtime/approvals/7c540005c835/approve', 'method': 'POST', 'disabled_when': ['approved', 'rejected']}, {'id': 'reject', 'label': 'رفض', 'intent': 'runtime', 'endpoint': '/api/runtime/approvals/7c540005c835/reject', 'method': 'POST', 'disabled_when': ['approved', 'rejected']}, {'id': 'view_audit', 'label': 'تدقيق', 'intent': 'runtime', 'endpoint': '/api/runtime/audit', 'method': 'GET'}]}, {'type': 'ApprovalCard', 'id': '2707d4b34dd7', 'title': 'موافقة — pending', 'status': 'pending', 'data': {'approval_id': '2707d4b34dd7', 'draft_id': 'd4c645c7109b', 'status': 'pending', 'requester': 'مدير', 'approver': None, 'created_at': 1783026997.154145}, 'actions': [{'id': 'approve', 'label': 'اعتماد', 'intent': 'runtime', 'endpoint': '/api/runtime/approvals/2707d4b34dd7/approve', 'method': 'POST', 'disabled_when': ['approved', 'rejected']}, {'id': 'reject', 'label': 'رفض', 'intent': 'runtime', 'endpoint': '/api/runtime/approvals/2707d4b34dd7/reject', 'method': 'POST', 'disabled_when': ['approved', 'rejected']}, {'id': 'view_audit', 'label': 'تدقيق', 'intent': 'runtime', 'endpoint': '/api/runtime/audit', 'method': 'GET'}]}, {'type': 'ApprovalCard', 'id': '4d8aba8581fa', 'title': 'موافقة — pending', 'status': 'pending', 'data': {'approval_id': '4d8aba8581fa', 'draft_id': '04f99d95edb8', 'status': 'pending', 'requester': 'مدير', 'approver': None, 'created_at': 1783026952.115368}, 'actions': [{'id': 'approve', 'label': 'اعتماد', 'intent': 'runtime', 'endpoint': '/api/runtime/approvals/4d8aba8581fa/approve', 'method': 'POST', 'disabled_when': ['approved', 'rejected']}, {'id': 'reject', 'label': 'رفض', 'intent': 'runtime', 'endpoint': '/api/runtime/approvals/4d8aba8581fa/reject', 'method': 'POST', 'disabled_when': ['approved', 'rejected']}, {'id': 'view_audit', 'label': 'تدقيق', 'intent': 'runtime', 'endpoint': '/api/runtime/audit', 'method': 'GET'}]}], 'context_snapshot': {'workshop_id': 'finmodule-sync', 'health': {'score': 100, 'status': 'ممتاز'}, 'top_alerts': [{'title': 'ذمم مدينة مفتوحة', 'severity': 'medium', 'impact': 13550.0, 'category': 'receivables'}], 'cash_flow': {'period_days': 30, 'inflow': 0.0, 'outflow': 0.0, 'net': 0.0, 'is_negative': False}, 'alerts_count': 1}, 'recent_actions': [{'type': 'tool_call', 'payload': {'tool': 'runtime.pending_approvals', 'success': True}, 'ts': 1783031213.6364648}, {'type': 'question', 'payload': {'message': 'اعتمادات كاترينا', 'tools': ['runtime.pending_approvals']}, 'ts': 1783031232.706217}], 'ai_used': True, 'model_used': 'emergent/claude-sonnet-4-6', 'read_only': True, 'mode': 'normal', 'power': None, 'developer_mode': False}
E   assert False</failure></testcase><testcase classname="backend.tests.test_katrina_iter247" name="test_contextual_cancel_no_journal_prompt" time="2.401" /><testcase classname="backend.tests.test_katrina_iter247" name="test_four_eyes_regression" time="6.552" /></testsuite></testsuites>