<?xml version="1.0" encoding="utf-8"?><testsuites name="pytest tests"><testsuite name="pytest" errors="0" failures="0" skipped="0" tests="4" time="12.621" timestamp="2026-05-24T22:12:35.859784+00:00" hostname="agent-env-c96e2a2b-96df-4a82-9955-e17344a1759a"><testcase classname="backend.tests.test_approvals_otp_iter217" name="test_create_returns_otp" time="10.665" /><testcase classname="backend.tests.test_approvals_otp_iter217" name="test_public_get_does_not_leak_otp" time="0.404" /><testcase classname="backend.tests.test_approvals_otp_iter217" name="test_respond_wrong_otp_rejected" time="0.400" /><testcase classname="backend.tests.test_approvals_otp_iter217" name="test_respond_correct_otp_accepted" time="0.976" /></testsuite></testsuites>