<?xml version="1.0" encoding="utf-8"?><testsuites name="pytest tests"><testsuite name="pytest" errors="0" failures="0" skipped="0" tests="13" time="0.533" timestamp="2026-08-11T16:28:39.342760+00:00" hostname="agent-env-e378c46e-e173-4986-8001-e8ce49b99740"><testcase classname="backend.tests.test_iter346_financial_readonly_reaudit" name="test_audit_artifact_is_recent" time="0.001" /><testcase classname="backend.tests.test_iter346_financial_readonly_reaudit" name="test_mutation_guard_counts_unchanged" time="0.000" /><testcase classname="backend.tests.test_iter346_financial_readonly_reaudit" name="test_current_ar_alignment_targets" time="0.000" /><testcase classname="backend.tests.test_iter346_financial_readonly_reaudit" name="test_katrina_conflict_targets" time="0.000" /><testcase classname="backend.tests.test_iter346_financial_readonly_reaudit" name="test_journal_balance_and_trial_balance_targets" time="0.000" /><testcase classname="backend.tests.test_iter346_financial_readonly_reaudit" name="test_balance_sheet_gap_target" time="0.000" /><testcase classname="backend.tests.test_iter346_financial_readonly_reaudit" name="test_income_statement_targets" time="0.000" /><testcase classname="backend.tests.test_iter346_financial_readonly_reaudit" name="test_reconciliation_targets" time="0.000" /><testcase classname="backend.tests.test_iter346_financial_readonly_reaudit" name="test_vehicle_finalization_mismatch_target" time="0.000" /><testcase classname="backend.tests.test_iter346_financial_readonly_reaudit" name="test_supplier_only_operation_violation_target" time="0.000" /><testcase classname="backend.tests.test_iter346_financial_readonly_reaudit" name="test_static_single_writer_contract_targets" time="0.000" /><testcase classname="backend.tests.test_iter346_financial_readonly_reaudit" name="test_expected_failed_checks_set" time="0.000" /><testcase classname="backend.tests.test_iter346_financial_readonly_reaudit" name="test_production_health_read_only_check" time="0.432" /></testsuite></testsuites>