<?xml version="1.0" encoding="utf-8"?><testsuites name="pytest tests"><testsuite name="pytest" errors="0" failures="0" skipped="0" tests="6" time="2.164" timestamp="2026-07-23T17:43:24.109735+00:00" hostname="agent-env-6b93bbe2-fbde-46d0-8626-01d7b328c720"><testcase classname="backend.tests.test_iter284_template_guard_events" name="test_resolve_system_template_contract_is_still_healthy" time="1.546" /><testcase classname="backend.tests.test_iter284_template_guard_events" name="test_events_endpoint_persists_supported_events[template_incomplete-iter284_incomplete_guard-missing_variables0]" time="0.110" /><testcase classname="backend.tests.test_iter284_template_guard_events" name="test_events_endpoint_persists_supported_events[template_load_failed-iter284_load_failure-missing_variables1]" time="0.051" /><testcase classname="backend.tests.test_iter284_template_guard_events" name="test_events_endpoint_persists_supported_events[template_render_failed-iter284_render_failure-missing_variables2]" time="0.051" /><testcase classname="backend.tests.test_iter284_template_guard_events" name="test_events_endpoint_rejects_unsupported_event" time="0.049" /><testcase classname="backend.tests.test_iter284_template_guard_events" name="test_uploaded_incomplete_template_is_resolvable_for_frontend_guard" time="0.123" /></testsuite></testsuites>