<?xml version="1.0" encoding="utf-8"?><testsuites name="pytest tests"><testsuite name="pytest" errors="0" failures="1" skipped="0" tests="12" time="18.901" timestamp="2026-07-20T21:41:18.176220+00:00" hostname="agent-env-811c6461-aa79-4e10-8068-5f0ff22fa4b2"><testcase classname="backend.tests.test_auth_preview_pin_iter257" name="test_manager_login_with_pin_no_device_returns_admin_tokens_and_device_with_remember" time="1.074" /><testcase classname="backend.tests.test_auth_preview_pin_iter257" name="test_wrong_pin_returns_401_and_synthetic_ip_locks_after_five_failures" time="2.974" /><testcase classname="backend.tests.test_auth_preview_pin_iter257" name="test_success_resets_failure_window_after_login_success" time="2.338" /><testcase classname="backend.tests.test_auth_preview_pin_iter257" name="test_me_and_refresh_cookie_and_bearer_reuse_detection" time="2.611" /><testcase classname="backend.tests.test_auth_preview_pin_iter257" name="test_non_manager_pin_requires_trusted_device" time="3.589" /><testcase classname="backend.tests.test_auth_preview_pin_iter257" name="test_accountant_six_digit_pin_supports_new_device_quick_login" time="0.663" /><testcase classname="backend.tests.test_auth_preview_pin_iter257" name="test_seed_manager_pin_is_bcrypt_only_and_users_json_maps_admin_role" time="0.006" /><testcase classname="backend.tests.test_auth_preview_pin_iter257" name="test_cors_allows_production_origin_with_credentials" time="0.696"><failure message="AssertionError: assert '' == 'true'&#10;  &#10;  - true">backend/tests/test_auth_preview_pin_iter257.py:302: in test_cors_allows_production_origin_with_credentials
    assert (actual.headers.get("access-control-allow-credentials") or "").lower() == "true"
E   AssertionError: assert '' == 'true'
E     
E     - true</failure></testcase><testcase classname="backend.tests.test_iter263_quick_print_preview" name="test_profile_and_settings_are_accessible_after_login" time="1.091" /><testcase classname="backend.tests.test_iter263_quick_print_preview" name="test_dashboard_summaries_endpoint_returns_data_for_existing_vehicles" time="2.357" /><testcase classname="backend.tests.test_iter263_quick_print_preview" name="test_invoice_document_generation_contains_workshop_and_context" time="0.098" /><testcase classname="backend.tests.test_iter263_quick_print_preview" name="test_diagnosis_document_generation_contains_workshop_and_vehicle_context" time="0.086" /></testsuite></testsuites>