<?xml version="1.0" encoding="utf-8"?><testsuites name="pytest tests"><testsuite name="pytest" errors="0" failures="0" skipped="0" tests="14" time="248.957" timestamp="2026-07-06T17:58:06.070004+00:00" hostname="agent-env-9631cfa6-288a-493f-b568-b013c2ce0c1d"><testcase classname="backend.tests.test_katrina_e2e_iter252" name="test_fix1_masdar_collection_pending_approval" time="4.408" /><testcase classname="backend.tests.test_katrina_e2e_iter252" name="test_fix1b_admin_discount_as_expense" time="3.367" /><testcase classname="backend.tests.test_katrina_e2e_iter252" name="test_fix1c_four_eyes_self_approve_blocked" time="3.016" /><testcase classname="backend.tests.test_katrina_e2e_iter252" name="test_fix2_no_fabrication_in_journal[\u0627\u0639\u0637\u0646\u064a \u0643\u0644 \u0627\u0644\u0642\u064a\u0648\u062f \u0627\u0644\u0645\u062d\u0627\u0633\u0628\u064a\u0629]" time="29.517" /><testcase classname="backend.tests.test_katrina_e2e_iter252" name="test_fix2_no_fabrication_in_journal[\u0627\u0644\u0642\u064a\u0648\u062f \u0643\u0627\u0645\u0644\u0629]" time="26.866" /><testcase classname="backend.tests.test_katrina_e2e_iter252" name="test_linkage_ar_summary" time="15.553" /><testcase classname="backend.tests.test_katrina_e2e_iter252" name="test_linkage_customer_card" time="15.400" /><testcase classname="backend.tests.test_katrina_e2e_iter252" name="test_linkage_counts[\u0643\u0645 \u0639\u062f\u062f \u0627\u0644\u0645\u0631\u0643\u0628\u0627\u062a \u0627\u0644\u062d\u0627\u0644\u064a\u0629-172]" time="12.748" /><testcase classname="backend.tests.test_katrina_e2e_iter252" name="test_linkage_counts[\u0643\u0645 \u0642\u064a\u062f \u0645\u062d\u0627\u0633\u0628\u064a \u0645\u0633\u062c\u0644 \u062d\u0627\u0644\u064a\u0627-15]" time="18.346" /><testcase classname="backend.tests.test_katrina_e2e_iter252" name="test_linkage_operational_queries[\u0627\u0644\u0632\u064a\u0627\u0631\u0627\u062a \u0627\u0644\u0646\u0634\u0637\u0629]" time="19.540" /><testcase classname="backend.tests.test_katrina_e2e_iter252" name="test_linkage_operational_queries[\u0627\u0644\u0642\u0637\u0639 \u0627\u0644\u0646\u0627\u0642\u0635\u0629]" time="17.191" /><testcase classname="backend.tests.test_katrina_e2e_iter252" name="test_linkage_operational_queries[\u0622\u062e\u0631 \u0627\u0644\u0639\u0645\u0644\u064a\u0627\u062a]" time="17.178" /><testcase classname="backend.tests.test_katrina_e2e_iter252" name="test_deeplink_customer_card_actions" time="17.297" /><testcase classname="backend.tests.test_katrina_e2e_iter252" name="test_multi_turn_session_continuity" time="48.427" /></testsuite></testsuites>