<?xml version="1.0" encoding="utf-8"?><testsuites name="pytest tests"><testsuite name="pytest" errors="0" failures="0" skipped="0" tests="3" time="4.368" timestamp="2026-07-24T18:24:50.627522+00:00" hostname="agent-env-2c2c028c-1a6c-4158-b8d8-6c1320daa3ec"><testcase classname="backend.tests.test_approval_stamp_iter303" name="test_1_create_and_approve_and_logs" time="3.750" /><testcase classname="backend.tests.test_approval_stamp_iter303" name="test_2_template_resolve_unified_defaults" time="0.198" /><testcase classname="backend.tests.test_approval_stamp_iter303" name="test_3_negative_case_vehicle_without_approvals" time="0.351" /></testsuite></testsuites>