<?xml version="1.0" encoding="utf-8"?><testsuites name="pytest tests"><testsuite name="pytest" errors="0" failures="3" skipped="0" tests="10" time="19.329" timestamp="2026-09-04T14:17:22.539688+00:00" hostname="agent-env-d801c463-f283-4b7d-942e-5f2e63c25c3e"><testcase classname="backend.tests.test_iter376_phase1c_cors_cookie_session" name="test_server_cors_middleware_is_credentialed_without_literal_wildcard_list" time="0.001" /><testcase classname="backend.tests.test_iter376_phase1c_cors_cookie_session" name="test_frontend_login_and_refresh_use_credentials_include_only" time="0.000" /><testcase classname="backend.tests.test_iter376_phase1c_cors_cookie_session" name="test_internal_options_trusted_origin_returns_explicit_origin_and_credentials" time="5.297" /><testcase classname="backend.tests.test_iter376_phase1c_cors_cookie_session" name="test_internal_post_trusted_origin_sets_cookie_and_cors_contract" time="1.248" /><testcase classname="backend.tests.test_iter376_phase1c_cors_cookie_session" name="test_internal_options_untrusted_origin_not_allowed" time="0.003" /><testcase classname="backend.tests.test_iter376_phase1c_cors_cookie_session" name="test_external_options_trusted_origin_returns_explicit_origin_and_credentials" time="0.144"><failure message="AssertionError: assert '*' == 'https://acco...gentagent.com'&#10;  &#10;  - https://accounting-ssot-fix.preview.emergentagent.com&#10;  + *">backend/tests/test_iter376_phase1c_cors_cookie_session.py:137: in test_external_options_trusted_origin_returns_explicit_origin_and_credentials
    assert _h(r.headers, "Access-Control-Allow-Origin") == TRUSTED_ORIGIN
E   AssertionError: assert '*' == 'https://acco...gentagent.com'
E     
E     - https://accounting-ssot-fix.preview.emergentagent.com
E     + *</failure></testcase><testcase classname="backend.tests.test_iter376_phase1c_cors_cookie_session" name="test_external_post_trusted_origin_sets_cookie_and_cors_contract" time="0.914"><failure message="AssertionError: assert '*' == 'https://acco...gentagent.com'&#10;  &#10;  - https://accounting-ssot-fix.preview.emergentagent.com&#10;  + *">backend/tests/test_iter376_phase1c_cors_cookie_session.py:149: in test_external_post_trusted_origin_sets_cookie_and_cors_contract
    assert _h(r.headers, "Access-Control-Allow-Origin") == TRUSTED_ORIGIN
E   AssertionError: assert '*' == 'https://acco...gentagent.com'
E     
E     - https://accounting-ssot-fix.preview.emergentagent.com
E     + *</failure></testcase><testcase classname="backend.tests.test_iter376_phase1c_cors_cookie_session" name="test_external_options_untrusted_origin_not_allowed" time="0.109"><failure message="AssertionError: assert '*' in {'', 'null'}&#10; +  where '*' = _h({'Date': 'Fri, 04 Sep 2026 14:17:30 GMT', 'Connection': 'keep-alive', 'Access-Control-Allow-Origin': '*', 'Access-Control-Allow-Headers': '*', 'Access-Control-Allow-Methods': 'GET, POST, PUT, DELETE, OPTIONS, HEAD, PATCH', 'Access-Control-Max-Age': '300', 'set-cookie': '__cf_bm=L1SSNQNbV5nvl5H4oh4bZJNc36Elc0GlmK4Ktd2ohCw-1788531450.4381883-1.0.1.1-20MPVt34tiPpneUH1j3hyHIOLzVHTXoWFUzSQvZ.rOhl3.uIq_B5RRWhQXElNcGBxK0h7qwgPm1b9sw6j300ANfntJvNbkGTQ3O_Skw8t07.K6Vx9BqzZgLNO3a0.Aww; HttpOnly; SameSite=None; Secure; Path=/; Domain=preview.emergentagent.com; Expires=Fri, 04 Sep 2026 14:47:30 GMT', 'X-Robots-Tag': 'noindex, nofollow', 'Server': 'cloudflare', 'CF-RAY': 'a35d9e3d3dd21132-ORD'}, 'Access-Control-Allow-Origin')&#10; +    where {'Date': 'Fri, 04 Sep 2026 14:17:30 GMT', 'Connection': 'keep-alive', 'Access-Control-Allow-Origin': '*', 'Access-Control-Allow-Headers': '*', 'Access-Control-Allow-Methods': 'GET, POST, PUT, DELETE, OPTIONS, HEAD, PATCH', 'Access-Control-Max-Age': '300', 'set-cookie': '__cf_bm=L1SSNQNbV5nvl5H4oh4bZJNc36Elc0GlmK4Ktd2ohCw-1788531450.4381883-1.0.1.1-20MPVt34tiPpneUH1j3hyHIOLzVHTXoWFUzSQvZ.rOhl3.uIq_B5RRWhQXElNcGBxK0h7qwgPm1b9sw6j300ANfntJvNbkGTQ3O_Skw8t07.K6Vx9BqzZgLNO3a0.Aww; HttpOnly; SameSite=None; Secure; Path=/; Domain=preview.emergentagent.com; Expires=Fri, 04 Sep 2026 14:47:30 GMT', 'X-Robots-Tag': 'noindex, nofollow', 'Server': 'cloudflare', 'CF-RAY': 'a35d9e3d3dd21132-ORD'} = &lt;Response [204]&gt;.headers">backend/tests/test_iter376_phase1c_cors_cookie_session.py:165: in test_external_options_untrusted_origin_not_allowed
    assert _h(r.headers, "Access-Control-Allow-Origin") in {"", "null"}
E   AssertionError: assert '*' in {'', 'null'}
E    +  where '*' = _h({'Date': 'Fri, 04 Sep 2026 14:17:30 GMT', 'Connection': 'keep-alive', 'Access-Control-Allow-Origin': '*', 'Access-Control-Allow-Headers': '*', 'Access-Control-Allow-Methods': 'GET, POST, PUT, DELETE, OPTIONS, HEAD, PATCH', 'Access-Control-Max-Age': '300', 'set-cookie': '__cf_bm=L1SSNQNbV5nvl5H4oh4bZJNc36Elc0GlmK4Ktd2ohCw-1788531450.4381883-1.0.1.1-20MPVt34tiPpneUH1j3hyHIOLzVHTXoWFUzSQvZ.rOhl3.uIq_B5RRWhQXElNcGBxK0h7qwgPm1b9sw6j300ANfntJvNbkGTQ3O_Skw8t07.K6Vx9BqzZgLNO3a0.Aww; HttpOnly; SameSite=None; Secure; Path=/; Domain=preview.emergentagent.com; Expires=Fri, 04 Sep 2026 14:47:30 GMT', 'X-Robots-Tag': 'noindex, nofollow', 'Server': 'cloudflare', 'CF-RAY': 'a35d9e3d3dd21132-ORD'}, 'Access-Control-Allow-Origin')
E    +    where {'Date': 'Fri, 04 Sep 2026 14:17:30 GMT', 'Connection': 'keep-alive', 'Access-Control-Allow-Origin': '*', 'Access-Control-Allow-Headers': '*', 'Access-Control-Allow-Methods': 'GET, POST, PUT, DELETE, OPTIONS, HEAD, PATCH', 'Access-Control-Max-Age': '300', 'set-cookie': '__cf_bm=L1SSNQNbV5nvl5H4oh4bZJNc36Elc0GlmK4Ktd2ohCw-1788531450.4381883-1.0.1.1-20MPVt34tiPpneUH1j3hyHIOLzVHTXoWFUzSQvZ.rOhl3.uIq_B5RRWhQXElNcGBxK0h7qwgPm1b9sw6j300ANfntJvNbkGTQ3O_Skw8t07.K6Vx9BqzZgLNO3a0.Aww; HttpOnly; SameSite=None; Secure; Path=/; Domain=preview.emergentagent.com; Expires=Fri, 04 Sep 2026 14:47:30 GMT', 'X-Robots-Tag': 'noindex, nofollow', 'Server': 'cloudflare', 'CF-RAY': 'a35d9e3d3dd21132-ORD'} = &lt;Response [204]&gt;.headers</failure></testcase><testcase classname="backend.tests.test_iter376_phase1c_cors_cookie_session" name="test_admin_login_me_and_representative_reads_no_500" time="9.130" /><testcase classname="backend.tests.test_iter376_phase1c_cors_cookie_session" name="test_bruteforce_lockout_after_five_failures" time="2.265" /></testsuite></testsuites>