<?xml version="1.0" encoding="utf-8"?><testsuites name="pytest tests"><testsuite name="pytest" errors="0" failures="1" skipped="0" tests="11" time="19.397" timestamp="2026-09-04T14:00:55.172540+00:00" hostname="agent-env-d801c463-f283-4b7d-942e-5f2e63c25c3e"><testcase classname="backend.tests.test_iter375_auth_supabase_cors_diagnostic" name="test_health_status_and_body" time="0.825" /><testcase classname="backend.tests.test_iter375_auth_supabase_cors_diagnostic" name="test_sanitized_supabase_key_type_available_to_code" time="0.001" /><testcase classname="backend.tests.test_iter375_auth_supabase_cors_diagnostic" name="test_auth_me_after_password_login" time="0.895" /><testcase classname="backend.tests.test_iter375_auth_supabase_cors_diagnostic" name="test_login_sets_httponly_cookies" time="1.225" /><testcase classname="backend.tests.test_iter375_auth_supabase_cors_diagnostic" name="test_read_endpoints_no_500[/api/users-None]" time="1.030" /><testcase classname="backend.tests.test_iter375_auth_supabase_cors_diagnostic" name="test_read_endpoints_no_500[/api/vehicles-None]" time="2.592" /><testcase classname="backend.tests.test_iter375_auth_supabase_cors_diagnostic" name="test_read_endpoints_no_500[/api/customers-None]" time="8.471" /><testcase classname="backend.tests.test_iter375_auth_supabase_cors_diagnostic" name="test_read_endpoints_no_500[/api/accounts-None]" time="1.265" /><testcase classname="backend.tests.test_iter375_auth_supabase_cors_diagnostic" name="test_read_endpoints_no_500[/api/finance/journal-entries-params4]" time="2.306" /><testcase classname="backend.tests.test_iter375_auth_supabase_cors_diagnostic" name="test_cross_origin_login_cors_contract" time="0.675"><failure message="AssertionError: assert None == 'true'">backend/tests/test_iter375_auth_supabase_cors_diagnostic.py:173: in test_cross_origin_login_cors_contract
    assert allow_credentials == "true"
E   AssertionError: assert None == 'true'</failure></testcase><testcase classname="backend.tests.test_iter375_auth_supabase_cors_diagnostic" name="test_static_code_auth_supabase_key_usage_contract" time="0.002" /></testsuite></testsuites>