<?xml version="1.0" encoding="utf-8"?><testsuites name="pytest tests"><testsuite name="pytest" errors="0" failures="0" skipped="0" tests="6" time="4.596" timestamp="2026-08-02T22:27:51.406647+00:00" hostname="agent-env-1670a499-11bb-4654-8ed3-3a534866f3b0"><testcase classname="backend.tests.test_iter324_vehicle_financial_summary_contract" name="test_login_sets_secure_httponly_cookie_flags" time="1.030" /><testcase classname="backend.tests.test_iter324_vehicle_financial_summary_contract" name="test_vehicle_financial_summary_formula_contract" time="2.697" /><testcase classname="backend.tests.test_iter324_vehicle_financial_summary_contract" name="test_invalid_vehicle_id_returns_404" time="0.047" /><testcase classname="backend.tests.test_iter324_vehicle_financial_summary_contract" name="test_acceptance_arithmetic_scenarios[parsed_notes0-expected0]" time="0.000" /><testcase classname="backend.tests.test_iter324_vehicle_financial_summary_contract" name="test_acceptance_arithmetic_scenarios[parsed_notes1-expected1]" time="0.000" /><testcase classname="backend.tests.test_iter324_vehicle_financial_summary_contract" name="test_acceptance_arithmetic_scenarios[parsed_notes2-expected2]" time="0.001" /></testsuite></testsuites>