<?xml version="1.0" encoding="utf-8"?><testsuites name="pytest tests"><testsuite name="pytest" errors="0" failures="0" skipped="0" tests="2" time="0.057" timestamp="2026-09-04T13:21:40.542802+00:00" hostname="agent-env-d801c463-f283-4b7d-942e-5f2e63c25c3e"><testcase classname="backend.tests.test_login_frontend_static" name="test_login_defaults_to_password_not_stale_pin" time="0.000" /><testcase classname="backend.tests.test_login_frontend_static" name="test_pin_toggle_keeps_password_and_pin_modes_exclusive" time="0.000" /></testsuite></testsuites>