<?xml version="1.0" encoding="utf-8"?><testsuites name="pytest tests"><testsuite name="pytest" errors="0" failures="0" skipped="0" tests="5" time="6.004" timestamp="2026-08-11T12:25:41.334929+00:00" hostname="agent-env-1670a499-11bb-4654-8ed3-3a534866f3b0"><testcase classname="backend.tests.test_iter342_income_statement_scope_model" name="test_income_statement_august_2026_totals" time="5.925" /><testcase classname="backend.tests.test_iter342_income_statement_scope_model" name="test_income_statement_revenue_source_audit_values" time="0.000" /><testcase classname="backend.tests.test_iter342_income_statement_scope_model" name="test_income_statement_statement_safety_scope_model" time="0.000" /><testcase classname="backend.tests.test_iter342_income_statement_scope_model" name="test_income_statement_classification_counts" time="0.000" /><testcase classname="backend.tests.test_iter342_income_statement_scope_model" name="test_income_statement_endpoint_no_live_filter_reference" time="0.001" /></testsuite></testsuites>