<?xml version="1.0" encoding="utf-8"?><testsuites name="pytest tests"><testsuite name="pytest" errors="0" failures="1" skipped="0" tests="7" time="11.460" timestamp="2026-07-18T14:36:21.786067+00:00" hostname="agent-env-a2113c22-0dfc-4a0f-aaef-4d5b3a5676f1"><testcase classname="backend.tests.test_auth_preview_pin_iter257" name="test_manager_login_with_pin_no_device_returns_admin_tokens_and_device_with_remember" time="0.888" /><testcase classname="backend.tests.test_auth_preview_pin_iter257" name="test_wrong_pin_returns_401_and_synthetic_ip_locks_after_five_failures" time="2.812" /><testcase classname="backend.tests.test_auth_preview_pin_iter257" name="test_success_resets_failure_window_after_login_success" time="2.189" /><testcase classname="backend.tests.test_auth_preview_pin_iter257" name="test_me_and_refresh_cookie_and_bearer_reuse_detection" time="2.255" /><testcase classname="backend.tests.test_auth_preview_pin_iter257" name="test_non_manager_pin_requires_trusted_device" time="2.951" /><testcase classname="backend.tests.test_auth_preview_pin_iter257" name="test_seed_manager_pin_is_bcrypt_only_and_users_json_maps_admin_role" time="0.003" /><testcase classname="backend.tests.test_auth_preview_pin_iter257" name="test_cors_allows_production_origin_with_credentials" time="0.121"><failure message="AssertionError: assert '' == 'true'&#10;  &#10;  - true">backend/tests/test_auth_preview_pin_iter257.py:283: in test_cors_allows_production_origin_with_credentials
    assert (r.headers.get("access-control-allow-credentials") or "").lower() == "true"
E   AssertionError: assert '' == 'true'
E     
E     - true</failure></testcase></testsuite></testsuites>