<?xml version="1.0" encoding="utf-8"?><testsuites name="pytest tests"><testsuite name="pytest" errors="0" failures="0" skipped="0" tests="15" time="1.675" timestamp="2026-07-15T22:02:27.741267+00:00" hostname="agent-env-a2113c22-0dfc-4a0f-aaef-4d5b3a5676f1"><testcase classname="backend.tests.test_unified_executor_iter238" name="test_requires_approval_close_visits" time="0.001" /><testcase classname="backend.tests.test_unified_executor_iter238" name="test_requires_approval_create_customer_waits_for_human" time="0.000" /><testcase classname="backend.tests.test_unified_executor_iter238" name="test_requires_approval_unknown_falls_through" time="0.000" /><testcase classname="backend.tests.test_unified_executor_iter238" name="test_execute_action_unknown_rejected" time="0.001" /><testcase classname="backend.tests.test_unified_executor_iter238" name="test_execute_action_read_only_visits" time="0.847" /><testcase classname="backend.tests.test_unified_executor_iter238" name="test_execute_action_read_only_generic" time="0.001" /><testcase classname="backend.tests.test_unified_executor_iter238" name="test_write_action_waits_for_human_approval" time="0.152" /><testcase classname="backend.tests.test_unified_executor_iter238" name="test_write_action_has_no_automatic_commit" time="0.030" /><testcase classname="backend.tests.test_unified_executor_iter238" name="test_risky_action_waits_for_human" time="0.027" /><testcase classname="backend.tests.test_unified_executor_iter238" name="test_execute_text_unknown_when_llm_returns_unknown" time="0.005" /><testcase classname="backend.tests.test_unified_executor_iter238" name="test_execute_text_safe_pipeline" time="0.027" /><testcase classname="backend.tests.test_unified_executor_iter238" name="test_execute_text_risky_pipeline" time="0.026" /><testcase classname="backend.tests.test_unified_executor_iter238" name="test_execute_text_empty_input" time="0.000" /><testcase classname="backend.tests.test_unified_executor_iter238" name="test_unified_engine_class_delegates" time="0.324" /><testcase classname="backend.tests.test_unified_executor_iter238" name="test_unified_engine_class_requires_approval_static" time="0.000" /></testsuite></testsuites>