<?xml version="1.0" encoding="utf-8"?><testsuites name="pytest tests"><testsuite name="pytest" errors="0" failures="0" skipped="0" tests="5" time="35.124" timestamp="2026-05-26T10:08:21.101071+00:00" hostname="agent-env-c96e2a2b-96df-4a82-9955-e17344a1759a"><testcase classname="backend.tests.test_finance_sync_iter221" name="test_flow1_pos_expense_cash_paid_persists_as_paid" time="5.626" /><testcase classname="backend.tests.test_finance_sync_iter221" name="test_flow2_pos_salary_cash_paid_persists_as_paid" time="4.044" /><testcase classname="backend.tests.test_finance_sync_iter221" name="test_flow3_confirm_payment_updates_same_op" time="12.127" /><testcase classname="backend.tests.test_finance_sync_iter221" name="test_flow4_visit_update_syncs_operation" time="11.572" /><testcase classname="backend.tests.test_finance_sync_iter221" name="test_health_operations_list" time="1.681" /></testsuite></testsuites>