<?xml version="1.0" encoding="utf-8"?><testsuites name="pytest tests"><testsuite name="pytest" errors="0" failures="0" skipped="0" tests="6" time="12.866" timestamp="2026-08-11T18:18:19.548855+00:00" hostname="agent-env-e378c46e-e173-4986-8001-e8ce49b99740"><testcase classname="backend.tests.test_iter349_p0b_live_readonly_verify" name="test_p0b_report_shape_and_targeted_scope" time="0.001" /><testcase classname="backend.tests.test_iter349_p0b_live_readonly_verify" name="test_p0b_originals_exist_and_have_single_targeted_reversal_each" time="3.063" /><testcase classname="backend.tests.test_iter349_p0b_live_readonly_verify" name="test_p0b_case_a_canonical_and_net_impact_are_exact" time="1.484" /><testcase classname="backend.tests.test_iter349_p0b_live_readonly_verify" name="test_p0b_case_b_supplier_effect_zero_and_no_customer_canonical_sale" time="3.363" /><testcase classname="backend.tests.test_iter349_p0b_live_readonly_verify" name="test_p0b_income_statement_and_ar_core_targets" time="4.188" /><testcase classname="backend.tests.test_iter349_visit_finalization_unit" name="test_two_visits_have_independent_canonical_totals_payments_and_supplier_exclusion" time="0.298" /></testsuite></testsuites>