<?xml version="1.0" encoding="utf-8"?><testsuites name="pytest tests"><testsuite name="pytest" errors="0" failures="0" skipped="0" tests="5" time="1.535" timestamp="2026-07-23T18:59:22.072912+00:00" hostname="agent-env-6b93bbe2-fbde-46d0-8626-01d7b328c720"><testcase classname="backend.tests.test_iter287_templates_p0_retest" name="test_template_3666_use_returns_renderable_html" time="1.115" /><testcase classname="backend.tests.test_iter287_templates_p0_retest" name="test_template_3666_is_default_for_default_invoice_scope" time="0.059" /><testcase classname="backend.tests.test_iter287_templates_p0_retest" name="test_resolve_prefers_tenant_default_when_system_default_also_exists" time="0.064" /><testcase classname="backend.tests.test_iter287_templates_p0_retest" name="test_set_default_rejects_unknown_placeholders_with_missing_variables" time="0.165" /><testcase classname="backend.tests.test_iter287_templates_p0_retest" name="test_outbound_resolve_message_reports_missing_variables" time="0.053" /></testsuite></testsuites>