<?xml version="1.0" encoding="utf-8"?><testsuites name="pytest tests"><testsuite name="pytest" errors="0" failures="0" skipped="0" tests="5" time="87.668" timestamp="2026-08-01T13:37:53.335601+00:00" hostname="agent-env-2c2c028c-1a6c-4158-b8d8-6c1320daa3ec"><testcase classname="backend.tests.test_iter305_credit_ops_display_retest" name="test_00_baseline" time="9.072" /><testcase classname="backend.tests.test_iter305_credit_ops_display_retest" name="test_01_credit_visit_300" time="27.064" /><testcase classname="backend.tests.test_iter305_credit_ops_display_retest" name="test_02_partial_payment_100" time="20.733" /><testcase classname="backend.tests.test_iter305_credit_ops_display_retest" name="test_03_idempotent_repost" time="13.008" /><testcase classname="backend.tests.test_iter305_credit_ops_display_retest" name="test_04_delete_cascade" time="17.723" /></testsuite></testsuites>