<?xml version="1.0" encoding="utf-8"?><testsuites name="pytest tests"><testsuite name="pytest" errors="0" failures="0" skipped="0" tests="21" time="11.857" timestamp="2026-08-11T17:15:53.359598+00:00" hostname="agent-env-e378c46e-e173-4986-8001-e8ce49b99740"><testcase classname="backend.tests.test_iter347_p0a_single_writer_hardening" name="test_no_direct_journal_mutations_outside_accounting_engine" time="0.821" /><testcase classname="backend.tests.test_iter347_p0a_single_writer_hardening" name="test_all_post_entry_callers_disable_engine_fallback" time="0.815" /><testcase classname="backend.tests.test_iter347_p0a_single_writer_hardening" name="test_legacy_mutation_endpoints_are_blocked_before_data_access[&lt;lambda&gt;-reclassify_payment_accounts]" time="0.001" /><testcase classname="backend.tests.test_iter347_p0a_single_writer_hardening" name="test_legacy_mutation_endpoints_are_blocked_before_data_access[&lt;lambda&gt;-apply_bank_revenue_policy]" time="0.001" /><testcase classname="backend.tests.test_iter347_p0a_single_writer_hardening" name="test_legacy_mutation_endpoints_are_blocked_before_data_access[&lt;lambda&gt;-repost_bank_and_fix_imbalance_balancing_plug]" time="0.001" /><testcase classname="backend.tests.test_iter347_p0a_single_writer_hardening" name="test_legacy_mutation_endpoints_are_blocked_before_data_access[&lt;lambda&gt;-reclassify_vehicle_workshop_dues]" time="0.001" /><testcase classname="backend.tests.test_iter347_p0a_single_writer_hardening" name="test_legacy_mutation_endpoints_are_blocked_before_data_access[&lt;lambda&gt;-migrate_legacy_account_codes]" time="0.001" /><testcase classname="backend.tests.test_iter347_p0a_single_writer_hardening" name="test_legacy_mutation_endpoints_are_blocked_before_data_access[&lt;lambda&gt;-reclassify_revenue_sub_accounts]" time="0.001" /><testcase classname="backend.tests.test_iter347_p0a_single_writer_hardening" name="test_legacy_mutation_endpoints_are_blocked_before_data_access[&lt;lambda&gt;-reconciliation_backfill_43_operations]" time="0.000" /><testcase classname="backend.tests.test_iter347_p0a_single_writer_hardening" name="test_operations_integrity_bulk_backfill_is_blocked" time="0.001" /><testcase classname="backend.tests.test_iter347_p0a_single_writer_hardening" name="test_financial_reset_execute_is_unconditionally_blocked" time="0.002" /><testcase classname="backend.tests.test_iter347_p0a_single_writer_hardening" name="test_repost_balancing_plug_is_unconditionally_blocked" time="0.076" /><testcase classname="backend.tests.test_iter347_p0a_single_writer_hardening" name="test_temp_deferred_status_does_not_mutate_journal" time="0.001" /><testcase classname="backend.tests.test_iter347_p0a_single_writer_hardening" name="test_manual_journal_empty_engine_result_fails_closed" time="0.001" /><testcase classname="backend.tests.test_iter347_p0a_single_writer_hardening" name="test_manual_journal_update_is_blocked" time="0.000" /><testcase classname="backend.tests.test_iter347_p0a_single_writer_hardening" name="test_supplier_import_validates_all_rows_before_posting" time="0.001" /><testcase classname="backend.tests.test_iter347_p0a_single_writer_hardening" name="test_supplier_import_empty_engine_result_is_not_success" time="0.001" /><testcase classname="backend.tests.test_iter347_p0a_single_writer_hardening" name="test_payment_post_helper_rejects_empty_engine_result" time="0.000" /><testcase classname="backend.tests.test_iter347_p0a_single_writer_hardening" name="test_payment_and_operation_paths_have_no_silent_financial_fallbacks" time="0.011" /><testcase classname="backend.tests.test_iter347_p0a_single_writer_hardening" name="test_close_period_and_manual_journal_require_persisted_engine_ids" time="0.004" /><testcase classname="backend.tests.test_iter347_live_preview_guardrails" name="test_preview_guardrails_block_mutations_and_preserve_fingerprints" time="9.192" /></testsuite></testsuites>