<?xml version="1.0" encoding="utf-8"?><testsuites name="pytest tests"><testsuite name="pytest" errors="0" failures="7" skipped="0" tests="9" time="9.559" timestamp="2026-06-19T21:01:30.264420+00:00" hostname="agent-env-db6f33dc-58b1-4002-aaf8-d04af1a185f7"><testcase classname="backend.tests.test_enterprise_operator_iter238.TestFinanceActions" name="test_invoice_post_and_idempotent" time="1.628"><failure message="AssertionError: {'data': {'credit': 200.0, 'debit': 200.0, 'journal_id': '0ae7a492-993b-4a85-bf80-ec6864cb773b', 'posted': True, ...}, 'success': True}&#10;assert (None is True or None is True)&#10; +  where None = &lt;built-in method get of dict object at 0xf85fdb006d40&gt;('posted')&#10; +    where &lt;built-in method get of dict object at 0xf85fdb006d40&gt; = {'data': {'credit': 200.0, 'debit': 200.0, 'journal_id': '0ae7a492-993b-4a85-bf80-ec6864cb773b', 'posted': True, ...}, 'success': True}.get&#10; +  and   None = &lt;built-in method get of dict object at 0xf85fdb006d40&gt;('idempotent')&#10; +    where &lt;built-in method get of dict object at 0xf85fdb006d40&gt; = {'data': {'credit': 200.0, 'debit': 200.0, 'journal_id': '0ae7a492-993b-4a85-bf80-ec6864cb773b', 'posted': True, ...}, 'success': True}.get">backend/tests/test_enterprise_operator_iter238.py:52: in test_invoice_post_and_idempotent
    assert d1.get("posted") is True or d1.get("idempotent") is True, d1
E   AssertionError: {'data': {'credit': 200.0, 'debit': 200.0, 'journal_id': '0ae7a492-993b-4a85-bf80-ec6864cb773b', 'posted': True, ...}, 'success': True}
E   assert (None is True or None is True)
E    +  where None = &lt;built-in method get of dict object at 0xf85fdb006d40&gt;('posted')
E    +    where &lt;built-in method get of dict object at 0xf85fdb006d40&gt; = {'data': {'credit': 200.0, 'debit': 200.0, 'journal_id': '0ae7a492-993b-4a85-bf80-ec6864cb773b', 'posted': True, ...}, 'success': True}.get
E    +  and   None = &lt;built-in method get of dict object at 0xf85fdb006d40&gt;('idempotent')
E    +    where &lt;built-in method get of dict object at 0xf85fdb006d40&gt; = {'data': {'credit': 200.0, 'debit': 200.0, 'journal_id': '0ae7a492-993b-4a85-bf80-ec6864cb773b', 'posted': True, ...}, 'success': True}.get</failure></testcase><testcase classname="backend.tests.test_enterprise_operator_iter238.TestFinanceActions" name="test_invoice_rbac_technician_403" time="0.446" /><testcase classname="backend.tests.test_enterprise_operator_iter238.TestFinanceActions" name="test_payment_post_and_idempotent" time="2.203"><failure message="AssertionError: Expected idempotent: {'success': True, 'data': {'posted': False, 'idempotent': True, 'tx_hash': '4f85cc69b04a620e77aa20b4f8059197ba5cbb48d074db06c7241b302876a9d4', 'journal_id': 'c2fa674f-8ce7-4f8b-9d91-b072ac1f4ec2', 'message': 'القيد موجود مسبقًا — لم يُكرَّر'}, 'message': 'القيد موجود مسبقًا — لم يُكرَّر'}&#10;assert (None is True or None is True)&#10; +  where None = &lt;built-in method get of dict object at 0xf85fdae17280&gt;('idempotent')&#10; +    where &lt;built-in method get of dict object at 0xf85fdae17280&gt; = {'data': {'idempotent': True, 'journal_id': 'c2fa674f-8ce7-4f8b-9d91-b072ac1f4ec2', 'message': 'القيد موجود مسبقًا — لم يُكرَّر', 'posted': False, ...}, 'message': 'القيد موجود مسبقًا — لم يُكرَّر', 'success': True}.get&#10; +  and   None = &lt;built-in method get of dict object at 0xf85fdae17280&gt;('duplicate')&#10; +    where &lt;built-in method get of dict object at 0xf85fdae17280&gt; = {'data': {'idempotent': True, 'journal_id': 'c2fa674f-8ce7-4f8b-9d91-b072ac1f4ec2', 'message': 'القيد موجود مسبقًا — لم يُكرَّر', 'posted': False, ...}, 'message': 'القيد موجود مسبقًا — لم يُكرَّر', 'success': True}.get">backend/tests/test_enterprise_operator_iter238.py:96: in test_payment_post_and_idempotent
    assert d2.get("idempotent") is True or d2.get("duplicate") is True, f"Expected idempotent: {d2}"
E   AssertionError: Expected idempotent: {'success': True, 'data': {'posted': False, 'idempotent': True, 'tx_hash': '4f85cc69b04a620e77aa20b4f8059197ba5cbb48d074db06c7241b302876a9d4', 'journal_id': 'c2fa674f-8ce7-4f8b-9d91-b072ac1f4ec2', 'message': 'القيد موجود مسبقًا — لم يُكرَّر'}, 'message': 'القيد موجود مسبقًا — لم يُكرَّر'}
E   assert (None is True or None is True)
E    +  where None = &lt;built-in method get of dict object at 0xf85fdae17280&gt;('idempotent')
E    +    where &lt;built-in method get of dict object at 0xf85fdae17280&gt; = {'data': {'idempotent': True, 'journal_id': 'c2fa674f-8ce7-4f8b-9d91-b072ac1f4ec2', 'message': 'القيد موجود مسبقًا — لم يُكرَّر', 'posted': False, ...}, 'message': 'القيد موجود مسبقًا — لم يُكرَّر', 'success': True}.get
E    +  and   None = &lt;built-in method get of dict object at 0xf85fdae17280&gt;('duplicate')
E    +    where &lt;built-in method get of dict object at 0xf85fdae17280&gt; = {'data': {'idempotent': True, 'journal_id': 'c2fa674f-8ce7-4f8b-9d91-b072ac1f4ec2', 'message': 'القيد موجود مسبقًا — لم يُكرَّر', 'posted': False, ...}, 'message': 'القيد موجود مسبقًا — لم يُكرَّر', 'success': True}.get</failure></testcase><testcase classname="backend.tests.test_enterprise_operator_iter238.TestFinanceActions" name="test_expense_post_and_idempotent" time="1.902"><failure message="AssertionError: {'data': {'idempotent': True, 'journal_id': 'd0204aa7-e256-4949-a321-38990390c27e', 'message': 'القيد موجود مسبقًا — لم يُكرَّر', 'posted': False, ...}, 'message': 'القيد موجود مسبقًا — لم يُكرَّر', 'success': True}&#10;assert (None is True or None is True)&#10; +  where None = &lt;built-in method get of dict object at 0xf85fdac3eb00&gt;('idempotent')&#10; +    where &lt;built-in method get of dict object at 0xf85fdac3eb00&gt; = {'data': {'idempotent': True, 'journal_id': 'd0204aa7-e256-4949-a321-38990390c27e', 'message': 'القيد موجود مسبقًا — لم يُكرَّر', 'posted': False, ...}, 'message': 'القيد موجود مسبقًا — لم يُكرَّر', 'success': True}.get&#10; +  and   None = &lt;built-in method get of dict object at 0xf85fdac3eb00&gt;('duplicate')&#10; +    where &lt;built-in method get of dict object at 0xf85fdac3eb00&gt; = {'data': {'idempotent': True, 'journal_id': 'd0204aa7-e256-4949-a321-38990390c27e', 'message': 'القيد موجود مسبقًا — لم يُكرَّر', 'posted': False, ...}, 'message': 'القيد موجود مسبقًا — لم يُكرَّر', 'success': True}.get">backend/tests/test_enterprise_operator_iter238.py:114: in test_expense_post_and_idempotent
    assert d2.get("idempotent") is True or d2.get("duplicate") is True, d2
E   AssertionError: {'data': {'idempotent': True, 'journal_id': 'd0204aa7-e256-4949-a321-38990390c27e', 'message': 'القيد موجود مسبقًا — لم يُكرَّر', 'posted': False, ...}, 'message': 'القيد موجود مسبقًا — لم يُكرَّر', 'success': True}
E   assert (None is True or None is True)
E    +  where None = &lt;built-in method get of dict object at 0xf85fdac3eb00&gt;('idempotent')
E    +    where &lt;built-in method get of dict object at 0xf85fdac3eb00&gt; = {'data': {'idempotent': True, 'journal_id': 'd0204aa7-e256-4949-a321-38990390c27e', 'message': 'القيد موجود مسبقًا — لم يُكرَّر', 'posted': False, ...}, 'message': 'القيد موجود مسبقًا — لم يُكرَّر', 'success': True}.get
E    +  and   None = &lt;built-in method get of dict object at 0xf85fdac3eb00&gt;('duplicate')
E    +    where &lt;built-in method get of dict object at 0xf85fdac3eb00&gt; = {'data': {'idempotent': True, 'journal_id': 'd0204aa7-e256-4949-a321-38990390c27e', 'message': 'القيد موجود مسبقًا — لم يُكرَّر', 'posted': False, ...}, 'message': 'القيد موجود مسبقًا — لم يُكرَّر', 'success': True}.get</failure></testcase><testcase classname="backend.tests.test_enterprise_operator_iter238.TestFourEyesAndRBAC" name="test_self_approval_blocked_then_other_approves" time="0.153"><failure message="AssertionError: no draft id in {'success': True, 'data': {'id': 'df4d7ba07590', 'action': 'update_customer', 'payload': {'customer_id': 'X-TEST', 'set': {'phone': '0501112233'}}, 'status': 'draft', 'proposer': 'مدير', 'session_id': None, 'created_at': 1781902896.7596288}}&#10;assert None">backend/tests/test_enterprise_operator_iter238.py:143: in test_self_approval_blocked_then_other_approves
    draft_id, _ = self._create_draft(proposer="مدير")
                  ^^^^^^^^^^^^^^^^^^^^^^^^^^^^^^^^^^^
backend/tests/test_enterprise_operator_iter238.py:130: in _create_draft
    assert draft_id, f"no draft id in {d}"
E   AssertionError: no draft id in {'success': True, 'data': {'id': 'df4d7ba07590', 'action': 'update_customer', 'payload': {'customer_id': 'X-TEST', 'set': {'phone': '0501112233'}}, 'status': 'draft', 'proposer': 'مدير', 'session_id': None, 'created_at': 1781902896.7596288}}
E   assert None</failure></testcase><testcase classname="backend.tests.test_enterprise_operator_iter238.TestFourEyesAndRBAC" name="test_approval_rbac_accountant_denied" time="0.240"><failure message="AssertionError: no draft id in {'success': True, 'data': {'id': 'a6ff3ecc861b', 'action': 'update_customer', 'payload': {'customer_id': 'X-TEST', 'set': {'phone': '0501112233'}}, 'status': 'draft', 'proposer': 'مدير', 'session_id': None, 'created_at': 1781902896.9655943}}&#10;assert None">backend/tests/test_enterprise_operator_iter238.py:169: in test_approval_rbac_accountant_denied
    draft_id, _ = self._create_draft(proposer="مدير")
                  ^^^^^^^^^^^^^^^^^^^^^^^^^^^^^^^^^^^
backend/tests/test_enterprise_operator_iter238.py:130: in _create_draft
    assert draft_id, f"no draft id in {d}"
E   AssertionError: no draft id in {'success': True, 'data': {'id': 'a6ff3ecc861b', 'action': 'update_customer', 'payload': {'customer_id': 'X-TEST', 'set': {'phone': '0501112233'}}, 'status': 'draft', 'proposer': 'مدير', 'session_id': None, 'created_at': 1781902896.9655943}}
E   assert None</failure></testcase><testcase classname="backend.tests.test_enterprise_operator_iter238.TestRuntimePersistence" name="test_draft_list_and_stats" time="0.118"><failure message="assert None">backend/tests/test_enterprise_operator_iter238.py:195: in test_draft_list_and_stats
    assert draft_id
E   assert None</failure></testcase><testcase classname="backend.tests.test_enterprise_operator_iter238.TestRegressions" name="test_bot_safe_auto_commit" time="1.380"><failure message="AssertionError: unexpected status: {'success': True, 'data': {'status': 'committed', 'action': {'action': 'create_customer', 'entity': None, 'payload': {'name': 'تجريبي ريجريشن'}}, 'draft': {'id': 'ba8afc3d8118', 'action': 'customer', 'payload': {'name': 'تجريبي ريجريشن'}, 'status': 'committed', 'proposer': 'مدير', 'session_id': None, 'created_at': 1781902897.8555036, 'last_approval_id': 'efb5680f297a', 'execution_id': 'afb9a9898505'}, 'result': {'id': '1446458a-7015-48df-ba29-0ea11d11748d', 'name': 'تجريبي ريجريشن', 'phone': '', 'email': None, 'address': None, 'vehicle_brand': None, 'vehicle_plate': None, 'vehicle_km': None, 'total_visits': 0, 'last_visit': None, 'created_at': '2026-06-19T21:01:38.345417+00:00', 'updated_at': '2026-06-19T21:01:38.345417+00:00'}, 'execution_id': 'afb9a9898505', 'policy': 'auto_safe'}}&#10;assert None in ('committed', 'pending_approval', 'queued', 'approved')">backend/tests/test_enterprise_operator_iter238.py:218: in test_bot_safe_auto_commit
    assert status in ("committed", "pending_approval", "queued", "approved"), f"unexpected status: {d}"
E   AssertionError: unexpected status: {'success': True, 'data': {'status': 'committed', 'action': {'action': 'create_customer', 'entity': None, 'payload': {'name': 'تجريبي ريجريشن'}}, 'draft': {'id': 'ba8afc3d8118', 'action': 'customer', 'payload': {'name': 'تجريبي ريجريشن'}, 'status': 'committed', 'proposer': 'مدير', 'session_id': None, 'created_at': 1781902897.8555036, 'last_approval_id': 'efb5680f297a', 'execution_id': 'afb9a9898505'}, 'result': {'id': '1446458a-7015-48df-ba29-0ea11d11748d', 'name': 'تجريبي ريجريشن', 'phone': '', 'email': None, 'address': None, 'vehicle_brand': None, 'vehicle_plate': None, 'vehicle_km': None, 'total_visits': 0, 'last_visit': None, 'created_at': '2026-06-19T21:01:38.345417+00:00', 'updated_at': '2026-06-19T21:01:38.345417+00:00'}, 'execution_id': 'afb9a9898505', 'policy': 'auto_safe'}}
E   assert None in ('committed', 'pending_approval', 'queued', 'approved')</failure></testcase><testcase classname="backend.tests.test_enterprise_operator_iter238.TestRegressions" name="test_journal_entries_fetch" time="1.274" /></testsuite></testsuites>