<?xml version="1.0" encoding="utf-8"?><testsuites name="pytest tests"><testsuite name="pytest" errors="0" failures="0" skipped="0" tests="2" time="1.618" timestamp="2026-07-23T19:11:02.592378+00:00" hostname="agent-env-6b93bbe2-fbde-46d0-8626-01d7b328c720"><testcase classname="backend.tests.test_iter288_p0_final_closure" name="test_set_default_scope_remains_single_active_default" time="1.456" /><testcase classname="backend.tests.test_iter288_p0_final_closure" name="test_resolve_message_valid_phone_has_no_missing_variables_for_plate_and_workshop" time="0.073" /></testsuite></testsuites>