<?xml version="1.0" encoding="utf-8"?><testsuites name="pytest tests"><testsuite name="pytest" errors="0" failures="0" skipped="0" tests="8" time="3.315" timestamp="2026-07-24T09:13:56.638439+00:00" hostname="agent-env-6b93bbe2-fbde-46d0-8626-01d7b328c720"><testcase classname="backend.tests.test_iter298_unified_templates_contract" name="test_registry_has_only_three_unified_templates_and_single_default_per_type" time="2.771" /><testcase classname="backend.tests.test_iter298_unified_templates_contract" name="test_renderer_sets_document_title_and_workshop_fields_in_header_and_third_box[invoice-\u0641\u0627\u062a\u0648\u0631\u0629 \u0645\u0628\u064a\u0639\u0627\u062a]" time="0.042" /><testcase classname="backend.tests.test_iter298_unified_templates_contract" name="test_renderer_sets_document_title_and_workshop_fields_in_header_and_third_box[diagnosis-\u062a\u0642\u0631\u064a\u0631 \u062a\u0634\u062e\u064a\u0635]" time="0.041" /><testcase classname="backend.tests.test_iter298_unified_templates_contract" name="test_renderer_sets_document_title_and_workshop_fields_in_header_and_third_box[quote-\u0639\u0631\u0636 \u0633\u0639\u0631]" time="0.039" /><testcase classname="backend.tests.test_iter298_unified_templates_contract" name="test_tax_is_optional_and_grand_total_single_without_tax_then_single_tax_row_when_present" time="0.078" /><testcase classname="backend.tests.test_iter298_unified_templates_contract" name="test_final_html_has_single_barcode_and_no_qr_or_barcode_duplication" time="0.088" /><testcase classname="backend.tests.test_iter298_unified_templates_contract" name="test_approval_stamps_are_conditional_and_inside_approval_boxes" time="0.081" /><testcase classname="backend.tests.test_iter298_unified_templates_contract" name="test_no_raw_placeholders_or_demo_seed_data_and_items_rows_render_inside_tbody" time="0.087" /></testsuite></testsuites>