<?xml version="1.0" encoding="utf-8"?><testsuites name="pytest tests"><testsuite name="pytest" errors="0" failures="0" skipped="0" tests="8" time="18.162" timestamp="2026-08-01T23:41:07.637727+00:00" hostname="agent-env-1670a499-11bb-4654-8ed3-3a534866f3b0"><testcase classname="backend.tests.test_iter311_visit_source_ar_contracts" name="test_ar_customers_snapshot_totals_and_vehicle_count" time="2.714" /><testcase classname="backend.tests.test_iter311_visit_source_ar_contracts" name="test_ar_customers_vehicle_61fe0b56_supplier_excluded" time="1.225" /><testcase classname="backend.tests.test_iter311_visit_source_ar_contracts" name="test_ar_customers_specific_vehicle_examples_match_policy" time="1.196" /><testcase classname="backend.tests.test_iter311_visit_source_ar_contracts" name="test_ar_customers_excludes_archived_from_current_totals" time="1.210" /><testcase classname="backend.tests.test_iter311_visit_source_ar_contracts" name="test_customers_endpoint_aligns_with_ar_totals" time="3.073" /><testcase classname="backend.tests.test_iter311_visit_source_ar_contracts" name="test_ar_ledger_matches_expected_ending_and_rows" time="1.208" /><testcase classname="backend.tests.test_iter311_visit_source_ar_contracts" name="test_income_statement_sales_summary_matches_unconfirmed_notes_policy" time="3.582" /><testcase classname="backend.tests.test_iter311_visit_source_ar_contracts" name="test_reconciliation_audit_read_only_and_zero_journal_entries" time="3.884" /></testsuite></testsuites>