<?xml version="1.0" encoding="utf-8"?><testsuites name="pytest tests"><testsuite name="pytest" errors="0" failures="0" skipped="0" tests="7" time="28.580" timestamp="2026-08-19T23:15:23.892895+00:00" hostname="agent-env-27caad9c-dfbe-47e2-bbba-751fb3cc8808"><testcase classname="backend.tests.test_iter358_xss_auth" name="test_login_returns_access_token_and_sets_httponly_cookies" time="1.847" /><testcase classname="backend.tests.test_iter358_xss_auth" name="test_me_works_with_cookies_only_no_bearer" time="0.752" /><testcase classname="backend.tests.test_iter358_xss_auth" name="test_refresh_via_cookie_omits_refresh_token_in_body" time="1.057" /><testcase classname="backend.tests.test_iter358_xss_auth" name="test_refresh_via_bearer_includes_refresh_token_in_body" time="1.124" /><testcase classname="backend.tests.test_iter358_xss_auth" name="test_logout_revokes_session_old_cookies_cannot_refresh" time="1.212" /><testcase classname="backend.tests.test_iter358_xss_auth" name="test_balance_sheet_balances" time="4.717" /><testcase classname="backend.tests.test_iter358_xss_auth" name="test_ar_summary_matches_customers_total" time="17.780" /></testsuite></testsuites>