<?xml version="1.0" encoding="utf-8"?><testsuites name="pytest tests"><testsuite name="pytest" errors="0" failures="0" skipped="0" tests="3" time="6.228" timestamp="2026-07-23T16:49:33.731346+00:00" hostname="agent-env-6b93bbe2-fbde-46d0-8626-01d7b328c720"><testcase classname="backend.tests.test_iter283_templates_manager_final_check" name="test_default_uniqueness_never_exceeds_one_per_scope" time="5.871" /><testcase classname="backend.tests.test_iter283_templates_manager_final_check" name="test_quick_print_use_endpoint_returns_reason_and_content" time="0.110" /><testcase classname="backend.tests.test_iter283_templates_manager_final_check" name="test_explicit_invalid_template_returns_409_no_fallback" time="0.112" /></testsuite></testsuites>