<?xml version="1.0" encoding="utf-8"?><testsuites name="pytest tests"><testsuite name="pytest" errors="0" failures="0" skipped="0" tests="6" time="0.209" timestamp="2026-07-23T23:36:14.119205+00:00" hostname="agent-env-6b93bbe2-fbde-46d0-8626-01d7b328c720"><testcase classname="backend.tests.test_iter297_document_approval_stamp_contract" name="test_render_without_approvals_has_no_stamps_or_raw_placeholders" time="0.040" /><testcase classname="backend.tests.test_iter297_document_approval_stamp_contract" name="test_render_customer_only_shows_customer_stamp_not_workshop" time="0.042" /><testcase classname="backend.tests.test_iter297_document_approval_stamp_contract" name="test_render_workshop_only_shows_workshop_stamp_not_customer" time="0.042" /><testcase classname="backend.tests.test_iter297_document_approval_stamp_contract" name="test_render_both_approvals_shows_two_independent_stamps_no_raw_placeholders" time="0.041" /><testcase classname="backend.tests.test_iter297_document_approval_stamp_contract" name="test_document_print_template_payload_includes_form_approvals" time="0.000" /><testcase classname="backend.tests.test_iter297_document_approval_stamp_contract" name="test_document_print_print_and_pdf_paths_use_rendered_template_contract" time="0.000" /></testsuite></testsuites>