<?xml version="1.0" encoding="utf-8"?><testsuites name="pytest tests"><testsuite name="pytest" errors="0" failures="0" skipped="0" tests="4" time="27.653" timestamp="2026-07-23T10:46:17.538076+00:00" hostname="agent-env-6b93bbe2-fbde-46d0-8626-01d7b328c720"><testcase classname="backend.tests.test_iter280_katrina_financial_control_vehicle_sync.TestIter280KatrinaFinancialGuard" name="test_01_manager_login_success" time="14.679" /><testcase classname="backend.tests.test_iter280_katrina_financial_control_vehicle_sync.TestIter280KatrinaFinancialGuard" name="test_02_vehicle_get_by_id_from_list" time="1.630" /><testcase classname="backend.tests.test_iter280_katrina_financial_control_vehicle_sync.TestIter280KatrinaFinancialGuard" name="test_03_financial_action_without_payment_method_needs_clarification_and_no_draft" time="6.914" /><testcase classname="backend.tests.test_iter280_katrina_financial_control_vehicle_sync.TestIter280KatrinaFinancialGuard" name="test_04_financial_action_with_transfer_goes_pending_approval" time="4.115" /></testsuite></testsuites>