<?xml version="1.0" encoding="utf-8"?><testsuites name="pytest tests"><testsuite name="pytest" errors="0" failures="0" skipped="0" tests="3" time="13.709" timestamp="2026-07-23T09:44:49.318060+00:00" hostname="agent-env-6b93bbe2-fbde-46d0-8626-01d7b328c720"><testcase classname="backend.tests.test_iter279_admin_override_and_vehicle_year" name="test_get_vehicles_admin_returns_200_and_year_int" time="9.112" /><testcase classname="backend.tests.test_iter279_admin_override_and_vehicle_year" name="test_admin_can_self_approve_without_developer_code_and_audit_logged" time="2.883" /><testcase classname="backend.tests.test_iter279_admin_override_and_vehicle_year" name="test_accountant_self_approval_still_blocked_by_four_eyes" time="1.524" /></testsuite></testsuites>