<?xml version="1.0" encoding="utf-8"?><testsuites name="pytest tests"><testsuite name="pytest" errors="0" failures="1" skipped="0" tests="11" time="8.961" timestamp="2026-08-01T15:00:50.756518+00:00" hostname="agent-env-1670a499-11bb-4654-8ed3-3a534866f3b0"><testcase classname="backend.tests.test_iter306_vehicle_print_supplier_filter" name="test_target_vehicle_endpoint_returns_requested_vehicle" time="4.039" /><testcase classname="backend.tests.test_iter306_vehicle_print_supplier_filter" name="test_target_visit_contains_supplier_and_workshop_items_in_archive_notes" time="1.364" /><testcase classname="backend.tests.test_iter306_vehicle_print_supplier_filter" name="test_customer_printable_projection_excludes_supplier_and_keeps_workshop_total" time="0.001" /><testcase classname="backend.tests.test_iter306_vehicle_print_supplier_filter" name="test_document_template_resolve_returns_valid_html[invoice]" time="0.058" /><testcase classname="backend.tests.test_iter306_vehicle_print_supplier_filter" name="test_document_template_resolve_returns_valid_html[diagnosis]" time="0.080" /><testcase classname="backend.tests.test_iter307_auth_and_quickprint_contract" name="test_login_returns_tokens_and_secure_cookie_contract" time="0.711" /><testcase classname="backend.tests.test_iter307_auth_and_quickprint_contract" name="test_auth_cors_preflight_allows_credentials_for_login_route" time="0.095"><failure message="AssertionError: assert '' == 'true'&#10;  &#10;  - true">backend/tests/test_iter307_auth_and_quickprint_contract.py:117: in test_auth_cors_preflight_allows_credentials_for_login_route
    assert allow_credentials == "true"
E   AssertionError: assert '' == 'true'
E     
E     - true</failure></testcase><testcase classname="backend.tests.test_iter307_auth_and_quickprint_contract" name="test_vehicle_archive_keeps_supplier_and_workshop_rows" time="1.321" /><testcase classname="backend.tests.test_iter307_auth_and_quickprint_contract" name="test_customer_print_projection_excludes_supplier_rows" time="1.006" /><testcase classname="backend.tests.test_iter307_auth_and_quickprint_contract" name="test_template_resolve_returns_renderable_html[invoice]" time="0.064" /><testcase classname="backend.tests.test_iter307_auth_and_quickprint_contract" name="test_template_resolve_returns_renderable_html[diagnosis]" time="0.059" /></testsuite></testsuites>