<?xml version="1.0" encoding="utf-8"?><testsuites name="pytest tests"><testsuite name="pytest" errors="0" failures="1" skipped="0" tests="1" time="0.972" timestamp="2026-09-04T13:23:59.189926+00:00" hostname="agent-env-d801c463-f283-4b7d-942e-5f2e63c25c3e"><testcase classname="backend.tests.test_iter345_preview_auth_login_flow" name="test_login_cors_headers_for_preview_origin" time="0.876"><failure message="assert None == 'true'&#10; +  where None = get('access-control-allow-credentials')&#10; +    where get = {'Date': 'Fri, 04 Sep 2026 13:24:00 GMT', 'Content-Type': 'application/json', 'Transfer-Encoding': 'chunked', 'Connection': 'keep-alive', 'CF-Ray': 'a35d4fd80f85e819-ORD', 'CF-Cache-Status': 'DYNAMIC', 'Access-Control-Allow-Origin': '*', 'Cache-Control': 'no-store, no-cache, must-revalidate', 'Server': 'cloudflare', 'x-xss-protection': '1; mode=block', 'Via': '1.1 google', 'Access-Control-Allow-Headers': '*', 'Access-Control-Allow-Methods': 'GET, POST, PUT, DELETE, OPTIONS, HEAD, PATCH', 'Access-Control-Max-Age': '300', 'content-security-policy': &quot;frame-ancestors 'none'&quot;, 'permissions-policy': 'camera=(), microphone=(), geolocation=(), payment=(), usb=()', 'referrer-policy': 'strict-origin-when-cross-origin', 'x-content-type-options': 'nosniff', 'x-frame-options': 'DENY', 'Set-Cookie': 'access_token=eyJhbGciOiJIUzI1NiIsInR5cCI6IkpXVCJ9.eyJzdWIiOiJcdTA2NDVcdTA2MmZcdTA2NGFcdTA2MzEiLCJyb2xlIjoiYWRtaW4iLCJpYXQiOjE3ODg1MjgyNDAsImV4cCI6MTc4ODUzMTg0MCwidHlwZSI6ImFjY2VzcyJ9.3a008sSQ0lZU4srKGCAE2tgPgqFctKZn7ilzajteEQQ; HttpOnly; Max-Age=3600; Path=/; Secure; SameSite=None; Partitioned, refresh_token=eyJhbGciOiJIUzI1NiIsInR5cCI6IkpXVCJ9.eyJzdWIiOiJcdTA2NDVcdTA2MmZcdTA2NGFcdTA2MzEiLCJqdGkiOiJydF9hNjVkZTAzNWQ4ZTA0MmFkYmNkYTU0ZTU5MWI3MjM1ZSIsImZhbSI6ImZhbV9lNjg3NTUyYTg1NDU0ZGE1IiwiZGlkIjpudWxsLCJpYXQiOjE3ODg1MjgyNDAsImV4cCI6MTc4OTEzMzA0MCwidHlwZSI6InJlZnJlc2gifQ.sHVb1ZzkvR0ZhrmnHUKC2OLwT-b-nSbCtaXcYLYUsFU; HttpOnly; Max-Age=604800; Path=/; Secure; SameSite=None; Partitioned, __cf_bm=0jDZFDsRdZNfAsIAkgfyPpQX.OVDzl_QJgCYiHVKrfg-1788528239.3694072-1.0.1.1-QJVsj4HIwbjHJHlHotNTGRUmngM6fJEnlHLDUsrWlXVra6U5fu7YccuobqMKRVGbf77Pe5OKoViaJxw4Amqme7HNtlry3xtB4mov0JH9qEOWM7aKojLn0OgL8l220ZJm; HttpOnly; SameSite=None; Secure; Path=/; Domain=preview.emergentagent.com; Expires=Fri, 04 Sep 2026 13:54:00 GMT', 'X-Robots-Tag': 'noindex, nofollow', 'Content-Encoding': 'gzip'}.get&#10; +      where {'Date': 'Fri, 04 Sep 2026 13:24:00 GMT', 'Content-Type': 'application/json', 'Transfer-Encoding': 'chunked', 'Connection': 'keep-alive', 'CF-Ray': 'a35d4fd80f85e819-ORD', 'CF-Cache-Status': 'DYNAMIC', 'Access-Control-Allow-Origin': '*', 'Cache-Control': 'no-store, no-cache, must-revalidate', 'Server': 'cloudflare', 'x-xss-protection': '1; mode=block', 'Via': '1.1 google', 'Access-Control-Allow-Headers': '*', 'Access-Control-Allow-Methods': 'GET, POST, PUT, DELETE, OPTIONS, HEAD, PATCH', 'Access-Control-Max-Age': '300', 'content-security-policy': &quot;frame-ancestors 'none'&quot;, 'permissions-policy': 'camera=(), microphone=(), geolocation=(), payment=(), usb=()', 'referrer-policy': 'strict-origin-when-cross-origin', 'x-content-type-options': 'nosniff', 'x-frame-options': 'DENY', 'Set-Cookie': 'access_token=eyJhbGciOiJIUzI1NiIsInR5cCI6IkpXVCJ9.eyJzdWIiOiJcdTA2NDVcdTA2MmZcdTA2NGFcdTA2MzEiLCJyb2xlIjoiYWRtaW4iLCJpYXQiOjE3ODg1MjgyNDAsImV4cCI6MTc4ODUzMTg0MCwidHlwZSI6ImFjY2VzcyJ9.3a008sSQ0lZU4srKGCAE2tgPgqFctKZn7ilzajteEQQ; HttpOnly; Max-Age=3600; Path=/; Secure; SameSite=None; Partitioned, refresh_token=eyJhbGciOiJIUzI1NiIsInR5cCI6IkpXVCJ9.eyJzdWIiOiJcdTA2NDVcdTA2MmZcdTA2NGFcdTA2MzEiLCJqdGkiOiJydF9hNjVkZTAzNWQ4ZTA0MmFkYmNkYTU0ZTU5MWI3MjM1ZSIsImZhbSI6ImZhbV9lNjg3NTUyYTg1NDU0ZGE1IiwiZGlkIjpudWxsLCJpYXQiOjE3ODg1MjgyNDAsImV4cCI6MTc4OTEzMzA0MCwidHlwZSI6InJlZnJlc2gifQ.sHVb1ZzkvR0ZhrmnHUKC2OLwT-b-nSbCtaXcYLYUsFU; HttpOnly; Max-Age=604800; Path=/; Secure; SameSite=None; Partitioned, __cf_bm=0jDZFDsRdZNfAsIAkgfyPpQX.OVDzl_QJgCYiHVKrfg-1788528239.3694072-1.0.1.1-QJVsj4HIwbjHJHlHotNTGRUmngM6fJEnlHLDUsrWlXVra6U5fu7YccuobqMKRVGbf77Pe5OKoViaJxw4Amqme7HNtlry3xtB4mov0JH9qEOWM7aKojLn0OgL8l220ZJm; HttpOnly; SameSite=None; Secure; Path=/; Domain=preview.emergentagent.com; Expires=Fri, 04 Sep 2026 13:54:00 GMT', 'X-Robots-Tag': 'noindex, nofollow', 'Content-Encoding': 'gzip'} = &lt;Response [200]&gt;.headers">backend/tests/test_iter345_preview_auth_login_flow.py:132: in test_login_cors_headers_for_preview_origin
    assert res.headers.get("access-control-allow-credentials") == "true"
E   assert None == 'true'
E    +  where None = get('access-control-allow-credentials')
E    +    where get = {'Date': 'Fri, 04 Sep 2026 13:24:00 GMT', 'Content-Type': 'application/json', 'Transfer-Encoding': 'chunked', 'Connection': 'keep-alive', 'CF-Ray': 'a35d4fd80f85e819-ORD', 'CF-Cache-Status': 'DYNAMIC', 'Access-Control-Allow-Origin': '*', 'Cache-Control': 'no-store, no-cache, must-revalidate', 'Server': 'cloudflare', 'x-xss-protection': '1; mode=block', 'Via': '1.1 google', 'Access-Control-Allow-Headers': '*', 'Access-Control-Allow-Methods': 'GET, POST, PUT, DELETE, OPTIONS, HEAD, PATCH', 'Access-Control-Max-Age': '300', 'content-security-policy': "frame-ancestors 'none'", 'permissions-policy': 'camera=(), microphone=(), geolocation=(), payment=(), usb=()', 'referrer-policy': 'strict-origin-when-cross-origin', 'x-content-type-options': 'nosniff', 'x-frame-options': 'DENY', 'Set-Cookie': 'access_token=eyJhbGciOiJIUzI1NiIsInR5cCI6IkpXVCJ9.eyJzdWIiOiJcdTA2NDVcdTA2MmZcdTA2NGFcdTA2MzEiLCJyb2xlIjoiYWRtaW4iLCJpYXQiOjE3ODg1MjgyNDAsImV4cCI6MTc4ODUzMTg0MCwidHlwZSI6ImFjY2VzcyJ9.3a008sSQ0lZU4srKGCAE2tgPgqFctKZn7ilzajteEQQ; HttpOnly; Max-Age=3600; Path=/; Secure; SameSite=None; Partitioned, refresh_token=eyJhbGciOiJIUzI1NiIsInR5cCI6IkpXVCJ9.eyJzdWIiOiJcdTA2NDVcdTA2MmZcdTA2NGFcdTA2MzEiLCJqdGkiOiJydF9hNjVkZTAzNWQ4ZTA0MmFkYmNkYTU0ZTU5MWI3MjM1ZSIsImZhbSI6ImZhbV9lNjg3NTUyYTg1NDU0ZGE1IiwiZGlkIjpudWxsLCJpYXQiOjE3ODg1MjgyNDAsImV4cCI6MTc4OTEzMzA0MCwidHlwZSI6InJlZnJlc2gifQ.sHVb1ZzkvR0ZhrmnHUKC2OLwT-b-nSbCtaXcYLYUsFU; HttpOnly; Max-Age=604800; Path=/; Secure; SameSite=None; Partitioned, __cf_bm=0jDZFDsRdZNfAsIAkgfyPpQX.OVDzl_QJgCYiHVKrfg-1788528239.3694072-1.0.1.1-QJVsj4HIwbjHJHlHotNTGRUmngM6fJEnlHLDUsrWlXVra6U5fu7YccuobqMKRVGbf77Pe5OKoViaJxw4Amqme7HNtlry3xtB4mov0JH9qEOWM7aKojLn0OgL8l220ZJm; HttpOnly; SameSite=None; Secure; Path=/; Domain=preview.emergentagent.com; Expires=Fri, 04 Sep 2026 13:54:00 GMT', 'X-Robots-Tag': 'noindex, nofollow', 'Content-Encoding': 'gzip'}.get
E    +      where {'Date': 'Fri, 04 Sep 2026 13:24:00 GMT', 'Content-Type': 'application/json', 'Transfer-Encoding': 'chunked', 'Connection': 'keep-alive', 'CF-Ray': 'a35d4fd80f85e819-ORD', 'CF-Cache-Status': 'DYNAMIC', 'Access-Control-Allow-Origin': '*', 'Cache-Control': 'no-store, no-cache, must-revalidate', 'Server': 'cloudflare', 'x-xss-protection': '1; mode=block', 'Via': '1.1 google', 'Access-Control-Allow-Headers': '*', 'Access-Control-Allow-Methods': 'GET, POST, PUT, DELETE, OPTIONS, HEAD, PATCH', 'Access-Control-Max-Age': '300', 'content-security-policy': "frame-ancestors 'none'", 'permissions-policy': 'camera=(), microphone=(), geolocation=(), payment=(), usb=()', 'referrer-policy': 'strict-origin-when-cross-origin', 'x-content-type-options': 'nosniff', 'x-frame-options': 'DENY', 'Set-Cookie': 'access_token=eyJhbGciOiJIUzI1NiIsInR5cCI6IkpXVCJ9.eyJzdWIiOiJcdTA2NDVcdTA2MmZcdTA2NGFcdTA2MzEiLCJyb2xlIjoiYWRtaW4iLCJpYXQiOjE3ODg1MjgyNDAsImV4cCI6MTc4ODUzMTg0MCwidHlwZSI6ImFjY2VzcyJ9.3a008sSQ0lZU4srKGCAE2tgPgqFctKZn7ilzajteEQQ; HttpOnly; Max-Age=3600; Path=/; Secure; SameSite=None; Partitioned, refresh_token=eyJhbGciOiJIUzI1NiIsInR5cCI6IkpXVCJ9.eyJzdWIiOiJcdTA2NDVcdTA2MmZcdTA2NGFcdTA2MzEiLCJqdGkiOiJydF9hNjVkZTAzNWQ4ZTA0MmFkYmNkYTU0ZTU5MWI3MjM1ZSIsImZhbSI6ImZhbV9lNjg3NTUyYTg1NDU0ZGE1IiwiZGlkIjpudWxsLCJpYXQiOjE3ODg1MjgyNDAsImV4cCI6MTc4OTEzMzA0MCwidHlwZSI6InJlZnJlc2gifQ.sHVb1ZzkvR0ZhrmnHUKC2OLwT-b-nSbCtaXcYLYUsFU; HttpOnly; Max-Age=604800; Path=/; Secure; SameSite=None; Partitioned, __cf_bm=0jDZFDsRdZNfAsIAkgfyPpQX.OVDzl_QJgCYiHVKrfg-1788528239.3694072-1.0.1.1-QJVsj4HIwbjHJHlHotNTGRUmngM6fJEnlHLDUsrWlXVra6U5fu7YccuobqMKRVGbf77Pe5OKoViaJxw4Amqme7HNtlry3xtB4mov0JH9qEOWM7aKojLn0OgL8l220ZJm; HttpOnly; SameSite=None; Secure; Path=/; Domain=preview.emergentagent.com; Expires=Fri, 04 Sep 2026 13:54:00 GMT', 'X-Robots-Tag': 'noindex, nofollow', 'Content-Encoding': 'gzip'} = &lt;Response [200]&gt;.headers</failure></testcase></testsuite></testsuites>