<?xml version="1.0" encoding="utf-8"?><testsuites name="pytest tests"><testsuite name="pytest" errors="0" failures="2" skipped="0" tests="10" time="13.846" timestamp="2026-08-11T14:56:13.530188+00:00" hostname="agent-env-1670a499-11bb-4654-8ed3-3a534866f3b0"><testcase classname="backend.tests.test_iter344_security_p0_auth_hardening" name="test_name_only_login_is_blocked_for_all_roles" time="3.577" /><testcase classname="backend.tests.test_iter344_security_p0_auth_hardening" name="test_default_or_shared_pin_login_is_blocked" time="1.525" /><testcase classname="backend.tests.test_iter344_security_p0_auth_hardening" name="test_empty_and_wrong_credentials_fail_closed" time="1.582" /><testcase classname="backend.tests.test_iter344_security_p0_auth_hardening" name="test_valid_user_gets_own_non_admin_role_and_cannot_post_admin_finance_action" time="1.704" /><testcase classname="backend.tests.test_iter344_security_p0_auth_hardening" name="test_five_failed_attempts_trigger_lockout_or_rate_limit_and_do_not_leak_secrets" time="3.880" /><testcase classname="backend.tests.test_iter344_security_p0_auth_hardening" name="test_code_no_longer_seeds_quick_manager_or_allows_name_only_or_pin_bypass" time="0.001" /><testcase classname="backend.tests.test_iter344_auth_playbook_regression" name="test_security_user_password_hash_is_bcrypt_2b" time="0.004" /><testcase classname="backend.tests.test_iter344_auth_playbook_regression" name="test_success_login_sets_httponly_cookies_and_credentialed_cors_headers" time="0.654"><failure message="assert None == 'true'&#10; +  where None = get('access-control-allow-credentials')&#10; +    where get = {'Date': 'Tue, 11 Aug 2026 14:56:26 GMT', 'Content-Type': 'application/json', 'Transfer-Encoding': 'chunked', 'Connection': 'keep-alive', 'CF-Ray': 'a29816424df99123-ORD', 'CF-Cache-Status': 'DYNAMIC', 'Access-Control-Allow-Origin': '*', 'Cache-Control': 'no-store, no-cache, must-revalidate', 'Server': 'cloudflare', 'x-xss-protection': '1; mode=block', 'Via': '1.1 google', 'Access-Control-Allow-Headers': '*', 'Access-Control-Allow-Methods': 'GET, POST, PUT, DELETE, OPTIONS, HEAD, PATCH', 'Access-Control-Max-Age': '300', 'content-security-policy': &quot;frame-ancestors 'none'&quot;, 'permissions-policy': 'camera=(), microphone=(), geolocation=(), payment=(), usb=()', 'referrer-policy': 'strict-origin-when-cross-origin', 'x-content-type-options': 'nosniff', 'x-frame-options': 'DENY', 'Set-Cookie': 'access_token=eyJhbGciOiJIUzI1NiIsInR5cCI6IkpXVCJ9.eyJzdWIiOiJcdTA2NDVcdTA2MzNcdTA2MmFcdTA2MmVcdTA2MmZcdTA2NDUgXHUwNjI3XHUwNjJlXHUwNjJhXHUwNjI4XHUwNjI3XHUwNjMxIFx1MDYyM1x1MDY0NVx1MDY0Nlx1MDY0YSIsInJvbGUiOiJlbXBsb3llZSIsImlhdCI6MTc4NjQ2MDE4NiwiZXhwIjoxNzg2NDYzNzg2LCJ0eXBlIjoiYWNjZXNzIn0.IIS52mK116vmk2Gx6BF-HnbfDSXBUk8JEBcHc5uuvFI; HttpOnly; Max-Age=3600; Path=/; Secure; SameSite=None; Partitioned, refresh_token=eyJhbGciOiJIUzI1NiIsInR5cCI6IkpXVCJ9.eyJzdWIiOiJcdTA2NDVcdTA2MzNcdTA2MmFcdTA2MmVcdTA2MmZcdTA2NDUgXHUwNjI3XHUwNjJlXHUwNjJhXHUwNjI4XHUwNjI3XHUwNjMxIFx1MDYyM1x1MDY0NVx1MDY0Nlx1MDY0YSIsImp0aSI6InJ0XzQ4MGIyYTRjZmMxMjQyOTlhOGM2Mzc2NWZjNWU3OTBhIiwiZmFtIjoiZmFtXzFkMDQ4YzM1OTMxYTQ5ZjEiLCJkaWQiOm51bGwsImlhdCI6MTc4NjQ2MDE4NiwiZXhwIjoxNzg3MDY0OTg2LCJ0eXBlIjoicmVmcmVzaCJ9.hyuu7Kd-bNrv2CylA56Q-yq0xrxdvUDrxKaXnOWXRKg; HttpOnly; Max-Age=604800; Path=/; Secure; SameSite=None; Partitioned, __cf_bm=HLlqA.TqYVpnk7ZMqQDViSr8ivf6pbC2W5orMl86uDY-1786460185.9679968-1.0.1.1-EzdFUx3BAi8x0_2LcdZ8jSY8KTIbZvvpgkAa4dHOorcxT_A0zXPjrcJJHEQfi6qgRUsbaKfSaURQqwFax74NApm7ONJzvs4Z.KiqcoSD_DM86SrCZI4pZhWr3ii6qpv8; HttpOnly; SameSite=None; Secure; Path=/; Domain=preview.emergentagent.com; Expires=Tue, 11 Aug 2026 15:26:26 GMT', 'X-Robots-Tag': 'noindex, nofollow', 'Content-Encoding': 'gzip'}.get&#10; +      where {'Date': 'Tue, 11 Aug 2026 14:56:26 GMT', 'Content-Type': 'application/json', 'Transfer-Encoding': 'chunked', 'Connection': 'keep-alive', 'CF-Ray': 'a29816424df99123-ORD', 'CF-Cache-Status': 'DYNAMIC', 'Access-Control-Allow-Origin': '*', 'Cache-Control': 'no-store, no-cache, must-revalidate', 'Server': 'cloudflare', 'x-xss-protection': '1; mode=block', 'Via': '1.1 google', 'Access-Control-Allow-Headers': '*', 'Access-Control-Allow-Methods': 'GET, POST, PUT, DELETE, OPTIONS, HEAD, PATCH', 'Access-Control-Max-Age': '300', 'content-security-policy': &quot;frame-ancestors 'none'&quot;, 'permissions-policy': 'camera=(), microphone=(), geolocation=(), payment=(), usb=()', 'referrer-policy': 'strict-origin-when-cross-origin', 'x-content-type-options': 'nosniff', 'x-frame-options': 'DENY', 'Set-Cookie': 'access_token=eyJhbGciOiJIUzI1NiIsInR5cCI6IkpXVCJ9.eyJzdWIiOiJcdTA2NDVcdTA2MzNcdTA2MmFcdTA2MmVcdTA2MmZcdTA2NDUgXHUwNjI3XHUwNjJlXHUwNjJhXHUwNjI4XHUwNjI3XHUwNjMxIFx1MDYyM1x1MDY0NVx1MDY0Nlx1MDY0YSIsInJvbGUiOiJlbXBsb3llZSIsImlhdCI6MTc4NjQ2MDE4NiwiZXhwIjoxNzg2NDYzNzg2LCJ0eXBlIjoiYWNjZXNzIn0.IIS52mK116vmk2Gx6BF-HnbfDSXBUk8JEBcHc5uuvFI; HttpOnly; Max-Age=3600; Path=/; Secure; SameSite=None; Partitioned, refresh_token=eyJhbGciOiJIUzI1NiIsInR5cCI6IkpXVCJ9.eyJzdWIiOiJcdTA2NDVcdTA2MzNcdTA2MmFcdTA2MmVcdTA2MmZcdTA2NDUgXHUwNjI3XHUwNjJlXHUwNjJhXHUwNjI4XHUwNjI3XHUwNjMxIFx1MDYyM1x1MDY0NVx1MDY0Nlx1MDY0YSIsImp0aSI6InJ0XzQ4MGIyYTRjZmMxMjQyOTlhOGM2Mzc2NWZjNWU3OTBhIiwiZmFtIjoiZmFtXzFkMDQ4YzM1OTMxYTQ5ZjEiLCJkaWQiOm51bGwsImlhdCI6MTc4NjQ2MDE4NiwiZXhwIjoxNzg3MDY0OTg2LCJ0eXBlIjoicmVmcmVzaCJ9.hyuu7Kd-bNrv2CylA56Q-yq0xrxdvUDrxKaXnOWXRKg; HttpOnly; Max-Age=604800; Path=/; Secure; SameSite=None; Partitioned, __cf_bm=HLlqA.TqYVpnk7ZMqQDViSr8ivf6pbC2W5orMl86uDY-1786460185.9679968-1.0.1.1-EzdFUx3BAi8x0_2LcdZ8jSY8KTIbZvvpgkAa4dHOorcxT_A0zXPjrcJJHEQfi6qgRUsbaKfSaURQqwFax74NApm7ONJzvs4Z.KiqcoSD_DM86SrCZI4pZhWr3ii6qpv8; HttpOnly; SameSite=None; Secure; Path=/; Domain=preview.emergentagent.com; Expires=Tue, 11 Aug 2026 15:26:26 GMT', 'X-Robots-Tag': 'noindex, nofollow', 'Content-Encoding': 'gzip'} = &lt;Response [200]&gt;.headers">backend/tests/test_iter344_auth_playbook_regression.py:71: in test_success_login_sets_httponly_cookies_and_credentialed_cors_headers
    assert response.headers.get("access-control-allow-credentials") == "true"
E   assert None == 'true'
E    +  where None = get('access-control-allow-credentials')
E    +    where get = {'Date': 'Tue, 11 Aug 2026 14:56:26 GMT', 'Content-Type': 'application/json', 'Transfer-Encoding': 'chunked', 'Connection': 'keep-alive', 'CF-Ray': 'a29816424df99123-ORD', 'CF-Cache-Status': 'DYNAMIC', 'Access-Control-Allow-Origin': '*', 'Cache-Control': 'no-store, no-cache, must-revalidate', 'Server': 'cloudflare', 'x-xss-protection': '1; mode=block', 'Via': '1.1 google', 'Access-Control-Allow-Headers': '*', 'Access-Control-Allow-Methods': 'GET, POST, PUT, DELETE, OPTIONS, HEAD, PATCH', 'Access-Control-Max-Age': '300', 'content-security-policy': "frame-ancestors 'none'", 'permissions-policy': 'camera=(), microphone=(), geolocation=(), payment=(), usb=()', 'referrer-policy': 'strict-origin-when-cross-origin', 'x-content-type-options': 'nosniff', 'x-frame-options': 'DENY', 'Set-Cookie': 'access_token=eyJhbGciOiJIUzI1NiIsInR5cCI6IkpXVCJ9.eyJzdWIiOiJcdTA2NDVcdTA2MzNcdTA2MmFcdTA2MmVcdTA2MmZcdTA2NDUgXHUwNjI3XHUwNjJlXHUwNjJhXHUwNjI4XHUwNjI3XHUwNjMxIFx1MDYyM1x1MDY0NVx1MDY0Nlx1MDY0YSIsInJvbGUiOiJlbXBsb3llZSIsImlhdCI6MTc4NjQ2MDE4NiwiZXhwIjoxNzg2NDYzNzg2LCJ0eXBlIjoiYWNjZXNzIn0.IIS52mK116vmk2Gx6BF-HnbfDSXBUk8JEBcHc5uuvFI; HttpOnly; Max-Age=3600; Path=/; Secure; SameSite=None; Partitioned, refresh_token=eyJhbGciOiJIUzI1NiIsInR5cCI6IkpXVCJ9.eyJzdWIiOiJcdTA2NDVcdTA2MzNcdTA2MmFcdTA2MmVcdTA2MmZcdTA2NDUgXHUwNjI3XHUwNjJlXHUwNjJhXHUwNjI4XHUwNjI3XHUwNjMxIFx1MDYyM1x1MDY0NVx1MDY0Nlx1MDY0YSIsImp0aSI6InJ0XzQ4MGIyYTRjZmMxMjQyOTlhOGM2Mzc2NWZjNWU3OTBhIiwiZmFtIjoiZmFtXzFkMDQ4YzM1OTMxYTQ5ZjEiLCJkaWQiOm51bGwsImlhdCI6MTc4NjQ2MDE4NiwiZXhwIjoxNzg3MDY0OTg2LCJ0eXBlIjoicmVmcmVzaCJ9.hyuu7Kd-bNrv2CylA56Q-yq0xrxdvUDrxKaXnOWXRKg; HttpOnly; Max-Age=604800; Path=/; Secure; SameSite=None; Partitioned, __cf_bm=HLlqA.TqYVpnk7ZMqQDViSr8ivf6pbC2W5orMl86uDY-1786460185.9679968-1.0.1.1-EzdFUx3BAi8x0_2LcdZ8jSY8KTIbZvvpgkAa4dHOorcxT_A0zXPjrcJJHEQfi6qgRUsbaKfSaURQqwFax74NApm7ONJzvs4Z.KiqcoSD_DM86SrCZI4pZhWr3ii6qpv8; HttpOnly; SameSite=None; Secure; Path=/; Domain=preview.emergentagent.com; Expires=Tue, 11 Aug 2026 15:26:26 GMT', 'X-Robots-Tag': 'noindex, nofollow', 'Content-Encoding': 'gzip'}.get
E    +      where {'Date': 'Tue, 11 Aug 2026 14:56:26 GMT', 'Content-Type': 'application/json', 'Transfer-Encoding': 'chunked', 'Connection': 'keep-alive', 'CF-Ray': 'a29816424df99123-ORD', 'CF-Cache-Status': 'DYNAMIC', 'Access-Control-Allow-Origin': '*', 'Cache-Control': 'no-store, no-cache, must-revalidate', 'Server': 'cloudflare', 'x-xss-protection': '1; mode=block', 'Via': '1.1 google', 'Access-Control-Allow-Headers': '*', 'Access-Control-Allow-Methods': 'GET, POST, PUT, DELETE, OPTIONS, HEAD, PATCH', 'Access-Control-Max-Age': '300', 'content-security-policy': "frame-ancestors 'none'", 'permissions-policy': 'camera=(), microphone=(), geolocation=(), payment=(), usb=()', 'referrer-policy': 'strict-origin-when-cross-origin', 'x-content-type-options': 'nosniff', 'x-frame-options': 'DENY', 'Set-Cookie': 'access_token=eyJhbGciOiJIUzI1NiIsInR5cCI6IkpXVCJ9.eyJzdWIiOiJcdTA2NDVcdTA2MzNcdTA2MmFcdTA2MmVcdTA2MmZcdTA2NDUgXHUwNjI3XHUwNjJlXHUwNjJhXHUwNjI4XHUwNjI3XHUwNjMxIFx1MDYyM1x1MDY0NVx1MDY0Nlx1MDY0YSIsInJvbGUiOiJlbXBsb3llZSIsImlhdCI6MTc4NjQ2MDE4NiwiZXhwIjoxNzg2NDYzNzg2LCJ0eXBlIjoiYWNjZXNzIn0.IIS52mK116vmk2Gx6BF-HnbfDSXBUk8JEBcHc5uuvFI; HttpOnly; Max-Age=3600; Path=/; Secure; SameSite=None; Partitioned, refresh_token=eyJhbGciOiJIUzI1NiIsInR5cCI6IkpXVCJ9.eyJzdWIiOiJcdTA2NDVcdTA2MzNcdTA2MmFcdTA2MmVcdTA2MmZcdTA2NDUgXHUwNjI3XHUwNjJlXHUwNjJhXHUwNjI4XHUwNjI3XHUwNjMxIFx1MDYyM1x1MDY0NVx1MDY0Nlx1MDY0YSIsImp0aSI6InJ0XzQ4MGIyYTRjZmMxMjQyOTlhOGM2Mzc2NWZjNWU3OTBhIiwiZmFtIjoiZmFtXzFkMDQ4YzM1OTMxYTQ5ZjEiLCJkaWQiOm51bGwsImlhdCI6MTc4NjQ2MDE4NiwiZXhwIjoxNzg3MDY0OTg2LCJ0eXBlIjoicmVmcmVzaCJ9.hyuu7Kd-bNrv2CylA56Q-yq0xrxdvUDrxKaXnOWXRKg; HttpOnly; Max-Age=604800; Path=/; Secure; SameSite=None; Partitioned, __cf_bm=HLlqA.TqYVpnk7ZMqQDViSr8ivf6pbC2W5orMl86uDY-1786460185.9679968-1.0.1.1-EzdFUx3BAi8x0_2LcdZ8jSY8KTIbZvvpgkAa4dHOorcxT_A0zXPjrcJJHEQfi6qgRUsbaKfSaURQqwFax74NApm7ONJzvs4Z.KiqcoSD_DM86SrCZI4pZhWr3ii6qpv8; HttpOnly; SameSite=None; Secure; Path=/; Domain=preview.emergentagent.com; Expires=Tue, 11 Aug 2026 15:26:26 GMT', 'X-Robots-Tag': 'noindex, nofollow', 'Content-Encoding': 'gzip'} = &lt;Response [200]&gt;.headers</failure></testcase><testcase classname="backend.tests.test_iter344_auth_playbook_regression" name="test_missing_identifier_and_empty_fields_return_401_fail_closed" time="0.128"><failure message="AssertionError: assert 400 == 401&#10; +  where 400 = &lt;Response [400]&gt;.status_code&#10; +    where &lt;Response [400]&gt; = _login({}, ip='203.0.113.51')">backend/tests/test_iter344_auth_playbook_regression.py:78: in test_missing_identifier_and_empty_fields_return_401_fail_closed
    assert _login({}, ip=ip).status_code == 401
E   AssertionError: assert 400 == 401
E    +  where 400 = &lt;Response [400]&gt;.status_code
E    +    where &lt;Response [400]&gt; = _login({}, ip='203.0.113.51')</failure></testcase><testcase classname="backend.tests.test_iter344_auth_playbook_regression" name="test_auth_error_payloads_do_not_leak_secret_keys_or_pin_values" time="0.648" /></testsuite></testsuites>