<?xml version="1.0" encoding="utf-8"?><testsuites name="pytest tests"><testsuite name="pytest" errors="0" failures="0" skipped="0" tests="3" time="2.276" timestamp="2026-07-23T19:34:12.504564+00:00" hostname="agent-env-6b93bbe2-fbde-46d0-8626-01d7b328c720"><testcase classname="backend.tests.test_iter290_quickprint_template_contract" name="test_login_sets_cookie_security_flags" time="2.027" /><testcase classname="backend.tests.test_iter290_quickprint_template_contract" name="test_document_templates_explicit_use_returns_selected_template_content" time="0.114" /><testcase classname="backend.tests.test_iter290_quickprint_template_contract" name="test_outbound_resolve_message_success_when_phone_workshop_vehicle_present" time="0.058" /></testsuite></testsuites>