<?xml version="1.0" encoding="utf-8"?><testsuites name="pytest tests"><testsuite name="pytest" errors="0" failures="0" skipped="0" tests="17" time="69.224" timestamp="2026-08-24T22:20:17.775408+00:00" hostname="agent-env-27caad9c-dfbe-47e2-bbba-751fb3cc8808"><testcase classname="tests.test_journal_pagination_iter361" name="test_pagination_no_duplicates_no_missing[25]" time="10.483" /><testcase classname="tests.test_journal_pagination_iter361" name="test_pagination_no_duplicates_no_missing[50]" time="3.819" /><testcase classname="tests.test_journal_pagination_iter361" name="test_stable_ordering_two_walks" time="13.562" /><testcase classname="tests.test_journal_pagination_iter361" name="test_invalid_page_size_falls_back_to_25" time="1.516" /><testcase classname="tests.test_journal_pagination_iter361" name="test_kpi_constant_across_pages" time="3.122" /><testcase classname="tests.test_journal_pagination_iter361" name="test_kind_filters_partition_the_journal" time="5.319" /><testcase classname="tests.test_journal_pagination_iter361" name="test_search_server_side_full_dataset" time="2.472" /><testcase classname="tests.test_journal_pagination_iter361" name="test_search_by_entry_id_locates_entry" time="2.236" /><testcase classname="tests.test_journal_pagination_iter361" name="test_search_resets_scope_correctly_with_filter" time="0.919" /><testcase classname="tests.test_journal_pagination_iter361" name="test_date_filter_boundaries" time="5.294" /><testcase classname="tests.test_journal_pagination_iter361" name="test_pos_projection_matches_canonical" time="2.389" /><testcase classname="tests.test_journal_pagination_iter361" name="test_pos_journal_parity_same_entry" time="2.209" /><testcase classname="tests.test_journal_pagination_iter361" name="test_reversal_cross_links" time="5.303" /><testcase classname="tests.test_journal_pagination_iter361" name="test_attribution_preserved_on_paginated_items" time="0.930" /><testcase classname="tests.test_journal_pagination_iter361" name="test_account_filter_matches_entry_lines" time="6.482" /><testcase classname="tests.test_journal_pagination_iter361" name="test_search_by_reference_id_deep_link" time="2.464" /><testcase classname="tests.test_journal_pagination_iter361" name="test_legacy_mode_shape_unchanged" time="0.632" /></testsuite></testsuites>