<?xml version="1.0" encoding="utf-8"?><testsuites name="pytest tests"><testsuite name="pytest" errors="0" failures="0" skipped="0" tests="5" time="4.742" timestamp="2026-07-24T09:57:13.413482+00:00" hostname="agent-env-2c2c028c-1a6c-4158-b8d8-6c1320daa3ec"><testcase classname="tests.test_iter299_auth_refresh_regression" name="test_login_smoke" time="1.186" /><testcase classname="tests.test_iter299_auth_refresh_regression" name="test_refresh_cookie_only" time="1.013" /><testcase classname="tests.test_iter299_auth_refresh_regression" name="test_refresh_bearer_only" time="1.001" /><testcase classname="tests.test_iter299_auth_refresh_regression" name="test_refresh_stale_cookie_plus_valid_bearer" time="1.380" /><testcase classname="tests.test_iter299_auth_refresh_regression" name="test_refresh_no_creds_returns_401" time="0.094" /></testsuite></testsuites>