<?xml version="1.0" encoding="utf-8"?><testsuites name="pytest tests"><testsuite name="pytest" errors="0" failures="0" skipped="0" tests="7" time="32.160" timestamp="2026-08-02T21:46:00.011303+00:00" hostname="agent-env-1670a499-11bb-4654-8ed3-3a534866f3b0"><testcase classname="backend.tests.test_iter324_vehicle_financial_summary_display" name="test_financial_summary_contains_old_and_new_fields" time="26.582" /><testcase classname="backend.tests.test_iter324_vehicle_financial_summary_display" name="test_total_items_equals_workshop_plus_suppliers" time="1.245" /><testcase classname="backend.tests.test_iter324_vehicle_financial_summary_display" name="test_display_remaining_equals_total_items_minus_total_paid" time="1.767" /><testcase classname="backend.tests.test_iter324_vehicle_financial_summary_display" name="test_confirmed_paid_equals_paid_on_account" time="1.203" /><testcase classname="backend.tests.test_iter324_vehicle_financial_summary_display" name="test_customer_advance_liability_matches_advance_paid" time="1.226" /><testcase classname="backend.tests.test_iter324_vehicle_financial_summary_display" name="test_invalid_vehicle_id_returns_404" time="0.055" /><testcase classname="backend.tests.test_iter324_vehicle_financial_summary_display" name="test_login_sets_secure_httponly_cookie_flags" time="0.000" /></testsuite></testsuites>