<?xml version="1.0" encoding="utf-8"?><testsuites name="pytest tests"><testsuite name="pytest" errors="0" failures="0" skipped="0" tests="8" time="13.212" timestamp="2026-07-18T15:14:35.996736+00:00" hostname="agent-env-a2113c22-0dfc-4a0f-aaef-4d5b3a5676f1"><testcase classname="backend.tests.test_auth_preview_pin_iter257" name="test_manager_login_with_pin_no_device_returns_admin_tokens_and_device_with_remember" time="0.674" /><testcase classname="backend.tests.test_auth_preview_pin_iter257" name="test_wrong_pin_returns_401_and_synthetic_ip_locks_after_five_failures" time="3.348" /><testcase classname="backend.tests.test_auth_preview_pin_iter257" name="test_success_resets_failure_window_after_login_success" time="2.272" /><testcase classname="backend.tests.test_auth_preview_pin_iter257" name="test_me_and_refresh_cookie_and_bearer_reuse_detection" time="2.275" /><testcase classname="backend.tests.test_auth_preview_pin_iter257" name="test_non_manager_pin_requires_trusted_device" time="3.063" /><testcase classname="backend.tests.test_auth_preview_pin_iter257" name="test_accountant_six_digit_pin_supports_new_device_quick_login" time="0.635" /><testcase classname="backend.tests.test_auth_preview_pin_iter257" name="test_seed_manager_pin_is_bcrypt_only_and_users_json_maps_admin_role" time="0.004" /><testcase classname="backend.tests.test_auth_preview_pin_iter257" name="test_cors_allows_production_origin_with_credentials" time="0.737" /></testsuite></testsuites>