<?xml version="1.0" encoding="utf-8"?><testsuites name="pytest tests"><testsuite name="pytest" errors="0" failures="0" skipped="0" tests="9" time="28.452" timestamp="2026-06-20T08:19:10.810894+00:00" hostname="agent-env-db6f33dc-58b1-4002-aaf8-d04af1a185f7"><testcase classname="backend.tests.test_enterprise_linkage_iter239" name="test_linkage1_invoice_to_journal_balanced_and_idempotent" time="16.211" /><testcase classname="backend.tests.test_enterprise_linkage_iter239" name="test_linkage2_manual_journal_create_dedup" time="1.591" /><testcase classname="backend.tests.test_enterprise_linkage_iter239" name="test_linkage3_reports_respond[/api/finance/reports/trial-balance]" time="0.424" /><testcase classname="backend.tests.test_enterprise_linkage_iter239" name="test_linkage3_reports_respond[/api/finance/reports/income-statement]" time="2.354" /><testcase classname="backend.tests.test_enterprise_linkage_iter239" name="test_linkage3_reports_respond[/api/finance/reports/cash-flow]" time="0.105" /><testcase classname="backend.tests.test_enterprise_linkage_iter239" name="test_linkage3_reports_respond[/api/finance/reports/balance-sheet]" time="0.117" /><testcase classname="backend.tests.test_enterprise_linkage_iter239" name="test_linkage4_firewall_reconciliation" time="2.306" /><testcase classname="backend.tests.test_enterprise_linkage_iter239" name="test_bot_execute_safe_path" time="3.761" /><testcase classname="backend.tests.test_enterprise_linkage_iter239" name="test_four_eyes_self_approval_blocked_and_other_passes" time="1.483" /></testsuite></testsuites>