<?xml version="1.0" encoding="utf-8"?><testsuites name="pytest tests"><testsuite name="pytest" errors="0" failures="0" skipped="0" tests="5" time="2.731" timestamp="2026-08-01T14:52:43.176727+00:00" hostname="agent-env-1670a499-11bb-4654-8ed3-3a534866f3b0"><testcase classname="backend.tests.test_iter306_vehicle_print_supplier_filter" name="test_target_vehicle_endpoint_returns_requested_vehicle" time="1.231" /><testcase classname="backend.tests.test_iter306_vehicle_print_supplier_filter" name="test_target_visit_contains_supplier_and_workshop_items_in_archive_notes" time="1.313" /><testcase classname="backend.tests.test_iter306_vehicle_print_supplier_filter" name="test_customer_printable_projection_excludes_supplier_and_keeps_workshop_total" time="0.000" /><testcase classname="backend.tests.test_iter306_vehicle_print_supplier_filter" name="test_document_template_resolve_returns_valid_html[invoice]" time="0.053" /><testcase classname="backend.tests.test_iter306_vehicle_print_supplier_filter" name="test_document_template_resolve_returns_valid_html[diagnosis]" time="0.050" /></testsuite></testsuites>