<?xml version="1.0" encoding="utf-8"?><testsuites name="pytest tests"><testsuite name="pytest" errors="0" failures="0" skipped="0" tests="12" time="29.253" timestamp="2026-05-30T17:02:31.790820+00:00" hostname="agent-env-c96e2a2b-96df-4a82-9955-e17344a1759a"><testcase classname="backend.tests.test_perf_cache_iter231.TestSanity" name="test_health_ok" time="0.131" /><testcase classname="backend.tests.test_perf_cache_iter231.TestSanity" name="test_vehicles_ok" time="0.673" /><testcase classname="backend.tests.test_perf_cache_iter231.TestSanity" name="test_stats_ok" time="1.227" /><testcase classname="backend.tests.test_perf_cache_iter231.TestCacheSpeedup" name="test_operations_warm_faster" time="0.089" /><testcase classname="backend.tests.test_perf_cache_iter231.TestCacheSpeedup" name="test_customers_warm_faster" time="2.500" /><testcase classname="backend.tests.test_perf_cache_iter231.TestCacheSpeedup" name="test_suppliers_warm_faster" time="1.425" /><testcase classname="backend.tests.test_perf_cache_iter231.TestFinancialIntegrity" name="test_customers_balances_consistent" time="0.713" /><testcase classname="backend.tests.test_perf_cache_iter231.TestFinancialIntegrity" name="test_suppliers_balances_consistent" time="0.687" /><testcase classname="backend.tests.test_perf_cache_iter231.TestCacheInvalidation" name="test_post_invalidates_cache" time="6.408" /><testcase classname="backend.tests.test_perf_cache_iter231.TestCacheInvalidation" name="test_put_invalidates_cache" time="8.888" /><testcase classname="backend.tests.test_perf_cache_iter231.TestCacheInvalidation" name="test_delete_invalidates_cache" time="6.391" /><testcase classname="backend.tests.test_perf_cache_iter231.TestTTLExpiry" name="test_ops_cache_ttl_under_15s" time="0.048" /></testsuite></testsuites>