<?xml version="1.0" encoding="utf-8"?><testsuites name="pytest tests"><testsuite name="pytest" errors="0" failures="0" skipped="0" tests="21" time="10.413" timestamp="2026-08-11T13:56:52.425579+00:00" hostname="agent-env-1670a499-11bb-4654-8ed3-3a534866f3b0"><testcase classname="backend.tests.test_iter343_vehicle_finalization_canonical_posting" name="test_finalization_entry_uses_final_customer_total_not_supplier_or_service_sum" time="0.445" /><testcase classname="backend.tests.test_iter343_vehicle_finalization_canonical_posting" name="test_finalization_entry_carries_required_metadata_in_memo_line" time="0.000" /><testcase classname="backend.tests.test_iter343_vehicle_finalization_canonical_posting" name="test_accounting_identity_is_stable_for_retries_refresh_and_timeout" time="0.000" /><testcase classname="backend.tests.test_iter343_live_canonical_readonly" name="test_live_vehicle_has_exactly_one_canonical_finalization_entry" time="2.412" /><testcase classname="backend.tests.test_iter343_live_canonical_readonly" name="test_visit_has_no_temporary_sale_posting_after_visit_sync_change" time="1.041" /><testcase classname="backend.tests.test_iter343_live_canonical_readonly" name="test_vehicle_financial_summary_matches_expected_numbers" time="1.350" /><testcase classname="backend.tests.test_iter343_live_canonical_readonly" name="test_august_income_statement_includes_new_canonical_entry_and_zero_payment_revenue" time="1.940" /><testcase classname="backend.tests.test_iter340_p0_supplier_exclusion_finalization" name="test_supplier_items_are_archive_only_before_delivery_for_customer_ar_remaining" time="0.000" /><testcase classname="backend.tests.test_iter340_p0_supplier_exclusion_finalization" name="test_final_customer_total_is_explicit_and_drives_remaining_1500_and_1400" time="0.000" /><testcase classname="backend.tests.test_iter340_p0_supplier_exclusion_finalization" name="test_final_customer_total_controls_remaining_not_supplier_totals" time="0.000" /><testcase classname="backend.tests.test_iter340_p0_supplier_exclusion_finalization" name="test_operation_journal_adapter_does_not_map_supplier_lines_to_revenue" time="0.000" /><testcase classname="backend.tests.test_iter341_income_statement_filtering" name="test_income_statement_excludes_legacy_alignment_and_repairs" time="0.000" /><testcase classname="backend.tests.test_iter341_income_statement_filtering" name="test_income_statement_excludes_temporary_operation_postings" time="0.000" /><testcase classname="backend.tests.test_iter341_income_statement_filtering" name="test_income_statement_accepts_only_clear_canonical_business_and_expense_entries" time="0.000" /><testcase classname="backend.tests.test_iter341_income_statement_filtering" name="test_income_statement_classifies_payment_closing_migration_and_unknown" time="0.000" /><testcase classname="backend.tests.test_iter341_income_statement_filtering" name="test_income_statement_endpoint_does_not_use_live_vehicle_filter" time="0.001" /><testcase classname="backend.tests.test_iter342_income_statement_scope_model" name="test_income_statement_august_2026_totals" time="2.346" /><testcase classname="backend.tests.test_iter342_income_statement_scope_model" name="test_income_statement_revenue_source_audit_values" time="0.000" /><testcase classname="backend.tests.test_iter342_income_statement_scope_model" name="test_income_statement_statement_safety_scope_model" time="0.000" /><testcase classname="backend.tests.test_iter342_income_statement_scope_model" name="test_income_statement_classification_counts" time="0.000" /><testcase classname="backend.tests.test_iter342_income_statement_scope_model" name="test_income_statement_endpoint_no_live_filter_reference" time="0.001" /></testsuite></testsuites>