<?xml version="1.0" encoding="utf-8"?><testsuites name="pytest tests"><testsuite name="pytest" errors="0" failures="0" skipped="0" tests="7" time="10.419" timestamp="2026-05-29T18:25:12.948450+00:00" hostname="agent-env-c96e2a2b-96df-4a82-9955-e17344a1759a"><testcase classname="backend.tests.test_integration_iter227.TestDebtFollowUpDeps" name="test_customers_endpoint" time="3.563" /><testcase classname="backend.tests.test_integration_iter227.TestDebtFollowUpDeps" name="test_suppliers_endpoint" time="2.247" /><testcase classname="backend.tests.test_integration_iter227.TestDebtFollowUpDeps" name="test_chart_of_accounts" time="0.661" /><testcase classname="backend.tests.test_integration_iter227.TestLiveSyncSources" name="test_operations_listing" time="1.600" /><testcase classname="backend.tests.test_integration_iter227.TestLiveSyncSources" name="test_journal_entries" time="0.354" /><testcase classname="backend.tests.test_integration_iter227.TestLiveSyncSources" name="test_smart_pos_journal_source" time="0.343" /><testcase classname="backend.tests.test_integration_iter227.TestNoRawLeaks" name="test_operation_shape" time="1.579" /></testsuite></testsuites>