<?xml version="1.0" encoding="utf-8"?><testsuites name="pytest tests"><testsuite name="pytest" errors="0" failures="0" skipped="0" tests="8" time="0.036" timestamp="2026-07-15T22:02:30.143285+00:00" hostname="agent-env-a2113c22-0dfc-4a0f-aaef-4d5b3a5676f1"><testcase classname="backend.tests.test_d5_fabrication_guard" name="test_fake_tool_block_is_blocked" time="0.000" /><testcase classname="backend.tests.test_d5_fabrication_guard" name="test_executed_tool_block_passes" time="0.000" /><testcase classname="backend.tests.test_d5_fabrication_guard" name="test_op_2025_0187_is_blocked_without_evidence" time="0.000" /><testcase classname="backend.tests.test_d5_fabrication_guard" name="test_entity_present_in_evidence_passes" time="0.000" /><testcase classname="backend.tests.test_d5_fabrication_guard" name="test_fabricated_short_id_blocked_real_one_passes" time="0.000" /><testcase classname="backend.tests.test_d5_fabrication_guard" name="test_amounts_dates_phones_never_blocked" time="0.000" /><testcase classname="backend.tests.test_d5_fabrication_guard" name="test_fabricated_trace_and_uuid_blocked" time="0.000" /><testcase classname="backend.tests.test_d5_fabrication_guard" name="test_empty_response_safe" time="0.000" /></testsuite></testsuites>