<?xml version="1.0" encoding="utf-8"?><testsuites name="pytest tests"><testsuite name="pytest" errors="0" failures="0" skipped="0" tests="4" time="0.932" timestamp="2026-08-10T14:06:24.312046+00:00" hostname="agent-env-1670a499-11bb-4654-8ed3-3a534866f3b0"><testcase classname="backend.tests.test_iter340_p0_supplier_exclusion_finalization" name="test_supplier_items_are_archive_only_before_delivery_for_customer_ar_remaining" time="0.000" /><testcase classname="backend.tests.test_iter340_p0_supplier_exclusion_finalization" name="test_final_customer_total_is_explicit_and_drives_remaining_1500_and_1400" time="0.000" /><testcase classname="backend.tests.test_iter340_p0_supplier_exclusion_finalization" name="test_final_customer_total_controls_remaining_not_supplier_totals" time="0.000" /><testcase classname="backend.tests.test_iter340_p0_supplier_exclusion_finalization" name="test_operation_journal_adapter_does_not_map_supplier_lines_to_revenue" time="0.886" /></testsuite></testsuites>