<?xml version="1.0" encoding="utf-8"?><testsuites name="pytest tests"><testsuite name="pytest" errors="0" failures="0" skipped="0" tests="4" time="35.531" timestamp="2026-08-07T21:35:53.432752+00:00" hostname="agent-env-1670a499-11bb-4654-8ed3-3a534866f3b0"><testcase classname="backend.tests.test_iter327_financial_reset_engine_p0" name="test_dry_run_admin_returns_expected_summary" time="7.160" /><testcase classname="backend.tests.test_iter327_financial_reset_engine_p0" name="test_execute_rejects_wrong_confirmation_and_counts_unchanged" time="9.931" /><testcase classname="backend.tests.test_iter327_financial_reset_engine_p0" name="test_legacy_keep_debts_only_routes_return_410" time="0.839" /><testcase classname="backend.tests.test_iter327_financial_reset_engine_p0" name="test_proof_script_after_dry_run_reports_overall_pass_and_unchanged_counts" time="17.507" /></testsuite></testsuites>