<?xml version="1.0" encoding="utf-8"?><testsuites name="pytest tests"><testsuite name="pytest" errors="0" failures="0" skipped="0" tests="8" time="16.626" timestamp="2026-08-01T22:56:49.405518+00:00" hostname="agent-env-1670a499-11bb-4654-8ed3-3a534866f3b0"><testcase classname="backend.tests.test_iter311_visit_source_ar_contracts" name="test_ar_customers_snapshot_totals_and_vehicle_count" time="2.594" /><testcase classname="backend.tests.test_iter311_visit_source_ar_contracts" name="test_ar_customers_vehicle_61fe0b56_supplier_excluded" time="0.934" /><testcase classname="backend.tests.test_iter311_visit_source_ar_contracts" name="test_ar_customers_specific_vehicle_examples_match_policy" time="0.933" /><testcase classname="backend.tests.test_iter311_visit_source_ar_contracts" name="test_ar_customers_excludes_archived_from_current_totals" time="0.941" /><testcase classname="backend.tests.test_iter311_visit_source_ar_contracts" name="test_customers_endpoint_aligns_with_ar_totals" time="2.992" /><testcase classname="backend.tests.test_iter311_visit_source_ar_contracts" name="test_ar_ledger_matches_expected_ending_and_rows" time="0.950" /><testcase classname="backend.tests.test_iter311_visit_source_ar_contracts" name="test_income_statement_sales_summary_matches_unconfirmed_notes_policy" time="3.528" /><testcase classname="backend.tests.test_iter311_visit_source_ar_contracts" name="test_reconciliation_audit_read_only_and_zero_journal_entries" time="3.682" /></testsuite></testsuites>