<?xml version="1.0" encoding="utf-8"?><testsuites name="pytest tests"><testsuite name="pytest" errors="0" failures="1" skipped="0" tests="27" time="17.355" timestamp="2026-08-11T18:13:04.876314+00:00" hostname="agent-env-e378c46e-e173-4986-8001-e8ce49b99740"><testcase classname="backend.tests.test_iter349_p0b_live_readonly_verify" name="test_p0b_report_shape_and_targeted_scope" time="0.000" /><testcase classname="backend.tests.test_iter349_p0b_live_readonly_verify" name="test_p0b_originals_exist_and_have_single_targeted_reversal_each" time="2.613" /><testcase classname="backend.tests.test_iter349_p0b_live_readonly_verify" name="test_p0b_case_a_canonical_and_net_impact_are_exact" time="2.232" /><testcase classname="backend.tests.test_iter349_p0b_live_readonly_verify" name="test_p0b_case_b_supplier_effect_zero_and_no_customer_canonical_sale" time="4.199" /><testcase classname="backend.tests.test_iter349_p0b_live_readonly_verify" name="test_p0b_income_statement_and_ar_core_targets" time="2.679"><failure message="AssertionError: assert 6116.16 == 9794.0&#10; +  where 6116.16 = _round2(6116.16)&#10; +    where 6116.16 = &lt;built-in method get of dict object at 0xfb4b88f69c00&gt;('revenue')&#10; +      where &lt;built-in method get of dict object at 0xfb4b88f69c00&gt; = {'expenses': 2274.0, 'net_income': 3842.16, 'revenue': 6116.16}.get">backend/tests/test_iter349_p0b_live_readonly_verify.py:221: in test_p0b_income_statement_and_ar_core_targets
    assert _round2(totals.get("revenue")) == 9794.00
E   AssertionError: assert 6116.16 == 9794.0
E    +  where 6116.16 = _round2(6116.16)
E    +    where 6116.16 = &lt;built-in method get of dict object at 0xfb4b88f69c00&gt;('revenue')
E    +      where &lt;built-in method get of dict object at 0xfb4b88f69c00&gt; = {'expenses': 2274.0, 'net_income': 3842.16, 'revenue': 6116.16}.get</failure></testcase><testcase classname="backend.tests.test_iter349_visit_finalization_unit" name="test_two_visits_have_independent_canonical_totals_payments_and_supplier_exclusion" time="0.330" /><testcase classname="backend.tests.test_iter347_p0a_single_writer_hardening" name="test_no_direct_journal_mutations_outside_accounting_engine" time="0.854" /><testcase classname="backend.tests.test_iter347_p0a_single_writer_hardening" name="test_all_post_entry_callers_disable_engine_fallback" time="0.849" /><testcase classname="backend.tests.test_iter347_p0a_single_writer_hardening" name="test_legacy_mutation_endpoints_are_blocked_before_data_access[&lt;lambda&gt;-reclassify_payment_accounts]" time="0.001" /><testcase classname="backend.tests.test_iter347_p0a_single_writer_hardening" name="test_legacy_mutation_endpoints_are_blocked_before_data_access[&lt;lambda&gt;-apply_bank_revenue_policy]" time="0.001" /><testcase classname="backend.tests.test_iter347_p0a_single_writer_hardening" name="test_legacy_mutation_endpoints_are_blocked_before_data_access[&lt;lambda&gt;-repost_bank_and_fix_imbalance_balancing_plug]" time="0.001" /><testcase classname="backend.tests.test_iter347_p0a_single_writer_hardening" name="test_legacy_mutation_endpoints_are_blocked_before_data_access[&lt;lambda&gt;-reclassify_vehicle_workshop_dues]" time="0.001" /><testcase classname="backend.tests.test_iter347_p0a_single_writer_hardening" name="test_legacy_mutation_endpoints_are_blocked_before_data_access[&lt;lambda&gt;-migrate_legacy_account_codes]" time="0.001" /><testcase classname="backend.tests.test_iter347_p0a_single_writer_hardening" name="test_legacy_mutation_endpoints_are_blocked_before_data_access[&lt;lambda&gt;-reclassify_revenue_sub_accounts]" time="0.001" /><testcase classname="backend.tests.test_iter347_p0a_single_writer_hardening" name="test_legacy_mutation_endpoints_are_blocked_before_data_access[&lt;lambda&gt;-reconciliation_backfill_43_operations]" time="0.001" /><testcase classname="backend.tests.test_iter347_p0a_single_writer_hardening" name="test_operations_integrity_bulk_backfill_is_blocked" time="0.000" /><testcase classname="backend.tests.test_iter347_p0a_single_writer_hardening" name="test_financial_reset_execute_is_unconditionally_blocked" time="0.002" /><testcase classname="backend.tests.test_iter347_p0a_single_writer_hardening" name="test_repost_balancing_plug_is_unconditionally_blocked" time="0.074" /><testcase classname="backend.tests.test_iter347_p0a_single_writer_hardening" name="test_temp_deferred_status_does_not_mutate_journal" time="0.001" /><testcase classname="backend.tests.test_iter347_p0a_single_writer_hardening" name="test_manual_journal_empty_engine_result_fails_closed" time="0.001" /><testcase classname="backend.tests.test_iter347_p0a_single_writer_hardening" name="test_manual_journal_update_is_blocked" time="0.000" /><testcase classname="backend.tests.test_iter347_p0a_single_writer_hardening" name="test_supplier_import_validates_all_rows_before_posting" time="0.001" /><testcase classname="backend.tests.test_iter347_p0a_single_writer_hardening" name="test_supplier_import_empty_engine_result_is_not_success" time="0.001" /><testcase classname="backend.tests.test_iter347_p0a_single_writer_hardening" name="test_payment_post_helper_rejects_empty_engine_result" time="0.000" /><testcase classname="backend.tests.test_iter347_p0a_single_writer_hardening" name="test_payment_and_operation_paths_have_no_silent_financial_fallbacks" time="0.011" /><testcase classname="backend.tests.test_iter347_p0a_single_writer_hardening" name="test_close_period_and_manual_journal_require_persisted_engine_ids" time="0.004" /><testcase classname="backend.tests.test_iter347_p0a_single_writer_hardening" name="test_legacy_vehicle_parts_auto_posting_is_blocked" time="2.498" /></testsuite></testsuites>