<?xml version="1.0" encoding="utf-8"?><testsuites name="pytest tests"><testsuite name="pytest" errors="0" failures="0" skipped="0" tests="9" time="9.762" timestamp="2026-07-24T13:47:15.577250+00:00" hostname="agent-env-2c2c028c-1a6c-4158-b8d8-6c1320daa3ec"><testcase classname="backend.tests.test_iter300_deploy_regression" name="test_admin_login_returns_tokens" time="1.707" /><testcase classname="backend.tests.test_iter300_deploy_regression" name="test_google_session_endpoint_reachable_and_not_500" time="0.236" /><testcase classname="backend.tests.test_iter300_deploy_regression" name="test_vehicles_reachable_with_admin" time="1.852" /><testcase classname="backend.tests.test_iter300_deploy_regression" name="test_invoice_template_resolves_to_unified_default" time="0.958" /><testcase classname="backend.tests.test_iter299_auth_refresh_regression" name="test_login_smoke" time="0.623" /><testcase classname="backend.tests.test_iter299_auth_refresh_regression" name="test_refresh_cookie_only" time="1.186" /><testcase classname="backend.tests.test_iter299_auth_refresh_regression" name="test_refresh_bearer_only" time="1.594" /><testcase classname="backend.tests.test_iter299_auth_refresh_regression" name="test_refresh_stale_cookie_plus_valid_bearer" time="1.411" /><testcase classname="backend.tests.test_iter299_auth_refresh_regression" name="test_refresh_no_creds_returns_401" time="0.102" /></testsuite></testsuites>