<?xml version="1.0" encoding="utf-8"?><testsuites name="pytest tests"><testsuite name="pytest" errors="0" failures="0" skipped="0" tests="10" time="0.574" timestamp="2026-08-25T20:19:31.354506+00:00" hostname="agent-env-d801c463-f283-4b7d-942e-5f2e63c25c3e"><testcase classname="backend.tests.test_authorization_phase1b" name="test_authz_internal_exception_denies" time="0.001" /><testcase classname="backend.tests.test_authorization_phase1b" name="test_missing_sensitive_policy_denies" time="0.000" /><testcase classname="backend.tests.test_authorization_phase1b" name="test_payroll_normal_user_denied" time="0.000" /><testcase classname="backend.tests.test_authorization_phase1b" name="test_runtime_cannot_bypass_target_permission" time="0.000" /><testcase classname="backend.tests.test_authorization_phase1b" name="test_finance_bot_prompt_cannot_grant_rights" time="0.000" /><testcase classname="backend.tests.test_authorization_phase1b" name="test_profile_self_edit_allowed_and_privilege_injection_rejected" time="0.000" /><testcase classname="backend.tests.test_authorization_phase1b" name="test_user_layout_cross_user_edit_denied" time="0.000" /><testcase classname="backend.tests.test_authorization_phase1b" name="test_sensitive_get_denied_to_insufficient_role" time="0.000" /><testcase classname="backend.tests.test_authorization_phase1b" name="test_public_endpoints_remain_public_intentional" time="0.000" /><testcase classname="backend.tests.test_authorization_phase1b" name="test_admin_legitimate_flows_remain_functional" time="0.000" /></testsuite></testsuites>