<?xml version="1.0" encoding="utf-8"?><testsuites name="pytest tests"><testsuite name="pytest" errors="0" failures="0" skipped="0" tests="5" time="4.256" timestamp="2026-07-18T14:34:01.592001+00:00" hostname="agent-env-a2113c22-0dfc-4a0f-aaef-4d5b3a5676f1"><testcase classname="backend.tests.test_auth_refresh_iter255" name="test_login_returns_tokens_and_secure_cookies" time="1.341" /><testcase classname="backend.tests.test_auth_refresh_iter255" name="test_refresh_via_cookie_jar" time="0.980" /><testcase classname="backend.tests.test_auth_refresh_iter255" name="test_refresh_via_bearer_only_and_rotates" time="1.064" /><testcase classname="backend.tests.test_auth_refresh_iter255" name="test_refresh_no_token_401" time="0.097" /><testcase classname="backend.tests.test_auth_refresh_iter255" name="test_refresh_rejects_access_token_as_refresh" time="0.700" /></testsuite></testsuites>