<?xml version="1.0" encoding="utf-8"?><testsuites name="pytest tests"><testsuite name="pytest" errors="0" failures="1" skipped="0" tests="13" time="9.676" timestamp="2026-08-20T21:50:47.253643+00:00" hostname="agent-env-27caad9c-dfbe-47e2-bbba-751fb3cc8808"><testcase classname="tests.test_origin_e2e_iter360" name="test_channel_label_mapping[unified_visit_payment-\u0645\u0644\u0641 \u0645\u0631\u0643\u0628\u0629]" time="0.001" /><testcase classname="tests.test_origin_e2e_iter360" name="test_channel_label_mapping[vehicle_visit-\u0645\u0644\u0641 \u0645\u0631\u0643\u0628\u0629]" time="0.000" /><testcase classname="tests.test_origin_e2e_iter360" name="test_channel_label_mapping[operation-\u0639\u0645\u0644\u064a\u0629]" time="0.000" /><testcase classname="tests.test_origin_e2e_iter360" name="test_channel_label_mapping[reversal-\u0642\u064a\u062f \u0639\u0643\u0633\u064a]" time="0.000" /><testcase classname="tests.test_origin_e2e_iter360" name="test_channel_label_mapping[manual-\u0625\u062f\u062e\u0627\u0644 \u064a\u062f\u0648\u064a]" time="0.000" /><testcase classname="tests.test_origin_e2e_iter360" name="test_channel_label_mapping[smart_pos-\u0646\u0642\u0627\u0637 \u0627\u0644\u0628\u064a\u0639]" time="0.000" /><testcase classname="tests.test_origin_e2e_iter360" name="test_channel_label_mapping[pos_template-\u0646\u0642\u0627\u0637 \u0627\u0644\u0628\u064a\u0639]" time="0.000" /><testcase classname="tests.test_origin_e2e_iter360" name="test_channel_label_mapping[pos_instant_sale-\u0646\u0642\u0627\u0637 \u0627\u0644\u0628\u064a\u0639]" time="0.000" /><testcase classname="tests.test_origin_e2e_iter360" name="test_list_all_rows_carry_origin_no_uuid_leak" time="3.002" /><testcase classname="tests.test_origin_e2e_iter360" name="test_single_entry_endpoint_returns_origin" time="0.653" /><testcase classname="tests.test_origin_e2e_iter360" name="test_e2e_manual_entry_attributes_admin_and_reverses" time="1.273"><failure message="AssertionError: assert False is True&#10; +  where False = &lt;built-in method get of dict object at 0xf867bbeded80&gt;('reversed')&#10; +    where &lt;built-in method get of dict object at 0xf867bbeded80&gt; = {'entries': [{'idempotent': True, 'message': 'القيد مَعكوس مسبقًا', 'original_id': '0b405419-ef25-4c73-9cdc-7daf14c7b4b8', 'reversed': False}], 'reversed': False}.get">tests/test_origin_e2e_iter360.py:178: in test_e2e_manual_entry_attributes_admin_and_reverses
    assert rev.get("reversed") is True
E   AssertionError: assert False is True
E    +  where False = &lt;built-in method get of dict object at 0xf867bbeded80&gt;('reversed')
E    +    where &lt;built-in method get of dict object at 0xf867bbeded80&gt; = {'entries': [{'idempotent': True, 'message': 'القيد مَعكوس مسبقًا', 'original_id': '0b405419-ef25-4c73-9cdc-7daf14c7b4b8', 'reversed': False}], 'reversed': False}.get</failure></testcase><testcase classname="tests.test_origin_e2e_iter360" name="test_balance_sheet_still_balanced" time="2.786" /><testcase classname="tests.test_origin_e2e_iter360" name="test_trial_balance_still_balanced" time="1.835" /></testsuite></testsuites>