<?xml version="1.0" encoding="utf-8"?><testsuites name="pytest tests"><testsuite name="pytest" errors="0" failures="0" skipped="0" tests="7" time="7.020" timestamp="2026-08-02T15:30:57.633884+00:00" hostname="agent-env-1670a499-11bb-4654-8ed3-3a534866f3b0"><testcase classname="backend.tests.test_iter323_reference_template_and_visit_contract" name="test_resolve_invoice_returns_raw_reference_contract" time="2.566" /><testcase classname="backend.tests.test_iter323_reference_template_and_visit_contract" name="test_resolve_diagnosis_uses_same_reference_template_shape" time="1.002" /><testcase classname="backend.tests.test_iter323_reference_template_and_visit_contract" name="test_vehicle_contains_required_visits" time="0.706" /><testcase classname="backend.tests.test_iter323_reference_template_and_visit_contract" name="test_second_visit_matches_requested_date_items_and_amount" time="0.636" /><testcase classname="backend.tests.test_iter323_reference_template_and_visit_contract" name="test_first_visit_print_scope_has_its_own_date_and_zero_total" time="0.674" /><testcase classname="backend.tests.test_iter323_reference_template_and_visit_contract" name="test_doc_number_and_job_order_do_not_store_uuid_values[5f3b0fd2-b225-407c-8c8d-d3e82c9a129a]" time="0.665" /><testcase classname="backend.tests.test_iter323_reference_template_and_visit_contract" name="test_doc_number_and_job_order_do_not_store_uuid_values[77a3d80a-70be-4274-b646-b9aff8b80e55]" time="0.677" /></testsuite></testsuites>