<?xml version="1.0" encoding="utf-8"?><testsuites name="pytest tests"><testsuite name="pytest" errors="0" failures="0" skipped="0" tests="2" time="13.762" timestamp="2026-07-23T19:19:27.737223+00:00" hostname="agent-env-6b93bbe2-fbde-46d0-8626-01d7b328c720"><testcase classname="backend.tests.test_iter289_quickprint_whatsapp_payload" name="test_outbound_resolve_happy_path_no_missing_variables" time="13.631" /><testcase classname="backend.tests.test_iter289_quickprint_whatsapp_payload" name="test_outbound_resolve_missing_phone_marks_phone_invalid" time="0.056" /></testsuite></testsuites>