<?xml version="1.0" encoding="utf-8"?><testsuites name="pytest tests"><testsuite name="pytest" errors="0" failures="0" skipped="0" tests="10" time="7.633" timestamp="2026-09-04T16:29:00.005447+00:00" hostname="agent-env-d801c463-f283-4b7d-942e-5f2e63c25c3e"><testcase classname="backend.tests.test_iter378_supabase_runtime_config_diagnostic" name="test_server_loads_backend_env_with_override_false" time="0.001" /><testcase classname="backend.tests.test_iter378_supabase_runtime_config_diagnostic" name="test_shell_process_env_absent_for_supabase_keys_before_explicit_load" time="0.000" /><testcase classname="backend.tests.test_iter378_supabase_runtime_config_diagnostic" name="test_app_equivalent_dotenv_sets_primary_keys_and_not_secondary" time="0.002" /><testcase classname="backend.tests.test_iter378_supabase_runtime_config_diagnostic" name="test_backend_env_project_ref_mismatch_expected_beeeta8" time="0.000" /><testcase classname="backend.tests.test_iter378_supabase_runtime_config_diagnostic" name="test_effective_key_type_classification_after_app_equivalent_load" time="0.002" /><testcase classname="backend.tests.test_iter378_supabase_runtime_config_diagnostic" name="test_legacy_jwt_ref_matches_backend_supabase_url_project_ref" time="0.000" /><testcase classname="backend.tests.test_iter378_supabase_runtime_config_diagnostic" name="test_login_path_does_not_decode_supabase_service_role_key" time="0.000" /><testcase classname="backend.tests.test_iter378_supabase_runtime_config_diagnostic" name="test_secondary_supabase_vars_only_optional_and_not_used_in_login" time="0.001" /><testcase classname="backend.tests.test_iter378_supabase_runtime_config_diagnostic" name="test_supabase_service_initializes_client_from_primary_env_vars_only" time="0.000" /><testcase classname="backend.tests.test_iter378_supabase_runtime_config_diagnostic" name="test_live_login_and_read_pass" time="7.524" /></testsuite></testsuites>