<?xml version="1.0" encoding="utf-8"?><testsuites name="pytest tests"><testsuite name="pytest" errors="0" failures="1" skipped="0" tests="8" time="4.926" timestamp="2026-07-23T20:03:07.280630+00:00" hostname="agent-env-6b93bbe2-fbde-46d0-8626-01d7b328c720"><testcase classname="backend.tests.test_iter291_quickprint_mobile_final" name="test_login_returns_tokens_and_cookie_security_flags" time="1.407" /><testcase classname="backend.tests.test_iter291_quickprint_mobile_final" name="test_auth_me_works_with_bearer" time="0.050" /><testcase classname="backend.tests.test_iter291_quickprint_mobile_final" name="test_document_templates_list_available_after_login" time="0.054" /><testcase classname="backend.tests.test_iter291_quickprint_mobile_final" name="test_document_templates_use_honors_explicit_selected_template_id" time="0.109" /><testcase classname="backend.tests.test_iter291_quickprint_mobile_final" name="test_cors_allows_credentials_with_explicit_origin" time="0.080"><failure message="AssertionError: assert '*' == 'https://work...gentagent.com'&#10;  &#10;  - https://ar-ledger-ssot.preview.emergentagent.com&#10;  + *">manager_login = (&lt;Response [200]&gt;, {'access_token': 'eyJhbGciOiJIUzI1NiIsInR5cCI6IkpXVCJ9.eyJzdWIiOiJcdTA2NDVcdTA2MmZcdTA2NGFcdTA2MzEi...pYXQiOjE3ODQ4MzY5ODgsImV4cCI6MTc4NTQ0MTc4OCwidHlwZSI6InJlZnJlc2gifQ.cl0-EzTMvCYqQAqltMmItjk_XrfwIR__IAciGfwgjCc', ...})

    def test_cors_allows_credentials_with_explicit_origin(manager_login):
        """Playbook check: credentialed CORS headers should echo explicit allowed origin."""
        origin = _origin_from_base_url(BASE_URL)
        response = requests.options(
            f"{API}/document-templates",
            headers={
                "Origin": origin,
                "Access-Control-Request-Method": "GET",
                "Access-Control-Request-Headers": "authorization,content-type",
            },
            timeout=30,
        )
        assert response.status_code in {200, 204}
&gt;       assert response.headers.get("access-control-allow-origin") == origin
E       AssertionError: assert '*' == 'https://work...gentagent.com'
E         
E         - https://ar-ledger-ssot.preview.emergentagent.com
E         + *

backend/tests/test_iter291_quickprint_mobile_final.py:144: AssertionError</failure></testcase><testcase classname="backend.tests.test_iter291_quickprint_mobile_final" name="test_bruteforce_lockout_after_five_failed_attempts" time="3.003" /><testcase classname="backend.tests.test_iter291_quickprint_mobile_final" name="test_manager_pin_hash_is_bcrypt_2b_prefix" time="0.135" /><testcase classname="backend.tests.test_iter291_quickprint_mobile_final" name="test_startup_wires_manager_seed_update_path_in_server_code" time="0.002" /></testsuite></testsuites>