<?xml version="1.0" encoding="utf-8"?><testsuites name="pytest tests"><testsuite name="pytest" errors="0" failures="0" skipped="0" tests="10" time="5.345" timestamp="2026-08-11T12:25:51.766026+00:00" hostname="agent-env-1670a499-11bb-4654-8ed3-3a534866f3b0"><testcase classname="backend.tests.test_iter341_income_statement_filtering" name="test_income_statement_excludes_legacy_alignment_and_repairs" time="0.000" /><testcase classname="backend.tests.test_iter341_income_statement_filtering" name="test_income_statement_excludes_temporary_operation_postings" time="0.000" /><testcase classname="backend.tests.test_iter341_income_statement_filtering" name="test_income_statement_accepts_only_clear_canonical_business_and_expense_entries" time="0.000" /><testcase classname="backend.tests.test_iter341_income_statement_filtering" name="test_income_statement_classifies_payment_closing_migration_and_unknown" time="0.000" /><testcase classname="backend.tests.test_iter341_income_statement_filtering" name="test_income_statement_endpoint_does_not_use_live_vehicle_filter" time="0.001" /><testcase classname="backend.tests.test_iter342_income_statement_scope_model" name="test_income_statement_august_2026_totals" time="4.434" /><testcase classname="backend.tests.test_iter342_income_statement_scope_model" name="test_income_statement_revenue_source_audit_values" time="0.000" /><testcase classname="backend.tests.test_iter342_income_statement_scope_model" name="test_income_statement_statement_safety_scope_model" time="0.000" /><testcase classname="backend.tests.test_iter342_income_statement_scope_model" name="test_income_statement_classification_counts" time="0.000" /><testcase classname="backend.tests.test_iter342_income_statement_scope_model" name="test_income_statement_endpoint_no_live_filter_reference" time="0.001" /></testsuite></testsuites>