<?xml version="1.0" encoding="utf-8"?><testsuites name="pytest tests"><testsuite name="pytest" errors="0" failures="1" skipped="0" tests="3" time="2.073" timestamp="2026-07-23T22:11:17.057302+00:00" hostname="agent-env-6b93bbe2-fbde-46d0-8626-01d7b328c720"><testcase classname="backend.tests.test_iter293_primary_invoice_template_contract" name="test_templates_registry_has_single_active_default_primary_template" time="1.866" /><testcase classname="backend.tests.test_iter293_primary_invoice_template_contract" name="test_use_primary_template_returns_invoice_html_contract" time="0.053"><failure message="assert ('ITEMS_ROWS' in '&lt;meta charset=&quot;utf-8&quot;&gt;&lt;style&gt;\n@page{size:A4;margin:12mm}*{box-sizing:border-box}body{font-family:Tahoma,Arial,sans-serif;color:#172033;background:#fff;margin:0}.invoice{max-width:794px;margin:auto}.head{display:flex;justify-content:space-between;gap:18px;border-bottom:3px solid #175a9e;padding-bottom:16px}.brand h1{margin:0;color:#175a9e;font-size:25px}.muted{color:#64748b;font-size:12px}.doc{text-align:left}.doc b{display:block;font-size:18px}.grid{display:grid;grid-template-columns:1fr 1fr 1fr;gap:10px;margin:16px 0}.box{border:1px solid #d8e2ee;border-radius:8px;padding:12px}.box h3{margin:0 0 8px;color:#175a9e;font-size:14px}.box p{margin:4px 0;font-size:12px}table{width:100%;border-collapse:collapse;margin-top:12px}th{background:#175a9e;color:white;padding:9px;font-size:12px}td{border:1px solid #d8e2ee;padding:8px;font-size:12px}.total{display:flex;justify-content:flex-start;margin-top:14px}.total .box{min-width:250px}.grand{font-size:18px;font-weight:bold;color:#175a9e}.approvals{display:grid;grid-template-columns:1fr 1fr;gap:12px;margin-top:22px}.seal{border:2px solid #b91c1c;color:#b91c1c;border-radius:50%;width:90px;height:90px;display:grid;place-items:center;text-alig...&quot;invoice&quot;&gt;&lt;header class=&quot;head&quot;&gt;&lt;div class=&quot;brand&quot;&gt;&lt;h1&gt;{{WORKSHOP_NAME}}&lt;/h1&gt;&lt;div class=&quot;muted&quot;&gt;{{WORKSHOP_ADDRESS}} · {{WORKSHOP_PHONE}}&lt;/div&gt;&lt;div class=&quot;muted&quot;&gt;الرقم الضريبي: {{COMPANY_TAX}}&lt;/div&gt;&lt;/div&gt;&lt;div class=&quot;doc&quot;&gt;&lt;b&gt;فاتورة ضريبية&lt;/b&gt;&lt;div&gt;رقم: {{INVOICE_NO}}&lt;/div&gt;&lt;div&gt;{{DATE}}&lt;/div&gt;&lt;/div&gt;&lt;/header&gt;&lt;section class=&quot;grid&quot;&gt;&lt;div class=&quot;box&quot;&gt;&lt;h3&gt;بيانات العميل&lt;/h3&gt;&lt;p&gt;{{CUSTOMER_NAME}}&lt;/p&gt;&lt;p&gt;{{CUSTOMER_PHONE}}&lt;/p&gt;&lt;/div&gt;&lt;div class=&quot;box&quot;&gt;&lt;h3&gt;بيانات المركبة&lt;/h3&gt;&lt;p&gt;{{VEHICLE_INFO}}&lt;/p&gt;&lt;p&gt;اللوحة: {{PLATE_NO}}&lt;/p&gt;&lt;/div&gt;&lt;div class=&quot;box&quot;&gt;&lt;h3&gt;ملخص الفاتورة&lt;/h3&gt;&lt;p&gt;الإجمالي قبل الضريبة: {{SUBTOTAL}}&lt;/p&gt;&lt;p&gt;الضريبة: {{TAX}}&lt;/p&gt;&lt;p class=&quot;grand&quot;&gt;الإجمالي: {{TOTAL}}&lt;/p&gt;&lt;/div&gt;&lt;/section&gt;&lt;table&gt;&lt;thead&gt;&lt;tr&gt;&lt;th&gt;#&lt;/th&gt;&lt;th&gt;البيان&lt;/th&gt;&lt;th&gt;الكمية&lt;/th&gt;&lt;th&gt;سعر الوحدة&lt;/th&gt;&lt;th&gt;الإجمالي&lt;/th&gt;&lt;/tr&gt;&lt;/thead&gt;&lt;tbody&gt;&lt;/tbody&gt;&lt;/table&gt;&lt;section class=&quot;approvals&quot;&gt;&lt;div class=&quot;box&quot;&gt;&lt;h3&gt;اعتماد العميل&lt;/h3&gt;&lt;p&gt;توقيع إلكتروني&lt;/p&gt;&lt;div class=&quot;seal&quot;&gt;اعتماد العميل&lt;br&gt;{{SEAL_CODE}}&lt;/div&gt;&lt;/div&gt;&lt;div class=&quot;box&quot;&gt;&lt;h3&gt;اعتماد الورشة&lt;/h3&gt;&lt;p&gt;مستند إلكتروني معتمد&lt;/p&gt;&lt;div class=&quot;seal&quot;&gt;ختم الورشة&lt;br&gt;{{SEAL_CODE}}&lt;/div&gt;&lt;/div&gt;&lt;/section&gt;&lt;footer class=&quot;foot&quot;&gt;&lt;span&gt;معرّف المستند: {{INVOICE_NO}}&lt;/span&gt;&lt;span&gt;تم الإصدار إلكترونيًا&lt;/span&gt;&lt;/footer&gt;&lt;/main&gt;' or '{{ITEMS_ROWS}}' in '&lt;meta charset=&quot;utf-8&quot;&gt;&lt;style&gt;\n@page{size:A4;margin:12mm}*{box-sizing:border-box}body{font-family:Tahoma,Arial,sans-serif;color:#172033;background:#fff;margin:0}.invoice{max-width:794px;margin:auto}.head{display:flex;justify-content:space-between;gap:18px;border-bottom:3px solid #175a9e;padding-bottom:16px}.brand h1{margin:0;color:#175a9e;font-size:25px}.muted{color:#64748b;font-size:12px}.doc{text-align:left}.doc b{display:block;font-size:18px}.grid{display:grid;grid-template-columns:1fr 1fr 1fr;gap:10px;margin:16px 0}.box{border:1px solid #d8e2ee;border-radius:8px;padding:12px}.box h3{margin:0 0 8px;color:#175a9e;font-size:14px}.box p{margin:4px 0;font-size:12px}table{width:100%;border-collapse:collapse;margin-top:12px}th{background:#175a9e;color:white;padding:9px;font-size:12px}td{border:1px solid #d8e2ee;padding:8px;font-size:12px}.total{display:flex;justify-content:flex-start;margin-top:14px}.total .box{min-width:250px}.grand{font-size:18px;font-weight:bold;color:#175a9e}.approvals{display:grid;grid-template-columns:1fr 1fr;gap:12px;margin-top:22px}.seal{border:2px solid #b91c1c;color:#b91c1c;border-radius:50%;width:90px;height:90px;display:grid;place-items:center;text-alig...&quot;invoice&quot;&gt;&lt;header class=&quot;head&quot;&gt;&lt;div class=&quot;brand&quot;&gt;&lt;h1&gt;{{WORKSHOP_NAME}}&lt;/h1&gt;&lt;div class=&quot;muted&quot;&gt;{{WORKSHOP_ADDRESS}} · {{WORKSHOP_PHONE}}&lt;/div&gt;&lt;div class=&quot;muted&quot;&gt;الرقم الضريبي: {{COMPANY_TAX}}&lt;/div&gt;&lt;/div&gt;&lt;div class=&quot;doc&quot;&gt;&lt;b&gt;فاتورة ضريبية&lt;/b&gt;&lt;div&gt;رقم: {{INVOICE_NO}}&lt;/div&gt;&lt;div&gt;{{DATE}}&lt;/div&gt;&lt;/div&gt;&lt;/header&gt;&lt;section class=&quot;grid&quot;&gt;&lt;div class=&quot;box&quot;&gt;&lt;h3&gt;بيانات العميل&lt;/h3&gt;&lt;p&gt;{{CUSTOMER_NAME}}&lt;/p&gt;&lt;p&gt;{{CUSTOMER_PHONE}}&lt;/p&gt;&lt;/div&gt;&lt;div class=&quot;box&quot;&gt;&lt;h3&gt;بيانات المركبة&lt;/h3&gt;&lt;p&gt;{{VEHICLE_INFO}}&lt;/p&gt;&lt;p&gt;اللوحة: {{PLATE_NO}}&lt;/p&gt;&lt;/div&gt;&lt;div class=&quot;box&quot;&gt;&lt;h3&gt;ملخص الفاتورة&lt;/h3&gt;&lt;p&gt;الإجمالي قبل الضريبة: {{SUBTOTAL}}&lt;/p&gt;&lt;p&gt;الضريبة: {{TAX}}&lt;/p&gt;&lt;p class=&quot;grand&quot;&gt;الإجمالي: {{TOTAL}}&lt;/p&gt;&lt;/div&gt;&lt;/section&gt;&lt;table&gt;&lt;thead&gt;&lt;tr&gt;&lt;th&gt;#&lt;/th&gt;&lt;th&gt;البيان&lt;/th&gt;&lt;th&gt;الكمية&lt;/th&gt;&lt;th&gt;سعر الوحدة&lt;/th&gt;&lt;th&gt;الإجمالي&lt;/th&gt;&lt;/tr&gt;&lt;/thead&gt;&lt;tbody&gt;&lt;/tbody&gt;&lt;/table&gt;&lt;section class=&quot;approvals&quot;&gt;&lt;div class=&quot;box&quot;&gt;&lt;h3&gt;اعتماد العميل&lt;/h3&gt;&lt;p&gt;توقيع إلكتروني&lt;/p&gt;&lt;div class=&quot;seal&quot;&gt;اعتماد العميل&lt;br&gt;{{SEAL_CODE}}&lt;/div&gt;&lt;/div&gt;&lt;div class=&quot;box&quot;&gt;&lt;h3&gt;اعتماد الورشة&lt;/h3&gt;&lt;p&gt;مستند إلكتروني معتمد&lt;/p&gt;&lt;div class=&quot;seal&quot;&gt;ختم الورشة&lt;br&gt;{{SEAL_CODE}}&lt;/div&gt;&lt;/div&gt;&lt;/section&gt;&lt;footer class=&quot;foot&quot;&gt;&lt;span&gt;معرّف المستند: {{INVOICE_NO}}&lt;/span&gt;&lt;span&gt;تم الإصدار إلكترونيًا&lt;/span&gt;&lt;/footer&gt;&lt;/main&gt;')">backend/tests/test_iter293_primary_invoice_template_contract.py:106: in test_use_primary_template_returns_invoice_html_contract
    assert "ITEMS_ROWS" in html or "{{ITEMS_ROWS}}" in html
E   assert ('ITEMS_ROWS' in '&lt;meta charset="utf-8"&gt;&lt;style&gt;\n@page{size:A4;margin:12mm}*{box-sizing:border-box}body{font-family:Tahoma,Arial,sans-serif;color:#172033;background:#fff;margin:0}.invoice{max-width:794px;margin:auto}.head{display:flex;justify-content:space-between;gap:18px;border-bottom:3px solid #175a9e;padding-bottom:16px}.brand h1{margin:0;color:#175a9e;font-size:25px}.muted{color:#64748b;font-size:12px}.doc{text-align:left}.doc b{display:block;font-size:18px}.grid{display:grid;grid-template-columns:1fr 1fr 1fr;gap:10px;margin:16px 0}.box{border:1px solid #d8e2ee;border-radius:8px;padding:12px}.box h3{margin:0 0 8px;color:#175a9e;font-size:14px}.box p{margin:4px 0;font-size:12px}table{width:100%;border-collapse:collapse;margin-top:12px}th{background:#175a9e;color:white;padding:9px;font-size:12px}td{border:1px solid #d8e2ee;padding:8px;font-size:12px}.total{display:flex;justify-content:flex-start;margin-top:14px}.total .box{min-width:250px}.grand{font-size:18px;font-weight:bold;color:#175a9e}.approvals{display:grid;grid-template-columns:1fr 1fr;gap:12px;margin-top:22px}.seal{border:2px solid #b91c1c;color:#b91c1c;border-radius:50%;width:90px;height:90px;display:grid;place-items:center;text-alig..."invoice"&gt;&lt;header class="head"&gt;&lt;div class="brand"&gt;&lt;h1&gt;{{WORKSHOP_NAME}}&lt;/h1&gt;&lt;div class="muted"&gt;{{WORKSHOP_ADDRESS}} · {{WORKSHOP_PHONE}}&lt;/div&gt;&lt;div class="muted"&gt;الرقم الضريبي: {{COMPANY_TAX}}&lt;/div&gt;&lt;/div&gt;&lt;div class="doc"&gt;&lt;b&gt;فاتورة ضريبية&lt;/b&gt;&lt;div&gt;رقم: {{INVOICE_NO}}&lt;/div&gt;&lt;div&gt;{{DATE}}&lt;/div&gt;&lt;/div&gt;&lt;/header&gt;&lt;section class="grid"&gt;&lt;div class="box"&gt;&lt;h3&gt;بيانات العميل&lt;/h3&gt;&lt;p&gt;{{CUSTOMER_NAME}}&lt;/p&gt;&lt;p&gt;{{CUSTOMER_PHONE}}&lt;/p&gt;&lt;/div&gt;&lt;div class="box"&gt;&lt;h3&gt;بيانات المركبة&lt;/h3&gt;&lt;p&gt;{{VEHICLE_INFO}}&lt;/p&gt;&lt;p&gt;اللوحة: {{PLATE_NO}}&lt;/p&gt;&lt;/div&gt;&lt;div class="box"&gt;&lt;h3&gt;ملخص الفاتورة&lt;/h3&gt;&lt;p&gt;الإجمالي قبل الضريبة: {{SUBTOTAL}}&lt;/p&gt;&lt;p&gt;الضريبة: {{TAX}}&lt;/p&gt;&lt;p class="grand"&gt;الإجمالي: {{TOTAL}}&lt;/p&gt;&lt;/div&gt;&lt;/section&gt;&lt;table&gt;&lt;thead&gt;&lt;tr&gt;&lt;th&gt;#&lt;/th&gt;&lt;th&gt;البيان&lt;/th&gt;&lt;th&gt;الكمية&lt;/th&gt;&lt;th&gt;سعر الوحدة&lt;/th&gt;&lt;th&gt;الإجمالي&lt;/th&gt;&lt;/tr&gt;&lt;/thead&gt;&lt;tbody&gt;&lt;/tbody&gt;&lt;/table&gt;&lt;section class="approvals"&gt;&lt;div class="box"&gt;&lt;h3&gt;اعتماد العميل&lt;/h3&gt;&lt;p&gt;توقيع إلكتروني&lt;/p&gt;&lt;div class="seal"&gt;اعتماد العميل&lt;br&gt;{{SEAL_CODE}}&lt;/div&gt;&lt;/div&gt;&lt;div class="box"&gt;&lt;h3&gt;اعتماد الورشة&lt;/h3&gt;&lt;p&gt;مستند إلكتروني معتمد&lt;/p&gt;&lt;div class="seal"&gt;ختم الورشة&lt;br&gt;{{SEAL_CODE}}&lt;/div&gt;&lt;/div&gt;&lt;/section&gt;&lt;footer class="foot"&gt;&lt;span&gt;معرّف المستند: {{INVOICE_NO}}&lt;/span&gt;&lt;span&gt;تم الإصدار إلكترونيًا&lt;/span&gt;&lt;/footer&gt;&lt;/main&gt;' or '{{ITEMS_ROWS}}' in '&lt;meta charset="utf-8"&gt;&lt;style&gt;\n@page{size:A4;margin:12mm}*{box-sizing:border-box}body{font-family:Tahoma,Arial,sans-serif;color:#172033;background:#fff;margin:0}.invoice{max-width:794px;margin:auto}.head{display:flex;justify-content:space-between;gap:18px;border-bottom:3px solid #175a9e;padding-bottom:16px}.brand h1{margin:0;color:#175a9e;font-size:25px}.muted{color:#64748b;font-size:12px}.doc{text-align:left}.doc b{display:block;font-size:18px}.grid{display:grid;grid-template-columns:1fr 1fr 1fr;gap:10px;margin:16px 0}.box{border:1px solid #d8e2ee;border-radius:8px;padding:12px}.box h3{margin:0 0 8px;color:#175a9e;font-size:14px}.box p{margin:4px 0;font-size:12px}table{width:100%;border-collapse:collapse;margin-top:12px}th{background:#175a9e;color:white;padding:9px;font-size:12px}td{border:1px solid #d8e2ee;padding:8px;font-size:12px}.total{display:flex;justify-content:flex-start;margin-top:14px}.total .box{min-width:250px}.grand{font-size:18px;font-weight:bold;color:#175a9e}.approvals{display:grid;grid-template-columns:1fr 1fr;gap:12px;margin-top:22px}.seal{border:2px solid #b91c1c;color:#b91c1c;border-radius:50%;width:90px;height:90px;display:grid;place-items:center;text-alig..."invoice"&gt;&lt;header class="head"&gt;&lt;div class="brand"&gt;&lt;h1&gt;{{WORKSHOP_NAME}}&lt;/h1&gt;&lt;div class="muted"&gt;{{WORKSHOP_ADDRESS}} · {{WORKSHOP_PHONE}}&lt;/div&gt;&lt;div class="muted"&gt;الرقم الضريبي: {{COMPANY_TAX}}&lt;/div&gt;&lt;/div&gt;&lt;div class="doc"&gt;&lt;b&gt;فاتورة ضريبية&lt;/b&gt;&lt;div&gt;رقم: {{INVOICE_NO}}&lt;/div&gt;&lt;div&gt;{{DATE}}&lt;/div&gt;&lt;/div&gt;&lt;/header&gt;&lt;section class="grid"&gt;&lt;div class="box"&gt;&lt;h3&gt;بيانات العميل&lt;/h3&gt;&lt;p&gt;{{CUSTOMER_NAME}}&lt;/p&gt;&lt;p&gt;{{CUSTOMER_PHONE}}&lt;/p&gt;&lt;/div&gt;&lt;div class="box"&gt;&lt;h3&gt;بيانات المركبة&lt;/h3&gt;&lt;p&gt;{{VEHICLE_INFO}}&lt;/p&gt;&lt;p&gt;اللوحة: {{PLATE_NO}}&lt;/p&gt;&lt;/div&gt;&lt;div class="box"&gt;&lt;h3&gt;ملخص الفاتورة&lt;/h3&gt;&lt;p&gt;الإجمالي قبل الضريبة: {{SUBTOTAL}}&lt;/p&gt;&lt;p&gt;الضريبة: {{TAX}}&lt;/p&gt;&lt;p class="grand"&gt;الإجمالي: {{TOTAL}}&lt;/p&gt;&lt;/div&gt;&lt;/section&gt;&lt;table&gt;&lt;thead&gt;&lt;tr&gt;&lt;th&gt;#&lt;/th&gt;&lt;th&gt;البيان&lt;/th&gt;&lt;th&gt;الكمية&lt;/th&gt;&lt;th&gt;سعر الوحدة&lt;/th&gt;&lt;th&gt;الإجمالي&lt;/th&gt;&lt;/tr&gt;&lt;/thead&gt;&lt;tbody&gt;&lt;/tbody&gt;&lt;/table&gt;&lt;section class="approvals"&gt;&lt;div class="box"&gt;&lt;h3&gt;اعتماد العميل&lt;/h3&gt;&lt;p&gt;توقيع إلكتروني&lt;/p&gt;&lt;div class="seal"&gt;اعتماد العميل&lt;br&gt;{{SEAL_CODE}}&lt;/div&gt;&lt;/div&gt;&lt;div class="box"&gt;&lt;h3&gt;اعتماد الورشة&lt;/h3&gt;&lt;p&gt;مستند إلكتروني معتمد&lt;/p&gt;&lt;div class="seal"&gt;ختم الورشة&lt;br&gt;{{SEAL_CODE}}&lt;/div&gt;&lt;/div&gt;&lt;/section&gt;&lt;footer class="foot"&gt;&lt;span&gt;معرّف المستند: {{INVOICE_NO}}&lt;/span&gt;&lt;span&gt;تم الإصدار إلكترونيًا&lt;/span&gt;&lt;/footer&gt;&lt;/main&gt;')</failure></testcase><testcase classname="backend.tests.test_iter293_primary_invoice_template_contract" name="test_rendered_html_no_raw_placeholders_and_has_electronic_seals" time="0.051" /></testsuite></testsuites>