<?xml version="1.0" encoding="utf-8"?><testsuites name="pytest tests"><testsuite name="pytest" errors="0" failures="0" skipped="0" tests="15" time="28.348" timestamp="2026-06-20T11:24:49.875614+00:00" hostname="agent-env-db6f33dc-58b1-4002-aaf8-d04af1a185f7"><testcase classname="backend.tests.test_reversal_iter241.TestAuthSanity" name="test_admin_login" time="0.598" /><testcase classname="backend.tests.test_reversal_iter241.TestAuthSanity" name="test_unknown_user_401" time="0.396" /><testcase classname="backend.tests.test_reversal_iter241.TestReversalFlow" name="test_01_create_expense" time="1.222" /><testcase classname="backend.tests.test_reversal_iter241.TestReversalFlow" name="test_02_reverse_returns_balanced_swapped" time="1.714" /><testcase classname="backend.tests.test_reversal_iter241.TestReversalFlow" name="test_03_reverse_idempotent" time="0.914" /><testcase classname="backend.tests.test_reversal_iter241.TestReversalFlow" name="test_04_reverse_no_jwt_403" time="0.103" /><testcase classname="backend.tests.test_reversal_iter241.TestReversalFlow" name="test_05_reverse_technician_403" time="1.949" /><testcase classname="backend.tests.test_reversal_iter241.TestReversalFlow" name="test_06_reverse_by_reference_id" time="3.790" /><testcase classname="backend.tests.test_reversal_iter241.TestImpersonationDefense" name="test_spoofed_role_header_no_jwt_403" time="0.119" /><testcase classname="backend.tests.test_reversal_iter241.TestBotTools" name="test_tools_list_21_readonly" time="0.096" /><testcase classname="backend.tests.test_reversal_iter241.TestBotTools" name="test_tool_firewall_health_score" time="1.233" /><testcase classname="backend.tests.test_reversal_iter241.TestBotTools" name="test_tool_finance_ar_summary" time="1.782" /><testcase classname="backend.tests.test_reversal_iter241.TestBotTools" name="test_tool_accounting_journal_entries" time="0.800" /><testcase classname="backend.tests.test_reversal_iter241.TestBotChat" name="test_chat_ar_summary_question" time="8.344" /><testcase classname="backend.tests.test_reversal_iter241.TestBotChat" name="test_chat_journal_entries_question" time="5.197" /></testsuite></testsuites>