<?xml version="1.0" encoding="utf-8"?><testsuites name="pytest tests"><testsuite name="pytest" errors="0" failures="0" skipped="1" tests="2" time="29.916" timestamp="2026-07-03T00:01:01.733489+00:00" hostname="agent-env-6fb22532-9684-4c10-a8f4-3be21d7ec5a4"><testcase classname="tests.test_iter249_memory_daily" name="test_no_duplicate_daily_summary_admin" time="18.940" /><testcase classname="tests.test_iter249_memory_daily" name="test_daily_summary_faraj_role_no_revenue" time="10.912"><skipped type="pytest.skip" message="فرج1 already consumed today's summary — no positive assertion possible">/app/backend/tests/test_iter249_memory_daily.py:199: فرج1 already consumed today's summary — no positive assertion possible</skipped></testcase></testsuite></testsuites>