<?xml version="1.0" encoding="utf-8"?><testsuites name="pytest tests"><testsuite name="pytest" errors="0" failures="0" skipped="0" tests="17" time="40.133" timestamp="2026-07-02T09:40:26.626552+00:00" hostname="agent-env-6fb22532-9684-4c10-a8f4-3be21d7ec5a4"><testcase classname="test_security_auth_guard_iter246.TestNoAuthReturns401" name="test_get_without_auth_is_401[/users]" time="0.321" /><testcase classname="test_security_auth_guard_iter246.TestNoAuthReturns401" name="test_get_without_auth_is_401[/customers]" time="0.134" /><testcase classname="test_security_auth_guard_iter246.TestNoAuthReturns401" name="test_get_without_auth_is_401[/vehicles]" time="0.127" /><testcase classname="test_security_auth_guard_iter246.TestNoAuthReturns401" name="test_get_without_auth_is_401[/finance/alerts?workshop_id=finmodule-sync]" time="0.128" /><testcase classname="test_security_auth_guard_iter246.TestNoAuthReturns401" name="test_get_without_auth_is_401[/runtime/approvals]" time="0.174" /><testcase classname="test_security_auth_guard_iter246.TestNoAuthReturns401" name="test_post_without_auth_is_401[/operations/integrity/fix-all-body0]" time="0.172" /><testcase classname="test_security_auth_guard_iter246.TestNoAuthReturns401" name="test_post_without_auth_is_401[/assistant/chat-body1]" time="0.168" /><testcase classname="test_security_auth_guard_iter246.TestPublicWhitelist" name="test_health_no_auth" time="0.138" /><testcase classname="test_security_auth_guard_iter246.TestPublicWhitelist" name="test_login_no_auth_sets_cookies" time="0.752" /><testcase classname="test_security_auth_guard_iter246.TestPublicWhitelist" name="test_refresh_with_login_cookie" time="0.827" /><testcase classname="test_security_auth_guard_iter246.TestPublicWhitelist" name="test_approvals_public_fake_token_not_401" time="0.547" /><testcase classname="test_security_auth_guard_iter246.TestWithBearerReturns200" name="test_users_with_bearer" time="0.883" /><testcase classname="test_security_auth_guard_iter246.TestWithBearerReturns200" name="test_customers_with_bearer" time="2.674" /><testcase classname="test_security_auth_guard_iter246.TestWithBearerReturns200" name="test_finance_alerts_with_bearer" time="1.703" /><testcase classname="test_security_auth_guard_iter246.TestKatrinaReadOnly" name="test_read_only_arabic_answer" time="9.204" /><testcase classname="test_security_auth_guard_iter246.TestKatrinaSearch" name="test_search_customer_readonly" time="7.975" /><testcase classname="test_security_auth_guard_iter246.TestFourEyesTESTQA" name="test_full_cycle" time="14.145" /></testsuite></testsuites>