<?xml version="1.0" encoding="utf-8"?><testsuites name="pytest tests"><testsuite name="pytest" errors="0" failures="0" skipped="0" tests="11" time="17.101" timestamp="2026-07-01T23:43:20.139307+00:00" hostname="agent-env-6fb22532-9684-4c10-a8f4-3be21d7ec5a4"><testcase classname="backend.tests.test_katrina_four_eyes_iter245.TestFinancialControlMount" name="test_findings_summary" time="0.709" /><testcase classname="backend.tests.test_katrina_four_eyes_iter245.TestFinancialControlMount" name="test_approvals_stats" time="0.069" /><testcase classname="backend.tests.test_katrina_four_eyes_iter245.TestAliasRBAC" name="test_alias_approve_without_auth_denied" time="0.134" /><testcase classname="backend.tests.test_katrina_four_eyes_iter245.TestAliasRBAC" name="test_alias_commit_without_auth_denied" time="0.213" /><testcase classname="backend.tests.test_katrina_four_eyes_iter245.TestAliasRBAC" name="test_alias_rollback_without_auth_denied" time="0.138" /><testcase classname="backend.tests.test_katrina_four_eyes_iter245.TestFourEyesCycle" name="test_01_chat_propose_and_confirm" time="12.497" /><testcase classname="backend.tests.test_katrina_four_eyes_iter245.TestFourEyesCycle" name="test_02_list_approvals_shows_proposer_admin" time="0.075" /><testcase classname="backend.tests.test_katrina_four_eyes_iter245.TestFourEyesCycle" name="test_03_four_eyes_self_approve_blocked" time="0.359" /><testcase classname="backend.tests.test_katrina_four_eyes_iter245.TestFourEyesCycle" name="test_04_second_approver_commits" time="1.898" /><testcase classname="backend.tests.test_katrina_four_eyes_iter245.TestFinanceRegression" name="test_alerts_health_100" time="0.072" /><testcase classname="backend.tests.test_katrina_four_eyes_iter245.TestFinanceRegression" name="test_trial_balance_balanced" time="0.855" /></testsuite></testsuites>