<?xml version="1.0" encoding="utf-8"?><testsuites name="pytest tests"><testsuite name="pytest" errors="0" failures="0" skipped="0" tests="10" time="31.596" timestamp="2026-07-01T21:34:49.142730+00:00" hostname="agent-env-db6f33dc-58b1-4002-aaf8-d04af1a185f7"><testcase classname="backend.tests.test_bot_governance_phase_c_iter243.TestFinanceFirewallUnification" name="test_finance_alerts_source_is_firewall_engine" time="2.817" /><testcase classname="backend.tests.test_bot_governance_phase_c_iter243.TestFinanceFirewallUnification" name="test_finance_alerts_equals_firewall_dashboard" time="0.266" /><testcase classname="backend.tests.test_bot_governance_phase_c_iter243.TestFirewallProfitability" name="test_breakdown_has_profitability_key" time="0.136" /><testcase classname="backend.tests.test_bot_governance_phase_c_iter243.TestBotGovernancePhaseC" name="test_supplier_awaiting_confirm_then_commit" time="5.509" /><testcase classname="backend.tests.test_bot_governance_phase_c_iter243.TestBotGovernancePhaseC" name="test_customer_cancel_flow" time="3.944" /><testcase classname="backend.tests.test_bot_governance_phase_c_iter243.TestBotGovernancePhaseC" name="test_no_name_guard_supplier" time="1.735" /><testcase classname="backend.tests.test_bot_governance_phase_c_iter243.TestBotGovernancePhaseC" name="test_no_name_guard_customer" time="2.345" /><testcase classname="backend.tests.test_bot_governance_phase_c_iter243.TestFourEyesUnchanged" name="test_expense_still_pending_approval" time="1.490" /><testcase classname="backend.tests.test_bot_governance_phase_c_iter243.TestBotReadConsistency" name="test_bot_reports_same_alerts_count" time="12.746" /><testcase classname="backend.tests.test_bot_governance_phase_c_iter243.TestPowerMode" name="test_power_diagnose_extracts_amount_not_phone" time="0.512" /></testsuite></testsuites>