<?xml version="1.0" encoding="utf-8"?><testsuites name="pytest tests"><testsuite name="pytest" errors="0" failures="0" skipped="0" tests="3" time="34.846" timestamp="2026-08-19T21:44:49.655273+00:00" hostname="agent-env-a5184c39-1b3e-4141-a0af-88aef8bd0416"><testcase classname="backend.tests.test_ar_ssot" name="test_ar_readers_identity" time="25.888" /><testcase classname="backend.tests.test_ar_ssot" name="test_katrina_tool_ar_summary" time="8.861" /><testcase classname="backend.tests.test_ar_ssot" name="test_no_stored_balance_leak" time="0.002" /></testsuite></testsuites>