<?xml version="1.0" encoding="utf-8"?><testsuites name="pytest tests"><testsuite name="pytest" errors="0" failures="2" skipped="0" tests="5" time="20.327" timestamp="2026-08-17T20:15:05.751838+00:00" hostname="agent-env-a5184c39-1b3e-4141-a0af-88aef8bd0416"><testcase classname="backend.tests.test_reversal_and_kpi.TestReversal" name="test_delete_creates_reversal" time="3.364"><failure message="AssertionError: {'error': &quot;reverse_entry() got an unexpected keyword argument 'workshop_id'&quot;, 'message': 'فشل في حذف القيد المحاسبي', 'success': False}&#10;assert False is True&#10; +  where False = &lt;built-in method get of dict object at 0xfb2681465100&gt;('success')&#10; +    where &lt;built-in method get of dict object at 0xfb2681465100&gt; = {'error': &quot;reverse_entry() got an unexpected keyword argument 'workshop_id'&quot;, 'message': 'فشل في حذف القيد المحاسبي', 'success': False}.get">backend/tests/test_reversal_and_kpi.py:60: in test_delete_creates_reversal
    assert body.get("success") is True, body
E   AssertionError: {'error': "reverse_entry() got an unexpected keyword argument 'workshop_id'", 'message': 'فشل في حذف القيد المحاسبي', 'success': False}
E   assert False is True
E    +  where False = &lt;built-in method get of dict object at 0xfb2681465100&gt;('success')
E    +    where &lt;built-in method get of dict object at 0xfb2681465100&gt; = {'error': "reverse_entry() got an unexpected keyword argument 'workshop_id'", 'message': 'فشل في حذف القيد المحاسبي', 'success': False}.get</failure></testcase><testcase classname="backend.tests.test_reversal_and_kpi.TestReversal" name="test_original_still_exists" time="0.405" /><testcase classname="backend.tests.test_reversal_and_kpi.TestReversal" name="test_delete_is_idempotent" time="0.367"><failure message="AssertionError: {'error': &quot;reverse_entry() got an unexpected keyword argument 'workshop_id'&quot;, 'message': 'فشل في حذف القيد المحاسبي', 'success': False}&#10;assert False is True&#10; +  where False = &lt;built-in method get of dict object at 0xfb26814da880&gt;('success')&#10; +    where &lt;built-in method get of dict object at 0xfb26814da880&gt; = {'error': &quot;reverse_entry() got an unexpected keyword argument 'workshop_id'&quot;, 'message': 'فشل في حذف القيد المحاسبي', 'success': False}.get">backend/tests/test_reversal_and_kpi.py:81: in test_delete_is_idempotent
    assert body.get("success") is True, body
E   AssertionError: {'error': "reverse_entry() got an unexpected keyword argument 'workshop_id'", 'message': 'فشل في حذف القيد المحاسبي', 'success': False}
E   assert False is True
E    +  where False = &lt;built-in method get of dict object at 0xfb26814da880&gt;('success')
E    +    where &lt;built-in method get of dict object at 0xfb26814da880&gt; = {'error': "reverse_entry() got an unexpected keyword argument 'workshop_id'", 'message': 'فشل في حذف القيد المحاسبي', 'success': False}.get</failure></testcase><testcase classname="backend.tests.test_reversal_and_kpi.TestKPIPeriodFiltering" name="test_ranges_differ" time="9.443" /><testcase classname="backend.tests.test_reversal_and_kpi.TestKPIPeriodFiltering" name="test_far_future_end_date_accepted" time="6.643" /></testsuite></testsuites>